{"numFailedTestSuites":0,"numFailedTests":0,"numPassedTestSuites":3,"numPassedTests":193,"numPendingTestSuites":0,"numPendingTests":0,"numRuntimeErrorTestSuites":0,"numTodoTests":0,"numTotalTestSuites":3,"numTotalTests":193,"openHandles":[],"snapshot":{"added":0,"didUpdate":false,"failure":false,"filesAdded":0,"filesRemoved":0,"filesRemovedList":[],"filesUnmatched":0,"filesUpdated":0,"matched":0,"total":0,"unchecked":0,"uncheckedKeysByFile":[],"unmatched":0,"updated":0},"startTime":1789958956095,"success":true,"testResults":[{"assertionResults":[{"ancestorTitles":["BaseClient"],"duration":6,"failing":false,"failureDetails":[],"failureMessages":[],"fullName":"BaseClient persists only the host-authored external event display projection on the user turn","invocations":1,"location":null,"numPassingAsserts":1,"retryReasons":[],"startAt":1789958958646,"status":"passed","title":"persists only the host-authored external event display projection on the user turn"},{"ancestorTitles":["BaseClient"],"duration":1,"failing":false,"failureDetails":[],"failureMessages":[],"fullName":"BaseClient returns the input messages without instructions when addInstructions() is called with empty instructions","invocations":1,"location":null,"numPassingAsserts":1,"retryReasons":[],"startAt":1789958958652,"status":"passed","title":"returns the input messages without instructions when addInstructions() is called with empty instructions"},{"ancestorTitles":["BaseClient"],"duration":1,"failing":false,"failureDetails":[],"failureMessages":[],"fullName":"BaseClient returns the input messages with instructions properly added when addInstructions() is called with non-empty instructions","invocations":1,"location":null,"numPassingAsserts":1,"retryReasons":[],"startAt":1789958958653,"status":"passed","title":"returns the input messages with instructions properly added when addInstructions() is called with non-empty instructions"},{"ancestorTitles":["BaseClient"],"duration":0,"failing":false,"failureDetails":[],"failureMessages":[],"fullName":"BaseClient returns the input messages with instructions properly added when addInstructions() with legacy flag","invocations":1,"location":null,"numPassingAsserts":1,"retryReasons":[],"startAt":1789958958654,"status":"passed","title":"returns the input messages with instructions properly added when addInstructions() with legacy flag"},{"ancestorTitles":["BaseClient"],"duration":1,"failing":false,"failureDetails":[],"failureMessages":[],"fullName":"BaseClient concats messages correctly in concatenateMessages()","invocations":1,"location":null,"numPassingAsserts":1,"retryReasons":[],"startAt":1789958958654,"status":"passed","title":"concats messages correctly in concatenateMessages()"},{"ancestorTitles":["BaseClient"],"duration":0,"failing":false,"failureDetails":[],"failureMessages":[],"fullName":"BaseClient refines messages correctly in summarizeMessages()","invocations":1,"location":null,"numPassingAsserts":1,"retryReasons":[],"startAt":1789958958655,"status":"passed","title":"refines messages correctly in summarizeMessages()"},{"ancestorTitles":["BaseClient"],"duration":1,"failing":false,"failureDetails":[],"failureMessages":[],"fullName":"BaseClient gets messages within token limit (under limit) correctly in getMessagesWithinTokenLimit()","invocations":1,"location":null,"numPassingAsserts":4,"retryReasons":[],"startAt":1789958958655,"status":"passed","title":"gets messages within token limit (under limit) correctly in getMessagesWithinTokenLimit()"},{"ancestorTitles":["BaseClient"],"duration":1,"failing":false,"failureDetails":[],"failureMessages":[],"fullName":"BaseClient gets result over token limit correctly in getMessagesWithinTokenLimit()","invocations":1,"location":null,"numPassingAsserts":4,"retryReasons":[],"startAt":1789958958656,"status":"passed","title":"gets result over token limit correctly in getMessagesWithinTokenLimit()"},{"ancestorTitles":["BaseClient","loadHistory"],"duration":1,"failing":false,"failureDetails":[],"failureMessages":[],"fullName":"BaseClient loadHistory skips the database when the parent is the root sentinel: no message can match it","invocations":1,"location":null,"numPassingAsserts":2,"retryReasons":[],"startAt":1789958958657,"status":"passed","title":"skips the database when the parent is the root sentinel: no message can match it"},{"ancestorTitles":["BaseClient","loadHistory"],"duration":1,"failing":false,"failureDetails":[],"failureMessages":[],"fullName":"BaseClient loadHistory still loads and walks the chain for a real parent","invocations":1,"location":null,"numPassingAsserts":2,"retryReasons":[],"startAt":1789958958658,"status":"passed","title":"still loads and walks the chain for a real parent"},{"ancestorTitles":["BaseClient","loadHistory"],"duration":0,"failing":false,"failureDetails":[],"failureMessages":[],"fullName":"BaseClient loadHistory prunes pre-summary history before hydrating attachments","invocations":1,"location":null,"numPassingAsserts":2,"retryReasons":[],"startAt":1789958958659,"status":"passed","title":"prunes pre-summary history before hydrating attachments"},{"ancestorTitles":["BaseClient","getMessagesForConversation"],"duration":1,"failing":false,"failureDetails":[],"failureMessages":[],"fullName":"BaseClient getMessagesForConversation should return an empty array if the parentMessageId does not exist","invocations":1,"location":null,"numPassingAsserts":1,"retryReasons":[],"startAt":1789958958659,"status":"passed","title":"should return an empty array if the parentMessageId does not exist"},{"ancestorTitles":["BaseClient","getMessagesForConversation"],"duration":0,"failing":false,"failureDetails":[],"failureMessages":[],"fullName":"BaseClient getMessagesForConversation should handle messages with messageId property","invocations":1,"location":null,"numPassingAsserts":1,"retryReasons":[],"startAt":1789958958660,"status":"passed","title":"should handle messages with messageId property"},{"ancestorTitles":["BaseClient","getMessagesForConversation"],"duration":1,"failing":false,"failureDetails":[],"failureMessages":[],"fullName":"BaseClient getMessagesForConversation should handle messages with null parentMessageId that are not root","invocations":1,"location":null,"numPassingAsserts":1,"retryReasons":[],"startAt":1789958958660,"status":"passed","title":"should handle messages with null parentMessageId that are not root"},{"ancestorTitles":["BaseClient","getMessagesForConversation"],"duration":0,"failing":false,"failureDetails":[],"failureMessages":[],"fullName":"BaseClient getMessagesForConversation should handle cyclic references without going into an infinite loop","invocations":1,"location":null,"numPassingAsserts":1,"retryReasons":[],"startAt":1789958958661,"status":"passed","title":"should handle cyclic references without going into an infinite loop"},{"ancestorTitles":["BaseClient","getMessagesForConversation"],"duration":1,"failing":false,"failureDetails":[],"failureMessages":[],"fullName":"BaseClient getMessagesForConversation should return ordered messages based on parentMessageId","invocations":1,"location":null,"numPassingAsserts":1,"retryReasons":[],"startAt":1789958958661,"status":"passed","title":"should return ordered messages based on parentMessageId"},{"ancestorTitles":["BaseClient","getMessagesForConversation"],"duration":0,"failing":false,"failureDetails":[],"failureMessages":[],"fullName":"BaseClient getMessagesForConversation should return ordered messages from a branched array based on parentMessageId","invocations":1,"location":null,"numPassingAsserts":1,"retryReasons":[],"startAt":1789958958662,"status":"passed","title":"should return ordered messages from a branched array based on parentMessageId"},{"ancestorTitles":["BaseClient","getMessagesForConversation"],"duration":0,"failing":false,"failureDetails":[],"failureMessages":[],"fullName":"BaseClient getMessagesForConversation should return an empty array if no messages are provided","invocations":1,"location":null,"numPassingAsserts":1,"retryReasons":[],"startAt":1789958958662,"status":"passed","title":"should return an empty array if no messages are provided"},{"ancestorTitles":["BaseClient","getMessagesForConversation"],"duration":1,"failing":false,"failureDetails":[],"failureMessages":[],"fullName":"BaseClient getMessagesForConversation should map over the ordered messages if mapMethod is provided","invocations":1,"location":null,"numPassingAsserts":1,"retryReasons":[],"startAt":1789958958662,"status":"passed","title":"should map over the ordered messages if mapMethod is provided"},{"ancestorTitles":["BaseClient","getMessagesForConversation"],"duration":0,"failing":false,"failureDetails":[],"failureMessages":[],"fullName":"BaseClient getMessagesForConversation should start with the message that has a summary property and continue until the specified parentMessageId","invocations":1,"location":null,"numPassingAsserts":1,"retryReasons":[],"startAt":1789958958663,"status":"passed","title":"should start with the message that has a summary property and continue until the specified parentMessageId"},{"ancestorTitles":["BaseClient","getMessagesForConversation"],"duration":1,"failing":false,"failureDetails":[],"failureMessages":[],"fullName":"BaseClient getMessagesForConversation should handle multiple summaries and return the branch from the latest to the parentMessageId","invocations":1,"location":null,"numPassingAsserts":1,"retryReasons":[],"startAt":1789958958663,"status":"passed","title":"should handle multiple summaries and return the branch from the latest to the parentMessageId"},{"ancestorTitles":["BaseClient","getMessagesForConversation"],"duration":0,"failing":false,"failureDetails":[],"failureMessages":[],"fullName":"BaseClient getMessagesForConversation should handle summary at root edge case and continue until the parentMessageId","invocations":1,"location":null,"numPassingAsserts":1,"retryReasons":[],"startAt":1789958958664,"status":"passed","title":"should handle summary at root edge case and continue until the parentMessageId"},{"ancestorTitles":["BaseClient","getMessagesForConversation"],"duration":1,"failing":false,"failureDetails":[],"failureMessages":[],"fullName":"BaseClient getMessagesForConversation should detect summary content block and use it over legacy fields (summary mode)","invocations":1,"location":null,"numPassingAsserts":4,"retryReasons":[],"startAt":1789958958664,"status":"passed","title":"should detect summary content block and use it over legacy fields (summary mode)"},{"ancestorTitles":["BaseClient","getMessagesForConversation"],"duration":0,"failing":false,"failureDetails":[],"failureMessages":[],"fullName":"BaseClient getMessagesForConversation should prefer content block summary over legacy summary field","invocations":1,"location":null,"numPassingAsserts":3,"retryReasons":[],"startAt":1789958958665,"status":"passed","title":"should prefer content block summary over legacy summary field"},{"ancestorTitles":["BaseClient","getMessagesForConversation"],"duration":1,"failing":false,"failureDetails":[],"failureMessages":[],"fullName":"BaseClient getMessagesForConversation should fallback to legacy summary when no content block exists","invocations":1,"location":null,"numPassingAsserts":3,"retryReasons":[],"startAt":1789958958665,"status":"passed","title":"should fallback to legacy summary when no content block exists"},{"ancestorTitles":["BaseClient","getMessagesForConversation"],"duration":0,"failing":false,"failureDetails":[],"failureMessages":[],"fullName":"BaseClient getMessagesForConversation should not stop traversal at a failed summary, keeping the prior history","invocations":1,"location":null,"numPassingAsserts":2,"retryReasons":[],"startAt":1789958958666,"status":"passed","title":"should not stop traversal at a failed summary, keeping the prior history"},{"ancestorTitles":["BaseClient","sendMessage"],"duration":2,"failing":false,"failureDetails":[],"failureMessages":[],"fullName":"BaseClient sendMessage sendMessage should return a response message","invocations":1,"location":null,"numPassingAsserts":1,"retryReasons":[],"startAt":1789958958666,"status":"passed","title":"sendMessage should return a response message"},{"ancestorTitles":["BaseClient","sendMessage"],"duration":2,"failing":false,"failureDetails":[],"failureMessages":[],"fullName":"BaseClient sendMessage persists exact provenance paths for edited and steered assistant content","invocations":1,"location":null,"numPassingAsserts":5,"retryReasons":[],"startAt":1789958958668,"status":"passed","title":"persists exact provenance paths for edited and steered assistant content"},{"ancestorTitles":["BaseClient","sendMessage"],"duration":1,"failing":false,"failureDetails":[],"failureMessages":[],"fullName":"BaseClient sendMessage should replace responseMessageId with new UUID when isRegenerate is true and messageId ends with underscore","invocations":1,"location":null,"numPassingAsserts":2,"retryReasons":[],"startAt":1789958958670,"status":"passed","title":"should replace responseMessageId with new UUID when isRegenerate is true and messageId ends with underscore"},{"ancestorTitles":["BaseClient","sendMessage"],"duration":0,"failing":false,"failureDetails":[],"failureMessages":[],"fullName":"BaseClient sendMessage should not replace responseMessageId when isRegenerate is false","invocations":1,"location":null,"numPassingAsserts":1,"retryReasons":[],"startAt":1789958958671,"status":"passed","title":"should not replace responseMessageId when isRegenerate is false"},{"ancestorTitles":["BaseClient","sendMessage"],"duration":0,"failing":false,"failureDetails":[],"failureMessages":[],"fullName":"BaseClient sendMessage should not replace responseMessageId when it does not end with underscore","invocations":1,"location":null,"numPassingAsserts":1,"retryReasons":[],"startAt":1789958958671,"status":"passed","title":"should not replace responseMessageId when it does not end with underscore"},{"ancestorTitles":["BaseClient","sendMessage"],"duration":1,"failing":false,"failureDetails":[],"failureMessages":[],"fullName":"BaseClient sendMessage sendMessage should work with provided conversationId and parentMessageId","invocations":1,"location":null,"numPassingAsserts":6,"retryReasons":[],"startAt":1789958958671,"status":"passed","title":"sendMessage should work with provided conversationId and parentMessageId"},{"ancestorTitles":["BaseClient","sendMessage"],"duration":0,"failing":false,"failureDetails":[],"failureMessages":[],"fullName":"BaseClient sendMessage runs the restored-history guard before building model input","invocations":1,"location":null,"numPassingAsserts":4,"retryReasons":[],"startAt":1789958958672,"status":"passed","title":"runs the restored-history guard before building model input"},{"ancestorTitles":["BaseClient","sendMessage"],"duration":1,"failing":false,"failureDetails":[],"failureMessages":[],"fullName":"BaseClient sendMessage cancels a deferred user-message write when the model boundary rejects content","invocations":1,"location":null,"numPassingAsserts":4,"retryReasons":[],"startAt":1789958958672,"status":"passed","title":"cancels a deferred user-message write when the model boundary rejects content"},{"ancestorTitles":["BaseClient","sendMessage"],"duration":1,"failing":false,"failureDetails":[],"failureMessages":[],"fullName":"BaseClient sendMessage starts a deferred user-message write after a safe no-model completion","invocations":1,"location":null,"numPassingAsserts":2,"retryReasons":[],"startAt":1789958958673,"status":"passed","title":"starts a deferred user-message write after a safe no-model completion"},{"ancestorTitles":["BaseClient","sendMessage","seeding the conversation for a deferred user message"],"duration":9,"failing":false,"failureDetails":[],"failureMessages":[],"fullName":"BaseClient sendMessage seeding the conversation for a deferred user message creates a new conversation row while the message itself waits for admission","invocations":1,"location":null,"numPassingAsserts":7,"retryReasons":[],"startAt":1789958958674,"status":"passed","title":"creates a new conversation row while the message itself waits for admission"},{"ancestorTitles":["BaseClient","sendMessage","seeding the conversation for a deferred user message"],"duration":1,"failing":false,"failureDetails":[],"failureMessages":[],"fullName":"BaseClient sendMessage seeding the conversation for a deferred user message leaves an existing conversation to the deferred message write","invocations":1,"location":null,"numPassingAsserts":3,"retryReasons":[],"startAt":1789958958683,"status":"passed","title":"leaves an existing conversation to the deferred message write"},{"ancestorTitles":["BaseClient","sendMessage","seeding the conversation for a deferred user message"],"duration":1,"failing":false,"failureDetails":[],"failureMessages":[],"fullName":"BaseClient sendMessage seeding the conversation for a deferred user message holds the deferred message write until an in-flight seed lands","invocations":1,"location":null,"numPassingAsserts":3,"retryReasons":[],"startAt":1789958958684,"status":"passed","title":"holds the deferred message write until an in-flight seed lands"},{"ancestorTitles":["BaseClient","sendMessage","seeding the conversation for a deferred user message"],"duration":1,"failing":false,"failureDetails":[],"failureMessages":[],"fullName":"BaseClient sendMessage seeding the conversation for a deferred user message keeps the deferral cancellable after seeding when the model boundary rejects content","invocations":1,"location":null,"numPassingAsserts":3,"retryReasons":[],"startAt":1789958958685,"status":"passed","title":"keeps the deferral cancellable after seeding when the model boundary rejects content"},{"ancestorTitles":["BaseClient","sendMessage","seeding the conversation for a deferred user message"],"duration":1,"failing":false,"failureDetails":[],"failureMessages":[],"fullName":"BaseClient sendMessage seeding the conversation for a deferred user message does not seed when the client holds back every write","invocations":1,"location":null,"numPassingAsserts":2,"retryReasons":[],"startAt":1789958958686,"status":"passed","title":"does not seed when the client holds back every write"},{"ancestorTitles":["BaseClient","sendMessage"],"duration":1,"failing":false,"failureDetails":[],"failureMessages":[],"fullName":"BaseClient sendMessage preserves eager user-message persistence for non-policy provider failures","invocations":1,"location":null,"numPassingAsserts":2,"retryReasons":[],"startAt":1789958958687,"status":"passed","title":"preserves eager user-message persistence for non-policy provider failures"},{"ancestorTitles":["BaseClient","sendMessage"],"duration":0,"failing":false,"failureDetails":[],"failureMessages":[],"fullName":"BaseClient sendMessage starts a deferred user-message write when Stop aborts an in-flight completion","invocations":1,"location":null,"numPassingAsserts":2,"retryReasons":[],"startAt":1789958958688,"status":"passed","title":"starts a deferred user-message write when Stop aborts an in-flight completion"},{"ancestorTitles":["BaseClient","sendMessage"],"duration":1,"failing":false,"failureDetails":[],"failureMessages":[],"fullName":"BaseClient sendMessage keeps an abort-started write when a late policy error loses the settlement race","invocations":1,"location":null,"numPassingAsserts":2,"retryReasons":[],"startAt":1789958958688,"status":"passed","title":"keeps an abort-started write when a late policy error loses the settlement race"},{"ancestorTitles":["BaseClient","sendMessage"],"duration":7,"failing":false,"failureDetails":[],"failureMessages":[],"fullName":"BaseClient sendMessage blocks persisted user text selected by the built model payload","invocations":1,"location":null,"numPassingAsserts":4,"retryReasons":[],"startAt":1789958958689,"status":"passed","title":"blocks persisted user text selected by the built model payload"},{"ancestorTitles":["BaseClient","sendMessage"],"duration":2,"failing":false,"failureDetails":[],"failureMessages":[],"fullName":"BaseClient sendMessage allows persisted user text that the built model payload prunes out","invocations":1,"location":null,"numPassingAsserts":3,"retryReasons":[],"startAt":1789958958696,"status":"passed","title":"allows persisted user text that the built model payload prunes out"},{"ancestorTitles":["BaseClient","sendMessage"],"duration":4,"failing":false,"failureDetails":[],"failureMessages":[],"fullName":"BaseClient sendMessage blocks historical tool arguments without classifying assistant prose as user input","invocations":1,"location":null,"numPassingAsserts":6,"retryReasons":[],"startAt":1789958958698,"status":"passed","title":"blocks historical tool arguments without classifying assistant prose as user input"},{"ancestorTitles":["BaseClient","sendMessage"],"duration":2,"failing":false,"failureDetails":[],"failureMessages":[],"fullName":"BaseClient sendMessage resolves and inspects owner-scoped historical files before building messages","invocations":1,"location":null,"numPassingAsserts":3,"retryReasons":[],"startAt":1789958958702,"status":"passed","title":"resolves and inspects owner-scoped historical files before building messages"},{"ancestorTitles":["BaseClient","sendMessage"],"duration":1,"failing":false,"failureDetails":[],"failureMessages":[],"fullName":"BaseClient sendMessage keeps the turn view of historical files that projection and steer replay read","invocations":1,"location":null,"numPassingAsserts":2,"retryReasons":[],"startAt":1789958958704,"status":"passed","title":"keeps the turn view of historical files that projection and steer replay read"},{"ancestorTitles":["BaseClient","sendMessage"],"duration":1,"failing":false,"failureDetails":[],"failureMessages":[],"fullName":"BaseClient sendMessage does not block a missing historical file omitted from the final payload","invocations":1,"location":null,"numPassingAsserts":3,"retryReasons":[],"startAt":1789958958705,"status":"passed","title":"does not block a missing historical file omitted from the final payload"},{"ancestorTitles":["BaseClient","sendMessage"],"duration":1,"failing":false,"failureDetails":[],"failureMessages":[],"fullName":"BaseClient sendMessage surfaces historical file lookup failures instead of silently dropping context","invocations":1,"location":null,"numPassingAsserts":3,"retryReasons":[],"startAt":1789958958706,"status":"passed","title":"surfaces historical file lookup failures instead of silently dropping context"},{"ancestorTitles":["BaseClient","sendMessage"],"duration":1,"failing":false,"failureDetails":[],"failureMessages":[],"fullName":"BaseClient sendMessage ignores historical file refs when the endpoint does not resend files","invocations":1,"location":null,"numPassingAsserts":6,"retryReasons":[],"startAt":1789958958707,"status":"passed","title":"ignores historical file refs when the endpoint does not resend files"},{"ancestorTitles":["BaseClient","sendMessage"],"duration":2,"failing":false,"failureDetails":[],"failureMessages":[],"fullName":"BaseClient sendMessage keeps a materialized current attachment inspectable when historical replay is disabled","invocations":1,"location":null,"numPassingAsserts":1,"retryReasons":[],"startAt":1789958958708,"status":"passed","title":"keeps a materialized current attachment inspectable when historical replay is disabled"},{"ancestorTitles":["BaseClient","sendMessage"],"duration":1,"failing":false,"failureDetails":[],"failureMessages":[],"fullName":"BaseClient sendMessage should return chat history","invocations":1,"location":null,"numPassingAsserts":4,"retryReasons":[],"startAt":1789958958710,"status":"passed","title":"should return chat history"},{"ancestorTitles":["BaseClient","sendMessage"],"duration":0,"failing":false,"failureDetails":[],"failureMessages":[],"fullName":"BaseClient sendMessage loadHistory should scope database reads to the current user","invocations":1,"location":null,"numPassingAsserts":3,"retryReasons":[],"startAt":1789958958711,"status":"passed","title":"loadHistory should scope database reads to the current user"},{"ancestorTitles":["BaseClient","sendMessage"],"duration":1,"failing":false,"failureDetails":[],"failureMessages":[],"fullName":"BaseClient sendMessage should not push userMessage to currentMessages when isEdited is true and vice versa","invocations":1,"location":null,"numPassingAsserts":2,"retryReasons":[],"startAt":1789958958711,"status":"passed","title":"should not push userMessage to currentMessages when isEdited is true and vice versa"},{"ancestorTitles":["BaseClient","sendMessage"],"duration":0,"failing":false,"failureDetails":[],"failureMessages":[],"fullName":"BaseClient sendMessage honors response and user message IDs preallocated before initialization","invocations":1,"location":null,"numPassingAsserts":3,"retryReasons":[],"startAt":1789958958712,"status":"passed","title":"honors response and user message IDs preallocated before initialization"},{"ancestorTitles":["BaseClient","sendMessage"],"duration":1,"failing":false,"failureDetails":[],"failureMessages":[],"fullName":"BaseClient sendMessage applies edited reasoning content from its typed payload before regeneration","invocations":1,"location":null,"numPassingAsserts":1,"retryReasons":[],"startAt":1789958958712,"status":"passed","title":"applies edited reasoning content from its typed payload before regeneration"},{"ancestorTitles":["BaseClient","sendMessage"],"duration":0,"failing":false,"failureDetails":[],"failureMessages":[],"fullName":"BaseClient sendMessage setOptions is called with the correct arguments only when replaceOptions is set to true","invocations":1,"location":null,"numPassingAsserts":1,"retryReasons":[],"startAt":1789958958713,"status":"passed","title":"setOptions is called with the correct arguments only when replaceOptions is set to true"},{"ancestorTitles":["BaseClient","sendMessage"],"duration":0,"failing":false,"failureDetails":[],"failureMessages":[],"fullName":"BaseClient sendMessage loadHistory is called with the correct arguments","invocations":1,"location":null,"numPassingAsserts":1,"retryReasons":[],"startAt":1789958958713,"status":"passed","title":"loadHistory is called with the correct arguments"},{"ancestorTitles":["BaseClient","sendMessage"],"duration":1,"failing":false,"failureDetails":[],"failureMessages":[],"fullName":"BaseClient sendMessage getReqData is called with the correct arguments","invocations":1,"location":null,"numPassingAsserts":1,"retryReasons":[],"startAt":1789958958713,"status":"passed","title":"getReqData is called with the correct arguments"},{"ancestorTitles":["BaseClient","sendMessage"],"duration":0,"failing":false,"failureDetails":[],"failureMessages":[],"fullName":"BaseClient sendMessage onStart is called with the correct arguments","invocations":1,"location":null,"numPassingAsserts":1,"retryReasons":[],"startAt":1789958958714,"status":"passed","title":"onStart is called with the correct arguments"},{"ancestorTitles":["BaseClient","sendMessage"],"duration":1,"failing":false,"failureDetails":[],"failureMessages":[],"fullName":"BaseClient sendMessage saveMessageToDatabase is called with the correct arguments","invocations":1,"location":null,"numPassingAsserts":1,"retryReasons":[],"startAt":1789958958714,"status":"passed","title":"saveMessageToDatabase is called with the correct arguments"},{"ancestorTitles":["BaseClient","sendMessage"],"duration":0,"failing":false,"failureDetails":[],"failureMessages":[],"fullName":"BaseClient sendMessage does not start the completed response write when terminal ownership is denied","invocations":1,"location":null,"numPassingAsserts":6,"retryReasons":[],"startAt":1789958958715,"status":"passed","title":"does not start the completed response write when terminal ownership is denied"},{"ancestorTitles":["BaseClient","sendMessage"],"duration":1,"failing":false,"failureDetails":[],"failureMessages":[],"fullName":"BaseClient sendMessage starts the completed response write only after terminal ownership is granted","invocations":1,"location":null,"numPassingAsserts":3,"retryReasons":[],"startAt":1789958958715,"status":"passed","title":"starts the completed response write only after terminal ownership is granted"},{"ancestorTitles":["BaseClient","sendMessage"],"duration":0,"failing":false,"failureDetails":[],"failureMessages":[],"fullName":"BaseClient sendMessage persists the generation-time Langfuse sampling decision for agent responses","invocations":1,"location":null,"numPassingAsserts":3,"retryReasons":[],"startAt":1789958958716,"status":"passed","title":"persists the generation-time Langfuse sampling decision for agent responses"},{"ancestorTitles":["BaseClient","sendMessage"],"duration":1,"failing":false,"failureDetails":[],"failureMessages":[],"fullName":"BaseClient sendMessage persists the Langfuse sampling decision for agent clients using a provider endpoint","invocations":1,"location":null,"numPassingAsserts":3,"retryReasons":[],"startAt":1789958958716,"status":"passed","title":"persists the Langfuse sampling decision for agent clients using a provider endpoint"},{"ancestorTitles":["BaseClient","sendMessage"],"duration":0,"failing":false,"failureDetails":[],"failureMessages":[],"fullName":"BaseClient sendMessage persists no Langfuse destination when a sampled trace has no configured export","invocations":1,"location":null,"numPassingAsserts":3,"retryReasons":[],"startAt":1789958958717,"status":"passed","title":"persists no Langfuse destination when a sampled trace has no configured export"},{"ancestorTitles":["BaseClient","sendMessage"],"duration":1,"failing":false,"failureDetails":[],"failureMessages":[],"fullName":"BaseClient sendMessage should handle existing conversation when getConvo retrieves one","invocations":1,"location":null,"numPassingAsserts":8,"retryReasons":[],"startAt":1789958958717,"status":"passed","title":"should handle existing conversation when getConvo retrieves one"},{"ancestorTitles":["BaseClient","sendMessage"],"duration":1,"failing":false,"failureDetails":[],"failureMessages":[],"fullName":"BaseClient sendMessage should correctly handle existing conversation and unset fields appropriately","invocations":1,"location":null,"numPassingAsserts":10,"retryReasons":[],"startAt":1789958958718,"status":"passed","title":"should correctly handle existing conversation and unset fields appropriately"},{"ancestorTitles":["BaseClient","sendMessage"],"duration":0,"failing":false,"failureDetails":[],"failureMessages":[],"fullName":"BaseClient sendMessage sendCompletion is called with the correct arguments","invocations":1,"location":null,"numPassingAsserts":1,"retryReasons":[],"startAt":1789958958719,"status":"passed","title":"sendCompletion is called with the correct arguments"},{"ancestorTitles":["BaseClient","sendMessage"],"duration":0,"failing":false,"failureDetails":[],"failureMessages":[],"fullName":"BaseClient sendMessage records history and message-build startup milestones","invocations":1,"location":null,"numPassingAsserts":1,"retryReasons":[],"startAt":1789958958719,"status":"passed","title":"records history and message-build startup milestones"},{"ancestorTitles":["BaseClient","sendMessage"],"duration":1,"failing":false,"failureDetails":[],"failureMessages":[],"fullName":"BaseClient sendMessage getTokenCount for response is called with the correct arguments","invocations":1,"location":null,"numPassingAsserts":1,"retryReasons":[],"startAt":1789958958719,"status":"passed","title":"getTokenCount for response is called with the correct arguments"},{"ancestorTitles":["BaseClient","sendMessage"],"duration":0,"failing":false,"failureDetails":[],"failureMessages":[],"fullName":"BaseClient sendMessage returns an object with the correct shape","invocations":1,"location":null,"numPassingAsserts":1,"retryReasons":[],"startAt":1789958958720,"status":"passed","title":"returns an object with the correct shape"},{"ancestorTitles":["BaseClient","sendMessage"],"duration":2,"failing":false,"failureDetails":[],"failureMessages":[],"fullName":"BaseClient sendMessage saveMessageToDatabase appends the saved message id instead of rebuilding the array","invocations":1,"location":null,"numPassingAsserts":1,"retryReasons":[],"startAt":1789958958720,"status":"passed","title":"saveMessageToDatabase appends the saved message id instead of rebuilding the array"},{"ancestorTitles":["BaseClient","sendMessage"],"duration":1,"failing":false,"failureDetails":[],"failureMessages":[],"fullName":"BaseClient sendMessage saveMessageToDatabase rebuilds the array when the saved message has no _id","invocations":1,"location":null,"numPassingAsserts":1,"retryReasons":[],"startAt":1789958958722,"status":"passed","title":"saveMessageToDatabase rebuilds the array when the saved message has no _id"},{"ancestorTitles":["BaseClient","sendMessage"],"duration":0,"failing":false,"failureDetails":[],"failureMessages":[],"fullName":"BaseClient sendMessage saveMessageToDatabase returns early when this.options is null (client disposed)","invocations":1,"location":null,"numPassingAsserts":2,"retryReasons":[],"startAt":1789958958723,"status":"passed","title":"saveMessageToDatabase returns early when this.options is null (client disposed)"},{"ancestorTitles":["BaseClient","sendMessage"],"duration":0,"failing":false,"failureDetails":[],"failureMessages":[],"fullName":"BaseClient sendMessage saveMessageToDatabase uses snapshot of options, immune to mid-await disposal","invocations":1,"location":null,"numPassingAsserts":4,"retryReasons":[],"startAt":1789958958723,"status":"passed","title":"saveMessageToDatabase uses snapshot of options, immune to mid-await disposal"},{"ancestorTitles":["BaseClient","sendMessage"],"duration":1,"failing":false,"failureDetails":[],"failureMessages":[],"fullName":"BaseClient sendMessage saveMessageToDatabase reuses conversation resolved on the request","invocations":1,"location":null,"numPassingAsserts":8,"retryReasons":[],"startAt":1789958958723,"status":"passed","title":"saveMessageToDatabase reuses conversation resolved on the request"},{"ancestorTitles":["BaseClient","sendMessage"],"duration":101,"failing":false,"failureDetails":[],"failureMessages":[],"fullName":"BaseClient sendMessage userMessagePromise is awaited before saving response message","invocations":1,"location":null,"numPassingAsserts":4,"retryReasons":[],"startAt":1789958958724,"status":"passed","title":"userMessagePromise is awaited before saving response message"},{"ancestorTitles":["BaseClient","recordTokenUsage model assignment"],"duration":0,"failing":false,"failureDetails":[],"failureMessages":[],"fullName":"BaseClient recordTokenUsage model assignment should pass this.model to recordTokenUsage, not the agent ID from responseMessage.model","invocations":1,"location":null,"numPassingAsserts":2,"retryReasons":[],"startAt":1789958958826,"status":"passed","title":"should pass this.model to recordTokenUsage, not the agent ID from responseMessage.model"},{"ancestorTitles":["BaseClient","recordTokenUsage model assignment"],"duration":0,"failing":false,"failureDetails":[],"failureMessages":[],"fullName":"BaseClient recordTokenUsage model assignment should pass this.model even when this.model differs from modelOptions.model","invocations":1,"location":null,"numPassingAsserts":1,"retryReasons":[],"startAt":1789958958827,"status":"passed","title":"should pass this.model even when this.model differs from modelOptions.model"},{"ancestorTitles":["BaseClient","recordTokenUsage transactions config"],"duration":1,"failing":false,"failureDetails":[],"failureMessages":[],"fullName":"BaseClient recordTokenUsage transactions config should forward the resolved transactions config to recordTokenUsage","invocations":1,"location":null,"numPassingAsserts":1,"retryReasons":[],"startAt":1789958958827,"status":"passed","title":"should forward the resolved transactions config to recordTokenUsage"},{"ancestorTitles":["BaseClient","recordTokenUsage transactions config"],"duration":0,"failing":false,"failureDetails":[],"failureMessages":[],"fullName":"BaseClient recordTokenUsage transactions config should default to enabled transactions when no app config is present","invocations":1,"location":null,"numPassingAsserts":1,"retryReasons":[],"startAt":1789958958828,"status":"passed","title":"should default to enabled transactions when no app config is present"},{"ancestorTitles":["BaseClient","recordTokenUsage transactions config"],"duration":1,"failing":false,"failureDetails":[],"failureMessages":[],"fullName":"BaseClient recordTokenUsage transactions config should forward transactions as enabled when balance tracking overrides the setting","invocations":1,"location":null,"numPassingAsserts":1,"retryReasons":[],"startAt":1789958958828,"status":"passed","title":"should forward transactions as enabled when balance tracking overrides the setting"},{"ancestorTitles":["BaseClient","balance reservation lifecycle"],"duration":1,"failing":false,"failureDetails":[],"failureMessages":[],"fullName":"BaseClient balance reservation lifecycle releases the reservation once the response usage is recorded, before persistence","invocations":1,"location":null,"numPassingAsserts":3,"retryReasons":[],"startAt":1789958958829,"status":"passed","title":"releases the reservation once the response usage is recorded, before persistence"},{"ancestorTitles":["BaseClient","balance reservation lifecycle"],"duration":1,"failing":false,"failureDetails":[],"failureMessages":[],"fullName":"BaseClient balance reservation lifecycle releases the reservation when the completion fails","invocations":1,"location":null,"numPassingAsserts":2,"retryReasons":[],"startAt":1789958958830,"status":"passed","title":"releases the reservation when the completion fails"},{"ancestorTitles":["BaseClient","balance reservation lifecycle"],"duration":1,"failing":false,"failureDetails":[],"failureMessages":[],"fullName":"BaseClient balance reservation lifecycle releases the reservation when work after the completion fails","invocations":1,"location":null,"numPassingAsserts":2,"retryReasons":[],"startAt":1789958958831,"status":"passed","title":"releases the reservation when work after the completion fails"},{"ancestorTitles":["BaseClient","balance reservation lifecycle"],"duration":1,"failing":false,"failureDetails":[],"failureMessages":[],"fullName":"BaseClient balance reservation lifecycle takes no reservation when the balance check refuses the request","invocations":1,"location":null,"numPassingAsserts":3,"retryReasons":[],"startAt":1789958958832,"status":"passed","title":"takes no reservation when the balance check refuses the request"},{"ancestorTitles":["BaseClient","getMessagesWithinTokenLimit with instructions"],"duration":0,"failing":false,"failureDetails":[],"failureMessages":[],"fullName":"BaseClient getMessagesWithinTokenLimit with instructions should always include instructions when present","invocations":1,"location":null,"numPassingAsserts":2,"retryReasons":[],"startAt":1789958958833,"status":"passed","title":"should always include instructions when present"},{"ancestorTitles":["BaseClient","getMessagesWithinTokenLimit with instructions"],"duration":0,"failing":false,"failureDetails":[],"failureMessages":[],"fullName":"BaseClient getMessagesWithinTokenLimit with instructions should handle case when messages exceed limit but instructions must be preserved","invocations":1,"location":null,"numPassingAsserts":4,"retryReasons":[],"startAt":1789958958833,"status":"passed","title":"should handle case when messages exceed limit but instructions must be preserved"},{"ancestorTitles":["BaseClient","getMessagesWithinTokenLimit with instructions"],"duration":1,"failing":false,"failureDetails":[],"failureMessages":[],"fullName":"BaseClient getMessagesWithinTokenLimit with instructions should work correctly without instructions (1/2)","invocations":1,"location":null,"numPassingAsserts":3,"retryReasons":[],"startAt":1789958958833,"status":"passed","title":"should work correctly without instructions (1/2)"},{"ancestorTitles":["BaseClient","getMessagesWithinTokenLimit with instructions"],"duration":0,"failing":false,"failureDetails":[],"failureMessages":[],"fullName":"BaseClient getMessagesWithinTokenLimit with instructions should work correctly without instructions (2/2)","invocations":1,"location":null,"numPassingAsserts":3,"retryReasons":[],"startAt":1789958958834,"status":"passed","title":"should work correctly without instructions (2/2)"},{"ancestorTitles":["BaseClient","getMessagesWithinTokenLimit with instructions"],"duration":0,"failing":false,"failureDetails":[],"failureMessages":[],"fullName":"BaseClient getMessagesWithinTokenLimit with instructions should handle case when only instructions fit within limit","invocations":1,"location":null,"numPassingAsserts":4,"retryReasons":[],"startAt":1789958958834,"status":"passed","title":"should handle case when only instructions fit within limit"},{"ancestorTitles":["BaseClient","sendMessage file population"],"duration":1,"failing":false,"failureDetails":[],"failureMessages":[],"fullName":"BaseClient sendMessage file population populates userMessage.files before saveMessageToDatabase is called","invocations":1,"location":null,"numPassingAsserts":4,"retryReasons":[],"startAt":1789958958834,"status":"passed","title":"populates userMessage.files before saveMessageToDatabase is called"},{"ancestorTitles":["BaseClient","sendMessage file population"],"duration":1,"failing":false,"failureDetails":[],"failureMessages":[],"fullName":"BaseClient sendMessage file population strips text and _id from files before saving","invocations":1,"location":null,"numPassingAsserts":3,"retryReasons":[],"startAt":1789958958835,"status":"passed","title":"strips text and _id from files before saving"},{"ancestorTitles":["BaseClient","sendMessage file population"],"duration":1,"failing":false,"failureDetails":[],"failureMessages":[],"fullName":"BaseClient sendMessage file population deletes image_urls from userMessage when files are present","invocations":1,"location":null,"numPassingAsserts":1,"retryReasons":[],"startAt":1789958958836,"status":"passed","title":"deletes image_urls from userMessage when files are present"},{"ancestorTitles":["BaseClient","sendMessage file population"],"duration":0,"failing":false,"failureDetails":[],"failureMessages":[],"fullName":"BaseClient sendMessage file population does not set files when no attachments match request file IDs","invocations":1,"location":null,"numPassingAsserts":1,"retryReasons":[],"startAt":1789958958837,"status":"passed","title":"does not set files when no attachments match request file IDs"},{"ancestorTitles":["BaseClient","sendMessage file population"],"duration":1,"failing":false,"failureDetails":[],"failureMessages":[],"fullName":"BaseClient sendMessage file population skips file population when attachments is not an array (Promise case)","invocations":1,"location":null,"numPassingAsserts":1,"retryReasons":[],"startAt":1789958958837,"status":"passed","title":"skips file population when attachments is not an array (Promise case)"},{"ancestorTitles":["BaseClient","sendMessage file population"],"duration":0,"failing":false,"failureDetails":[],"failureMessages":[],"fullName":"BaseClient sendMessage file population skips file population when skipSaveUserMessage is true","invocations":1,"location":null,"numPassingAsserts":1,"retryReasons":[],"startAt":1789958958838,"status":"passed","title":"skips file population when skipSaveUserMessage is true"},{"ancestorTitles":["BaseClient","sendMessage file population"],"duration":1,"failing":false,"failureDetails":[],"failureMessages":[],"fullName":"BaseClient sendMessage file population ignores file_id: undefined entries in req.body.files (no set poisoning)","invocations":1,"location":null,"numPassingAsserts":2,"retryReasons":[],"startAt":1789958958838,"status":"passed","title":"ignores file_id: undefined entries in req.body.files (no set poisoning)"},{"ancestorTitles":["BaseClient","addPreviousAttachments authorization","tool-routed files on a later turn"],"duration":1,"failing":false,"failureDetails":[],"failureMessages":[],"fullName":"BaseClient addPreviousAttachments authorization tool-routed files on a later turn replays the stored text when this turn runs no tool that can read the file","invocations":1,"location":null,"numPassingAsserts":5,"retryReasons":[],"startAt":1789958958839,"status":"passed","title":"replays the stored text when this turn runs no tool that can read the file"},{"ancestorTitles":["BaseClient","addPreviousAttachments authorization","tool-routed files on a later turn"],"duration":0,"failing":false,"failureDetails":[],"failureMessages":[],"fullName":"BaseClient addPreviousAttachments authorization tool-routed files on a later turn replays the stored text once the endpoint routes the type to text","invocations":1,"location":null,"numPassingAsserts":3,"retryReasons":[],"startAt":1789958958840,"status":"passed","title":"replays the stored text once the endpoint routes the type to text"},{"ancestorTitles":["BaseClient","addPreviousAttachments authorization","tool-routed files on a later turn"],"duration":1,"failing":false,"failureDetails":[],"failureMessages":[],"fullName":"BaseClient addPreviousAttachments authorization tool-routed files on a later turn admits a historical tool-routed file this turn sends to the provider","invocations":1,"location":null,"numPassingAsserts":1,"retryReasons":[],"startAt":1789958958840,"status":"passed","title":"admits a historical tool-routed file this turn sends to the provider"},{"ancestorTitles":["BaseClient","addPreviousAttachments authorization","tool-routed files on a later turn"],"duration":0,"failing":false,"failureDetails":[],"failureMessages":[],"fullName":"BaseClient addPreviousAttachments authorization tool-routed files on a later turn keeps the file off the prompt when the sandbox running it holds the file","invocations":1,"location":null,"numPassingAsserts":3,"retryReasons":[],"startAt":1789958958841,"status":"passed","title":"keeps the file off the prompt when the sandbox running it holds the file"},{"ancestorTitles":["BaseClient","addPreviousAttachments authorization","tool-routed files on a later turn"],"duration":1,"failing":false,"failureDetails":[],"failureMessages":[],"fullName":"BaseClient addPreviousAttachments authorization tool-routed files on a later turn replays the stored text when file search never received the file","invocations":1,"location":null,"numPassingAsserts":4,"retryReasons":[],"startAt":1789958958841,"status":"passed","title":"replays the stored text when file search never received the file"},{"ancestorTitles":["BaseClient","addPreviousAttachments authorization"],"duration":1,"failing":false,"failureDetails":[],"failureMessages":[],"fullName":"BaseClient addPreviousAttachments authorization rehydrates historical file refs from owner-scoped DB rows only","invocations":1,"location":null,"numPassingAsserts":10,"retryReasons":[],"startAt":1789958958842,"status":"passed","title":"rehydrates historical file refs from owner-scoped DB rows only"},{"ancestorTitles":["BaseClient","addPreviousAttachments authorization"],"duration":0,"failing":false,"failureDetails":[],"failureMessages":[],"fullName":"BaseClient addPreviousAttachments authorization hydrates files referenced by non-steer provider content parts","invocations":1,"location":null,"numPassingAsserts":3,"retryReasons":[],"startAt":1789958958843,"status":"passed","title":"hydrates files referenced by non-steer provider content parts"},{"ancestorTitles":["BaseClient","addPreviousAttachments authorization"],"duration":1,"failing":false,"failureDetails":[],"failureMessages":[],"fullName":"BaseClient addPreviousAttachments authorization hydrates nested provider file references","invocations":1,"location":null,"numPassingAsserts":3,"retryReasons":[],"startAt":1789958958843,"status":"passed","title":"hydrates nested provider file references"},{"ancestorTitles":["BaseClient","addPreviousAttachments authorization"],"duration":0,"failing":false,"failureDetails":[],"failureMessages":[],"fullName":"BaseClient addPreviousAttachments authorization preserves owner-scoped historical attachments when file patterns are inactive","invocations":1,"location":null,"numPassingAsserts":3,"retryReasons":[],"startAt":1789958958844,"status":"passed","title":"preserves owner-scoped historical attachments when file patterns are inactive"},{"ancestorTitles":["BaseClient","addPreviousAttachments authorization"],"duration":1,"failing":false,"failureDetails":[],"failureMessages":[],"fullName":"BaseClient addPreviousAttachments authorization strips an unresolved historical file reference without pre-pruning enforcement","invocations":1,"location":null,"numPassingAsserts":4,"retryReasons":[],"startAt":1789958958844,"status":"passed","title":"strips an unresolved historical file reference without pre-pruning enforcement"},{"ancestorTitles":["BaseClient","addPreviousAttachments authorization"],"duration":0,"failing":false,"failureDetails":[],"failureMessages":[],"fullName":"BaseClient addPreviousAttachments authorization strips historical file context when no authenticated owner scope is available","invocations":1,"location":null,"numPassingAsserts":3,"retryReasons":[],"startAt":1789958958845,"status":"passed","title":"strips historical file context when no authenticated owner scope is available"},{"ancestorTitles":["BaseClient","addPreviousAttachments authorization"],"duration":1,"failing":false,"failureDetails":[],"failureMessages":[],"fullName":"BaseClient addPreviousAttachments authorization preserves repeated owner-authorized historical file refs after the first context use","invocations":1,"location":null,"numPassingAsserts":8,"retryReasons":[],"startAt":1789958958845,"status":"passed","title":"preserves repeated owner-authorized historical file refs after the first context use"},{"ancestorTitles":["BaseClient","addPreviousAttachments authorization"],"duration":1,"failing":false,"failureDetails":[],"failureMessages":[],"fullName":"BaseClient addPreviousAttachments authorization extracts historical file context while encoding provider attachments","invocations":1,"location":null,"numPassingAsserts":5,"retryReasons":[],"startAt":1789958958846,"status":"passed","title":"extracts historical file context while encoding provider attachments"},{"ancestorTitles":["BaseClient","addPreviousAttachments authorization"],"duration":0,"failing":false,"failureDetails":[],"failureMessages":[],"fullName":"BaseClient addPreviousAttachments authorization preserves download-only historical attachments without trusting file fields","invocations":1,"location":null,"numPassingAsserts":6,"retryReasons":[],"startAt":1789958958847,"status":"passed","title":"preserves download-only historical attachments without trusting file fields"},{"ancestorTitles":["BaseClient","addPreviousAttachments authorization"],"duration":1,"failing":false,"failureDetails":[],"failureMessages":[],"fullName":"BaseClient addPreviousAttachments authorization processes only historical files admitted by the runtime endpoint policy","invocations":1,"location":null,"numPassingAsserts":4,"retryReasons":[],"startAt":1789958958847,"status":"passed","title":"processes only historical files admitted by the runtime endpoint policy"},{"ancestorTitles":["BaseClient","addPreviousAttachments authorization"],"duration":1,"failing":false,"failureDetails":[],"failureMessages":[],"fullName":"BaseClient addPreviousAttachments authorization includes nested steer file references in historical admission","invocations":1,"location":null,"numPassingAsserts":2,"retryReasons":[],"startAt":1789958958849,"status":"passed","title":"includes nested steer file references in historical admission"},{"ancestorTitles":["BaseClient","addPreviousAttachments authorization"],"duration":0,"failing":false,"failureDetails":[],"failureMessages":[],"fullName":"BaseClient addPreviousAttachments authorization preserves repeated steer file injections in historical admission","invocations":1,"location":null,"numPassingAsserts":2,"retryReasons":[],"startAt":1789958958850,"status":"passed","title":"preserves repeated steer file injections in historical admission"},{"ancestorTitles":["BaseClient","addPreviousAttachments authorization"],"duration":1,"failing":false,"failureDetails":[],"failureMessages":[],"fullName":"BaseClient addPreviousAttachments authorization keeps canonical byte metadata for processed historical survivors","invocations":1,"location":null,"numPassingAsserts":1,"retryReasons":[],"startAt":1789958958850,"status":"passed","title":"keeps canonical byte metadata for processed historical survivors"},{"ancestorTitles":["BaseClient","addPreviousAttachments authorization"],"duration":0,"failing":false,"failureDetails":[],"failureMessages":[],"fullName":"BaseClient addPreviousAttachments authorization merges safe per-message metadata onto authorized DB-backed attachments","invocations":1,"location":null,"numPassingAsserts":5,"retryReasons":[],"startAt":1789958958851,"status":"passed","title":"merges safe per-message metadata onto authorized DB-backed attachments"},{"ancestorTitles":["BaseClient","sendMessage quote references"],"duration":1,"failing":false,"failureDetails":[],"failureMessages":[],"fullName":"BaseClient sendMessage quote references attaches normalized quotes before getReqData fires and keeps stored text clean","invocations":1,"location":null,"numPassingAsserts":5,"retryReasons":[],"startAt":1789958958851,"status":"passed","title":"attaches normalized quotes before getReqData fires and keeps stored text clean"},{"ancestorTitles":["BaseClient","sendMessage quote references"],"duration":0,"failing":false,"failureDetails":[],"failureMessages":[],"fullName":"BaseClient sendMessage quote references persists multiple quotes in order on the saved message","invocations":1,"location":null,"numPassingAsserts":2,"retryReasons":[],"startAt":1789958958852,"status":"passed","title":"persists multiple quotes in order on the saved message"},{"ancestorTitles":["BaseClient","sendMessage quote references"],"duration":0,"failing":false,"failureDetails":[],"failureMessages":[],"fullName":"BaseClient sendMessage quote references leaves the message untouched when no quotes are provided","invocations":1,"location":null,"numPassingAsserts":2,"retryReasons":[],"startAt":1789958958853,"status":"passed","title":"leaves the message untouched when no quotes are provided"},{"ancestorTitles":["BaseClient","mergeEditedContent phase boundaries"],"duration":0,"failing":false,"failureDetails":[],"failureMessages":[],"fullName":"BaseClient mergeEditedContent phase boundaries carries the new reasoning label when adjacent THINK parts merge","invocations":1,"location":null,"numPassingAsserts":1,"retryReasons":[],"startAt":1789958958853,"status":"passed","title":"carries the new reasoning label when adjacent THINK parts merge"},{"ancestorTitles":["BaseClient","mergeEditedContent phase boundaries"],"duration":1,"failing":false,"failureDetails":[],"failureMessages":[],"fullName":"BaseClient mergeEditedContent phase boundaries clears a retained reasoning label when the merged THINK has no label","invocations":1,"location":null,"numPassingAsserts":1,"retryReasons":[],"startAt":1789958958853,"status":"passed","title":"clears a retained reasoning label when the merged THINK has no label"},{"ancestorTitles":["BaseClient","mergeEditedContent phase boundaries"],"duration":0,"failing":false,"failureDetails":[],"failureMessages":[],"fullName":"BaseClient mergeEditedContent phase boundaries does not merge commentary into a final answer","invocations":1,"location":null,"numPassingAsserts":1,"retryReasons":[],"startAt":1789958958854,"status":"passed","title":"does not merge commentary into a final answer"},{"ancestorTitles":["BaseClient","mergeEditedContent phase boundaries"],"duration":0,"failing":false,"failureDetails":[],"failureMessages":[],"fullName":"BaseClient mergeEditedContent phase boundaries does not merge phased and unphased text (undefined → commentary)","invocations":1,"location":null,"numPassingAsserts":1,"retryReasons":[],"startAt":1789958958854,"status":"passed","title":"does not merge phased and unphased text (undefined → commentary)"},{"ancestorTitles":["BaseClient","mergeEditedContent phase boundaries"],"duration":0,"failing":false,"failureDetails":[],"failureMessages":[],"fullName":"BaseClient mergeEditedContent phase boundaries does not merge phased and unphased text (commentary → undefined)","invocations":1,"location":null,"numPassingAsserts":1,"retryReasons":[],"startAt":1789958958854,"status":"passed","title":"does not merge phased and unphased text (commentary → undefined)"},{"ancestorTitles":["BaseClient","processAttachments llmDeliveryPath handling"],"duration":1,"failing":false,"failureDetails":[],"failureMessages":[],"fullName":"BaseClient processAttachments llmDeliveryPath handling keeps a none image in returned files without adding image URLs","invocations":1,"location":null,"numPassingAsserts":3,"retryReasons":[],"startAt":1789958958854,"status":"passed","title":"keeps a none image in returned files without adding image URLs"},{"ancestorTitles":["BaseClient","processAttachments llmDeliveryPath handling"],"duration":1,"failing":false,"failureDetails":[],"failureMessages":[],"fullName":"BaseClient processAttachments llmDeliveryPath handling does not inject extracted text after the current provider resolves none","invocations":1,"location":null,"numPassingAsserts":1,"retryReasons":[],"startAt":1789958958855,"status":"passed","title":"does not inject extracted text after the current provider resolves none"},{"ancestorTitles":["BaseClient","processAttachments llmDeliveryPath handling"],"duration":0,"failing":false,"failureDetails":[],"failureMessages":[],"fullName":"BaseClient processAttachments llmDeliveryPath handling injects the text stored for a tool-routed file when this turn runs no reader","invocations":1,"location":null,"numPassingAsserts":2,"retryReasons":[],"startAt":1789958958856,"status":"passed","title":"injects the text stored for a tool-routed file when this turn runs no reader"},{"ancestorTitles":["BaseClient","processAttachments llmDeliveryPath handling"],"duration":2,"failing":false,"failureDetails":[],"failureMessages":[],"fullName":"BaseClient processAttachments llmDeliveryPath handling delivers a late steer through fallback even when the initialized agent has file tools","invocations":1,"location":null,"numPassingAsserts":4,"retryReasons":[],"startAt":1789958958856,"status":"passed","title":"delivers a late steer through fallback even when the initialized agent has file tools"},{"ancestorTitles":["BaseClient","processAttachments llmDeliveryPath handling"],"duration":0,"failing":false,"failureDetails":[],"failureMessages":[],"fullName":"BaseClient processAttachments llmDeliveryPath handling keeps a tool-routed file off the prompt when the sandbox running it holds the file","invocations":1,"location":null,"numPassingAsserts":2,"retryReasons":[],"startAt":1789958958858,"status":"passed","title":"keeps a tool-routed file off the prompt when the sandbox running it holds the file"},{"ancestorTitles":["BaseClient","processAttachments llmDeliveryPath handling"],"duration":1,"failing":false,"failureDetails":[],"failureMessages":[],"fullName":"BaseClient processAttachments llmDeliveryPath handling delivers the text when File Search has yet to receive the file","invocations":1,"location":null,"numPassingAsserts":3,"retryReasons":[],"startAt":1789958958858,"status":"passed","title":"delivers the text when File Search has yet to receive the file"},{"ancestorTitles":["BaseClient","processAttachments llmDeliveryPath handling"],"duration":0,"failing":false,"failureDetails":[],"failureMessages":[],"fullName":"BaseClient processAttachments llmDeliveryPath handling leaves a file Run Code can read with Run Code before the sandbox holds it","invocations":1,"location":null,"numPassingAsserts":3,"retryReasons":[],"startAt":1789958958859,"status":"passed","title":"leaves a file Run Code can read with Run Code before the sandbox holds it"},{"ancestorTitles":["BaseClient","processAttachments llmDeliveryPath handling"],"duration":0,"failing":false,"failureDetails":[],"failureMessages":[],"fullName":"BaseClient processAttachments llmDeliveryPath handling does not fall back on an endpoint that has not enabled it","invocations":1,"location":null,"numPassingAsserts":2,"retryReasons":[],"startAt":1789958958859,"status":"passed","title":"does not fall back on an endpoint that has not enabled it"},{"ancestorTitles":["BaseClient","processAttachments llmDeliveryPath handling"],"duration":1,"failing":false,"failureDetails":[],"failureMessages":[],"fullName":"BaseClient processAttachments llmDeliveryPath handling does not fall back when the turn tools are unknown","invocations":1,"location":null,"numPassingAsserts":1,"retryReasons":[],"startAt":1789958958859,"status":"passed","title":"does not fall back when the turn tools are unknown"},{"ancestorTitles":["BaseClient","processAttachments llmDeliveryPath handling"],"duration":0,"failing":false,"failureDetails":[],"failureMessages":[],"fullName":"BaseClient processAttachments llmDeliveryPath handling does not inject extracted text when the current provider resolves native delivery","invocations":1,"location":null,"numPassingAsserts":1,"retryReasons":[],"startAt":1789958958860,"status":"passed","title":"does not inject extracted text when the current provider resolves native delivery"},{"ancestorTitles":["BaseClient","processAttachments llmDeliveryPath handling"],"duration":0,"failing":false,"failureDetails":[],"failureMessages":[],"fullName":"BaseClient processAttachments llmDeliveryPath handling re-resolves a path stored under a different provider","invocations":1,"location":null,"numPassingAsserts":4,"retryReasons":[],"startAt":1789958958860,"status":"passed","title":"re-resolves a path stored under a different provider"},{"ancestorTitles":["BaseClient","processAttachments llmDeliveryPath handling"],"duration":1,"failing":false,"failureDetails":[],"failureMessages":[],"fullName":"BaseClient processAttachments llmDeliveryPath handling re-resolves a converted image against the type it was routed on","invocations":1,"location":null,"numPassingAsserts":2,"retryReasons":[],"startAt":1789958958860,"status":"passed","title":"re-resolves a converted image against the type it was routed on"},{"ancestorTitles":["BaseClient","processAttachments llmDeliveryPath handling"],"duration":0,"failing":false,"failureDetails":[],"failureMessages":[],"fullName":"BaseClient processAttachments llmDeliveryPath handling reads the Responses setting the turn runs on from the settled routing","invocations":1,"location":null,"numPassingAsserts":1,"retryReasons":[],"startAt":1789958958861,"status":"passed","title":"reads the Responses setting the turn runs on from the settled routing"},{"ancestorTitles":["BaseClient","processAttachments llmDeliveryPath handling"],"duration":1,"failing":false,"failureDetails":[],"failureMessages":[],"fullName":"BaseClient processAttachments llmDeliveryPath handling resolves a custom endpoint policy by the name the admin configured","invocations":1,"location":null,"numPassingAsserts":2,"retryReasons":[],"startAt":1789958958861,"status":"passed","title":"resolves a custom endpoint policy by the name the admin configured"},{"ancestorTitles":["BaseClient","processAttachments llmDeliveryPath handling"],"duration":0,"failing":false,"failureDetails":[],"failureMessages":[],"fullName":"BaseClient processAttachments llmDeliveryPath handling resolves an agent policy by its own endpoint, not the agents container","invocations":1,"location":null,"numPassingAsserts":2,"retryReasons":[],"startAt":1789958958862,"status":"passed","title":"resolves an agent policy by its own endpoint, not the agents container"},{"ancestorTitles":["BaseClient","processAttachments llmDeliveryPath handling"],"duration":0,"failing":false,"failureDetails":[],"failureMessages":[],"fullName":"BaseClient processAttachments llmDeliveryPath handling keeps an explicitly named destination even under a different provider","invocations":1,"location":null,"numPassingAsserts":1,"retryReasons":[],"startAt":1789958958862,"status":"passed","title":"keeps an explicitly named destination even under a different provider"},{"ancestorTitles":["BaseClient","processAttachments llmDeliveryPath handling"],"duration":0,"failing":false,"failureDetails":[],"failureMessages":[],"fullName":"BaseClient processAttachments llmDeliveryPath handling keeps a none PDF in returned files without adding documents","invocations":1,"location":null,"numPassingAsserts":3,"retryReasons":[],"startAt":1789958958862,"status":"passed","title":"keeps a none PDF in returned files without adding documents"},{"ancestorTitles":["BaseClient","processAttachments llmDeliveryPath handling"],"duration":0,"failing":false,"failureDetails":[],"failureMessages":[],"fullName":"BaseClient processAttachments llmDeliveryPath handling keeps a text-delivery markdown file in returned files without adding documents","invocations":1,"location":null,"numPassingAsserts":3,"retryReasons":[],"startAt":1789958958863,"status":"passed","title":"keeps a text-delivery markdown file in returned files without adding documents"},{"ancestorTitles":["BaseClient","processAttachments llmDeliveryPath handling"],"duration":0,"failing":false,"failureDetails":[],"failureMessages":[],"fullName":"BaseClient processAttachments llmDeliveryPath handling still delivers a provider PDF that lazy provisioning marked embedded","invocations":1,"location":null,"numPassingAsserts":2,"retryReasons":[],"startAt":1789958958863,"status":"passed","title":"still delivers a provider PDF that lazy provisioning marked embedded"},{"ancestorTitles":["BaseClient","processAttachments llmDeliveryPath handling"],"duration":0,"failing":false,"failureDetails":[],"failureMessages":[],"fullName":"BaseClient processAttachments llmDeliveryPath handling still delivers a provider image that carries a codeEnvRef","invocations":1,"location":null,"numPassingAsserts":2,"retryReasons":[],"startAt":1789958958863,"status":"passed","title":"still delivers a provider image that carries a codeEnvRef"},{"ancestorTitles":["BaseClient","processAttachments llmDeliveryPath handling"],"duration":1,"failing":false,"failureDetails":[],"failureMessages":[],"fullName":"BaseClient processAttachments llmDeliveryPath handling keeps a code output out of the prompt once its expired sandbox reference is cleared","invocations":1,"location":null,"numPassingAsserts":3,"retryReasons":[],"startAt":1789958958863,"status":"passed","title":"keeps a code output out of the prompt once its expired sandbox reference is cleared"},{"ancestorTitles":["BaseClient","processAttachments llmDeliveryPath handling"],"duration":0,"failing":false,"failureDetails":[],"failureMessages":[],"fullName":"BaseClient processAttachments llmDeliveryPath handling keeps excluding embedded legacy files that have no delivery path","invocations":1,"location":null,"numPassingAsserts":2,"retryReasons":[],"startAt":1789958958864,"status":"passed","title":"keeps excluding embedded legacy files that have no delivery path"},{"ancestorTitles":["BaseClient","processAttachments llmDeliveryPath handling"],"duration":1,"failing":false,"failureDetails":[],"failureMessages":[],"fullName":"BaseClient processAttachments llmDeliveryPath handling routes legacy files without llmDeliveryPath normally","invocations":1,"location":null,"numPassingAsserts":3,"retryReasons":[],"startAt":1789958958864,"status":"passed","title":"routes legacy files without llmDeliveryPath normally"},{"ancestorTitles":["BaseClient compaction turns"],"duration":0,"failing":false,"failureDetails":[],"failureMessages":[],"fullName":"BaseClient compaction turns presents the leaf as the user message and never re-saves it","invocations":1,"location":null,"numPassingAsserts":3,"retryReasons":[],"startAt":1789958958865,"status":"passed","title":"presents the leaf as the user message and never re-saves it"},{"ancestorTitles":["BaseClient compaction turns"],"duration":1,"failing":false,"failureDetails":[],"failureMessages":[],"fullName":"BaseClient compaction turns refuses a compaction whose anchor is not the loaded leaf","invocations":1,"location":null,"numPassingAsserts":1,"retryReasons":[],"startAt":1789958958865,"status":"passed","title":"refuses a compaction whose anchor is not the loaded leaf"},{"ancestorTitles":["BaseClient compaction turns"],"duration":0,"failing":false,"failureDetails":[],"failureMessages":[],"fullName":"BaseClient compaction turns refuses to compact a branch whose leaf is already a finished compaction","invocations":1,"location":null,"numPassingAsserts":1,"retryReasons":[],"startAt":1789958958866,"status":"passed","title":"refuses to compact a branch whose leaf is already a finished compaction"},{"ancestorTitles":["BaseClient compaction turns"],"duration":1,"failing":false,"failureDetails":[],"failureMessages":[],"fullName":"BaseClient compaction turns lets an interrupted compaction be retried","invocations":1,"location":null,"numPassingAsserts":1,"retryReasons":[],"startAt":1789958958866,"status":"passed","title":"lets an interrupted compaction be retried"},{"ancestorTitles":["BaseClient compaction turns"],"duration":0,"failing":false,"failureDetails":[],"failureMessages":[],"fullName":"BaseClient compaction turns parents the response onto the leaf and persists only the response","invocations":1,"location":null,"numPassingAsserts":7,"retryReasons":[],"startAt":1789958958867,"status":"passed","title":"parents the response onto the leaf and persists only the response"}],"endTime":1789958958869,"message":"","name":"/Users/oubiwann/lab/billosys/LibreChat/api/app/clients/specs/BaseClient.test.js","startTime":1789958956119,"status":"passed","summary":""},{"assertionResults":[{"ancestorTitles":["message route conversation ownership filters"],"duration":1,"failing":false,"failureDetails":[],"failureMessages":[],"fullName":"message route conversation ownership filters preflights opaque content from the direct stored-message request body","invocations":1,"location":null,"numPassingAsserts":2,"retryReasons":[],"startAt":1789958959143,"status":"passed","title":"preflights opaque content from the direct stored-message request body"},{"ancestorTitles":["message route conversation ownership filters"],"duration":18,"failing":false,"failureDetails":[],"failureMessages":[],"fullName":"message route conversation ownership filters preserves provenance when branching marked user-submitted assistant content","invocations":1,"location":null,"numPassingAsserts":4,"retryReasons":[],"startAt":1789958959144,"status":"passed","title":"preserves provenance when branching marked user-submitted assistant content"},{"ancestorTitles":["message route conversation ownership filters"],"duration":2,"failing":false,"failureDetails":[],"failureMessages":[],"fullName":"message route conversation ownership filters preserves provenance when branching legacy unmarked model content","invocations":1,"location":null,"numPassingAsserts":4,"retryReasons":[],"startAt":1789958959162,"status":"passed","title":"preserves provenance when branching legacy unmarked model content"},{"ancestorTitles":["message route conversation ownership filters"],"duration":2,"failing":false,"failureDetails":[],"failureMessages":[],"fullName":"message route conversation ownership filters inherits the source message retention when branching","invocations":1,"location":null,"numPassingAsserts":2,"retryReasons":[],"startAt":1789958959165,"status":"passed","title":"inherits the source message retention when branching"},{"ancestorTitles":["message route conversation ownership filters"],"duration":2,"failing":false,"failureDetails":[],"failureMessages":[],"fullName":"message route conversation ownership filters uses the guard-loaded retention for both writes when a message spoofs the chat type","invocations":1,"location":null,"numPassingAsserts":4,"retryReasons":[],"startAt":1789958959167,"status":"passed","title":"uses the guard-loaded retention for both writes when a message spoofs the chat type"},{"ancestorTitles":["message route conversation ownership filters"],"duration":3,"failing":false,"failureDetails":[],"failureMessages":[],"fullName":"message route conversation ownership filters carries server-private context meta onto the branch","invocations":1,"location":null,"numPassingAsserts":4,"retryReasons":[],"startAt":1789958959169,"status":"passed","title":"carries server-private context meta onto the branch"},{"ancestorTitles":["message route conversation ownership filters"],"duration":1,"failing":false,"failureDetails":[],"failureMessages":[],"fullName":"message route conversation ownership filters leaves context meta absent when the source has none","invocations":1,"location":null,"numPassingAsserts":4,"retryReasons":[],"startAt":1789958959172,"status":"passed","title":"leaves context meta absent when the source has none"},{"ancestorTitles":["message route conversation ownership filters"],"duration":2,"failing":false,"failureDetails":[],"failureMessages":[],"fullName":"message route conversation ownership filters does not hydrate branch files for an inert file policy","invocations":1,"location":null,"numPassingAsserts":3,"retryReasons":[],"startAt":1789958959173,"status":"passed","title":"does not hydrate branch files for an inert file policy"},{"ancestorTitles":["message route conversation ownership filters"],"duration":1,"failing":false,"failureDetails":[],"failureMessages":[],"fullName":"message route conversation ownership filters rechecks branched user-authored content under the current policy before saving","invocations":1,"location":null,"numPassingAsserts":4,"retryReasons":[],"startAt":1789958959175,"status":"passed","title":"rechecks branched user-authored content under the current policy before saving"},{"ancestorTitles":["message route conversation ownership filters"],"duration":4,"failing":false,"failureDetails":[],"failureMessages":[],"fullName":"message route conversation ownership filters should pass only mutable conversation fields to saveConvo","invocations":1,"location":null,"numPassingAsserts":12,"retryReasons":[],"startAt":1789958959176,"status":"passed","title":"should pass only mutable conversation fields to saveConvo"},{"ancestorTitles":["message route conversation ownership filters"],"duration":2,"failing":false,"failureDetails":[],"failureMessages":[],"fullName":"message route conversation ownership filters should filter conversation message reads by authenticated user","invocations":1,"location":null,"numPassingAsserts":2,"retryReasons":[],"startAt":1789958959180,"status":"passed","title":"should filter conversation message reads by authenticated user"},{"ancestorTitles":["message route conversation ownership filters"],"duration":2,"failing":false,"failureDetails":[],"failureMessages":[],"fullName":"message route conversation ownership filters uses the default page size for message search limits","invocations":1,"location":null,"numPassingAsserts":3,"retryReasons":[],"startAt":1789958959182,"status":"passed","title":"uses the default page size for message search limits"},{"ancestorTitles":["message route conversation ownership filters"],"duration":1,"failing":false,"failureDetails":[],"failureMessages":[],"fullName":"message route conversation ownership filters uses the custom page size for message search limits","invocations":1,"location":null,"numPassingAsserts":3,"retryReasons":[],"startAt":1789958959184,"status":"passed","title":"uses the custom page size for message search limits"},{"ancestorTitles":["message route conversation ownership filters"],"duration":1,"failing":false,"failureDetails":[],"failureMessages":[],"fullName":"message route conversation ownership filters uses the capped page size for message search limits","invocations":1,"location":null,"numPassingAsserts":3,"retryReasons":[],"startAt":1789958959185,"status":"passed","title":"uses the capped page size for message search limits"},{"ancestorTitles":["message route conversation ownership filters"],"duration":1,"failing":false,"failureDetails":[],"failureMessages":[],"fullName":"message route conversation ownership filters uses the invalid page size for message search limits","invocations":1,"location":null,"numPassingAsserts":3,"retryReasons":[],"startAt":1789958959186,"status":"passed","title":"uses the invalid page size for message search limits"},{"ancestorTitles":["message route conversation ownership filters"],"duration":1,"failing":false,"failureDetails":[],"failureMessages":[],"fullName":"message route conversation ownership filters strips server-private context meta from hydrated search hits","invocations":1,"location":null,"numPassingAsserts":4,"retryReasons":[],"startAt":1789958959187,"status":"passed","title":"strips server-private context meta from hydrated search hits"},{"ancestorTitles":["message route conversation ownership filters"],"duration":2,"failing":false,"failureDetails":[],"failureMessages":[],"fullName":"message route conversation ownership filters returns indistinguishable not-found responses for child and missing query reads","invocations":1,"location":null,"numPassingAsserts":5,"retryReasons":[],"startAt":1789958959188,"status":"passed","title":"returns indistinguishable not-found responses for child and missing query reads"},{"ancestorTitles":["message route conversation ownership filters"],"duration":1,"failing":false,"failureDetails":[],"failureMessages":[],"fullName":"message route conversation ownership filters starts the single-message query read before ownership validation resolves","invocations":1,"location":null,"numPassingAsserts":2,"retryReasons":[],"startAt":1789958959190,"status":"passed","title":"starts the single-message query read before ownership validation resolves"},{"ancestorTitles":["message route conversation ownership filters"],"duration":1,"failing":false,"failureDetails":[],"failureMessages":[],"fullName":"message route conversation ownership filters starts the cursor query read before ownership validation resolves","invocations":1,"location":null,"numPassingAsserts":2,"retryReasons":[],"startAt":1789958959191,"status":"passed","title":"starts the cursor query read before ownership validation resolves"},{"ancestorTitles":["message route conversation ownership filters"],"duration":1,"failing":false,"failureDetails":[],"failureMessages":[],"fullName":"message route conversation ownership filters allows an ordinary owned conversation query read","invocations":1,"location":null,"numPassingAsserts":2,"retryReasons":[],"startAt":1789958959192,"status":"passed","title":"allows an ordinary owned conversation query read"},{"ancestorTitles":["message route conversation ownership filters"],"duration":1,"failing":false,"failureDetails":[],"failureMessages":[],"fullName":"message route conversation ownership filters allows an owner-scoped active generation before its conversation row exists","invocations":1,"location":null,"numPassingAsserts":4,"retryReasons":[],"startAt":1789958959193,"status":"passed","title":"allows an owner-scoped active generation before its conversation row exists"},{"ancestorTitles":["message route conversation ownership filters"],"duration":1,"failing":false,"failureDetails":[],"failureMessages":[],"fullName":"message route conversation ownership filters projects a single-message query read like every other client read","invocations":1,"location":null,"numPassingAsserts":2,"retryReasons":[],"startAt":1789958959194,"status":"passed","title":"projects a single-message query read like every other client read"},{"ancestorTitles":["message route conversation ownership filters"],"duration":1,"failing":false,"failureDetails":[],"failureMessages":[],"fullName":"message route conversation ownership filters should start conversation message reads before validation resolves","invocations":1,"location":null,"numPassingAsserts":4,"retryReasons":[],"startAt":1789958959195,"status":"passed","title":"should start conversation message reads before validation resolves"},{"ancestorTitles":["message route conversation ownership filters"],"duration":1,"failing":false,"failureDetails":[],"failureMessages":[],"fullName":"message route conversation ownership filters should not return fetched messages when conversation validation fails","invocations":1,"location":null,"numPassingAsserts":3,"retryReasons":[],"startAt":1789958959196,"status":"passed","title":"should not return fetched messages when conversation validation fails"},{"ancestorTitles":["message route conversation ownership filters"],"duration":1,"failing":false,"failureDetails":[],"failureMessages":[],"fullName":"message route conversation ownership filters should filter single message reads by authenticated user","invocations":1,"location":null,"numPassingAsserts":2,"retryReasons":[],"startAt":1789958959197,"status":"passed","title":"should filter single message reads by authenticated user"},{"ancestorTitles":["message route conversation ownership filters"],"duration":2,"failing":false,"failureDetails":[],"failureMessages":[],"fullName":"message route conversation ownership filters should classify indexed text edits as message content parts","invocations":1,"location":null,"numPassingAsserts":3,"retryReasons":[],"startAt":1789958959198,"status":"passed","title":"should classify indexed text edits as message content parts"},{"ancestorTitles":["message route conversation ownership filters"],"duration":3,"failing":false,"failureDetails":[],"failureMessages":[],"fullName":"message route conversation ownership filters marks direct assistant text edits as user-submitted","invocations":1,"location":null,"numPassingAsserts":2,"retryReasons":[],"startAt":1789958959200,"status":"passed","title":"marks direct assistant text edits as user-submitted"},{"ancestorTitles":["message route conversation ownership filters"],"duration":1,"failing":false,"failureDetails":[],"failureMessages":[],"fullName":"message route conversation ownership filters filters the finalized indexed edit without rescanning persisted siblings","invocations":1,"location":null,"numPassingAsserts":3,"retryReasons":[],"startAt":1789958959203,"status":"passed","title":"filters the finalized indexed edit without rescanning persisted siblings"},{"ancestorTitles":["message route conversation ownership filters"],"duration":1,"failing":false,"failureDetails":[],"failureMessages":[],"fullName":"message route conversation ownership filters filters partial fragments when indexed stored-message traversal exceeds its bound","invocations":1,"location":null,"numPassingAsserts":5,"retryReasons":[],"startAt":1789958959204,"status":"passed","title":"filters partial fragments when indexed stored-message traversal exceeds its bound"},{"ancestorTitles":["message route conversation ownership filters"],"duration":1,"failing":false,"failureDetails":[],"failureMessages":[],"fullName":"message route conversation ownership filters allows indexed edits when a bounded traversal only affects unprotected scopes","invocations":1,"location":null,"numPassingAsserts":3,"retryReasons":[],"startAt":1789958959205,"status":"passed","title":"allows indexed edits when a bounded traversal only affects unprotected scopes"},{"ancestorTitles":["message route conversation ownership filters"],"duration":1,"failing":false,"failureDetails":[],"failureMessages":[],"fullName":"message route conversation ownership filters filters the final artifact text assembled from existing and submitted content","invocations":1,"location":null,"numPassingAsserts":3,"retryReasons":[],"startAt":1789958959206,"status":"passed","title":"filters the final artifact text assembled from existing and submitted content"},{"ancestorTitles":["message route conversation ownership filters"],"duration":1,"failing":false,"failureDetails":[],"failureMessages":[],"fullName":"message route conversation ownership filters returns a raw-free traversal response when artifact content cannot be fully inspected","invocations":1,"location":null,"numPassingAsserts":5,"retryReasons":[],"startAt":1789958959207,"status":"passed","title":"returns a raw-free traversal response when artifact content cannot be fully inspected"},{"ancestorTitles":["message route conversation ownership filters"],"duration":1,"failing":false,"failureDetails":[],"failureMessages":[],"fullName":"message route conversation ownership filters marks successful assistant artifact edits as user-submitted","invocations":1,"location":null,"numPassingAsserts":2,"retryReasons":[],"startAt":1789958959209,"status":"passed","title":"marks successful assistant artifact edits as user-submitted"},{"ancestorTitles":["message route conversation ownership filters"],"duration":1,"failing":false,"failureDetails":[],"failureMessages":[],"fullName":"message route conversation ownership filters filters edited text after recombining persisted user quotes","invocations":1,"location":null,"numPassingAsserts":3,"retryReasons":[],"startAt":1789958959210,"status":"passed","title":"filters edited text after recombining persisted user quotes"}],"endTime":1789958959211,"message":"","name":"/Users/oubiwann/lab/billosys/LibreChat/api/server/routes/__tests__/messages-get.spec.js","startTime":1789958958876,"status":"passed","summary":""},{"assertionResults":[{"ancestorTitles":["GET /api/messages/:conversationId with real validation middleware"],"duration":2,"failing":false,"failureDetails":[],"failureMessages":[],"fullName":"GET /api/messages/:conversationId with real validation middleware returns the existing empty response for new conversations without fetching messages","invocations":1,"location":null,"numPassingAsserts":4,"retryReasons":[],"startAt":1789958960342,"status":"passed","title":"returns the existing empty response for new conversations without fetching messages"},{"ancestorTitles":["GET /api/messages/:conversationId with real validation middleware"],"duration":2,"failing":false,"failureDetails":[],"failureMessages":[],"fullName":"GET /api/messages/:conversationId with real validation middleware starts user-scoped message reads before real conversation validation resolves","invocations":1,"location":null,"numPassingAsserts":5,"retryReasons":[],"startAt":1789958960344,"status":"passed","title":"starts user-scoped message reads before real conversation validation resolves"},{"ancestorTitles":["GET /api/messages/:conversationId with real validation middleware"],"duration":1,"failing":false,"failureDetails":[],"failureMessages":[],"fullName":"GET /api/messages/:conversationId with real validation middleware does not return messages for a directly addressed child thread","invocations":1,"location":null,"numPassingAsserts":2,"retryReasons":[],"startAt":1789958960346,"status":"passed","title":"does not return messages for a directly addressed child thread"},{"ancestorTitles":["GET /api/messages/:conversationId with real validation middleware"],"duration":1,"failing":false,"failureDetails":[],"failureMessages":[],"fullName":"GET /api/messages/:conversationId with real validation middleware does not expose a directly addressed child thread through HEAD","invocations":1,"location":null,"numPassingAsserts":1,"retryReasons":[],"startAt":1789958960348,"status":"passed","title":"does not expose a directly addressed child thread through HEAD"}],"endTime":1789958960349,"message":"","name":"/Users/oubiwann/lab/billosys/LibreChat/api/server/routes/__tests__/messages-get-real-validation.spec.js","startTime":1789958959214,"status":"passed","summary":""}],"wasInterrupted":false}
