{"numFailedTestSuites":0,"numFailedTests":0,"numPassedTestSuites":3,"numPassedTests":69,"numPendingTestSuites":0,"numPendingTests":0,"numRuntimeErrorTestSuites":0,"numTodoTests":0,"numTotalTestSuites":3,"numTotalTests":69,"openHandles":[],"snapshot":{"added":0,"didUpdate":false,"failure":false,"filesAdded":0,"filesRemoved":0,"filesRemovedList":[],"filesUnmatched":0,"filesUpdated":0,"matched":0,"total":0,"unchecked":0,"uncheckedKeysByFile":[],"unmatched":0,"updated":0},"startTime":1789958888459,"success":true,"testResults":[{"assertionResults":[{"ancestorTitles":["importChatGptConvo"],"duration":5,"failing":false,"failureDetails":[],"failureMessages":[],"fullName":"importChatGptConvo should import conversation correctly","invocations":1,"location":null,"numPassingAsserts":4,"retryReasons":[],"startAt":1789958892432,"status":"passed","title":"should import conversation correctly"},{"ancestorTitles":["importChatGptConvo"],"duration":2,"failing":false,"failureDetails":[],"failureMessages":[],"fullName":"importChatGptConvo should maintain correct message hierarchy (tree parent/children relationship)","invocations":1,"location":null,"numPassingAsserts":14,"retryReasons":[],"startAt":1789958892438,"status":"passed","title":"should maintain correct message hierarchy (tree parent/children relationship)"},{"ancestorTitles":["importChatGptConvo"],"duration":1,"failing":false,"failureDetails":[],"failureMessages":[],"fullName":"importChatGptConvo should handle system messages without breaking parent-child relationships","invocations":1,"location":null,"numPassingAsserts":9,"retryReasons":[],"startAt":1789958892440,"status":"passed","title":"should handle system messages without breaking parent-child relationships"},{"ancestorTitles":["importChatGptConvo"],"duration":1,"failing":false,"failureDetails":[],"failureMessages":[],"fullName":"importChatGptConvo should maintain correct sender for user messages regardless of GPT-4 model","invocations":1,"location":null,"numPassingAsserts":16,"retryReasons":[],"startAt":1789958892441,"status":"passed","title":"should maintain correct sender for user messages regardless of GPT-4 model"},{"ancestorTitles":["importChatGptConvo"],"duration":1,"failing":false,"failureDetails":[],"failureMessages":[],"fullName":"importChatGptConvo should correctly extract and format model names from various model slugs","invocations":1,"location":null,"numPassingAsserts":18,"retryReasons":[],"startAt":1789958892442,"status":"passed","title":"should correctly extract and format model names from various model slugs"},{"ancestorTitles":["importChatGptConvo"],"duration":1,"failing":false,"failureDetails":[],"failureMessages":[],"fullName":"importChatGptConvo should merge thinking content into assistant message","invocations":1,"location":null,"numPassingAsserts":11,"retryReasons":[],"startAt":1789958892443,"status":"passed","title":"should merge thinking content into assistant message"},{"ancestorTitles":["importChatGptConvo"],"duration":0,"failing":false,"failureDetails":[],"failureMessages":[],"fullName":"importChatGptConvo should skip reasoning_recap and thoughts messages as separate entries","invocations":1,"location":null,"numPassingAsserts":3,"retryReasons":[],"startAt":1789958892444,"status":"passed","title":"should skip reasoning_recap and thoughts messages as separate entries"},{"ancestorTitles":["importChatGptConvo"],"duration":1,"failing":false,"failureDetails":[],"failureMessages":[],"fullName":"importChatGptConvo should set createdAt from ChatGPT create_time","invocations":1,"location":null,"numPassingAsserts":2,"retryReasons":[],"startAt":1789958892444,"status":"passed","title":"should set createdAt from ChatGPT create_time"},{"ancestorTitles":["importChatGptConvo"],"duration":0,"failing":false,"failureDetails":[],"failureMessages":[],"fullName":"importChatGptConvo should import messages missing metadata without failing (newer ChatGPT exports)","invocations":1,"location":null,"numPassingAsserts":4,"retryReasons":[],"startAt":1789958892445,"status":"passed","title":"should import messages missing metadata without failing (newer ChatGPT exports)"},{"ancestorTitles":["importChatGptConvo"],"duration":1,"failing":false,"failureDetails":[],"failureMessages":[],"fullName":"importChatGptConvo should rethrow errors so failed imports are not reported as successful","invocations":1,"location":null,"numPassingAsserts":1,"retryReasons":[],"startAt":1789958892446,"status":"passed","title":"should rethrow errors so failed imports are not reported as successful"},{"ancestorTitles":["importLibreChatConvo"],"duration":1,"failing":false,"failureDetails":[],"failureMessages":[],"fullName":"importLibreChatConvo should import conversation correctly","invocations":1,"location":null,"numPassingAsserts":6,"retryReasons":[],"startAt":1789958892447,"status":"passed","title":"should import conversation correctly"},{"ancestorTitles":["importLibreChatConvo"],"duration":7,"failing":false,"failureDetails":[],"failureMessages":[],"fullName":"importLibreChatConvo strips MCP-UI attachments from linear imports","invocations":1,"location":null,"numPassingAsserts":3,"retryReasons":[],"startAt":1789958892449,"status":"passed","title":"strips MCP-UI attachments from linear imports"},{"ancestorTitles":["importLibreChatConvo"],"duration":5,"failing":false,"failureDetails":[],"failureMessages":[],"fullName":"importLibreChatConvo strips MCP-UI attachments from recursive imports","invocations":1,"location":null,"numPassingAsserts":3,"retryReasons":[],"startAt":1789958892457,"status":"passed","title":"strips MCP-UI attachments from recursive imports"},{"ancestorTitles":["importLibreChatConvo"],"duration":2,"failing":false,"failureDetails":[],"failureMessages":[],"fullName":"importLibreChatConvo strips MCP-UI attachments from numeric-author imports","invocations":1,"location":null,"numPassingAsserts":3,"retryReasons":[],"startAt":1789958892462,"status":"passed","title":"strips MCP-UI attachments from numeric-author imports"},{"ancestorTitles":["importLibreChatConvo"],"duration":2,"failing":false,"failureDetails":[],"failureMessages":[],"fullName":"importLibreChatConvo strips MCP-UI attachments from omitted-author imports","invocations":1,"location":null,"numPassingAsserts":3,"retryReasons":[],"startAt":1789958892464,"status":"passed","title":"strips MCP-UI attachments from omitted-author imports"},{"ancestorTitles":["importLibreChatConvo"],"duration":1,"failing":false,"failureDetails":[],"failureMessages":[],"fullName":"importLibreChatConvo drops server-private context meta and trace sampling from imported messages","invocations":1,"location":null,"numPassingAsserts":5,"retryReasons":[],"startAt":1789958892466,"status":"passed","title":"drops server-private context meta and trace sampling from imported messages"},{"ancestorTitles":["importLibreChatConvo"],"duration":1,"failing":false,"failureDetails":[],"failureMessages":[],"fullName":"importLibreChatConvo sanitizes singleton content and attachment fields before Mongoose array casting","invocations":1,"location":null,"numPassingAsserts":3,"retryReasons":[],"startAt":1789958892467,"status":"passed","title":"sanitizes singleton content and attachment fields before Mongoose array casting"},{"ancestorTitles":["importLibreChatConvo"],"duration":1,"failing":false,"failureDetails":[],"failureMessages":[],"fullName":"importLibreChatConvo matches text and content renderers for author flag true while stripping attachments","invocations":1,"location":null,"numPassingAsserts":3,"retryReasons":[],"startAt":1789958892468,"status":"passed","title":"matches text and content renderers for author flag true while stripping attachments"},{"ancestorTitles":["importLibreChatConvo"],"duration":2,"failing":false,"failureDetails":[],"failureMessages":[],"fullName":"importLibreChatConvo matches text and content renderers for author flag null while stripping attachments","invocations":1,"location":null,"numPassingAsserts":3,"retryReasons":[],"startAt":1789958892469,"status":"passed","title":"matches text and content renderers for author flag null while stripping attachments"},{"ancestorTitles":["importLibreChatConvo"],"duration":1,"failing":false,"failureDetails":[],"failureMessages":[],"fullName":"importLibreChatConvo should import linear, non-recursive thread correctly with correct endpoint","invocations":1,"location":null,"numPassingAsserts":7,"retryReasons":[],"startAt":1789958892471,"status":"passed","title":"should import linear, non-recursive thread correctly with correct endpoint"},{"ancestorTitles":["importLibreChatConvo"],"duration":1,"failing":false,"failureDetails":[],"failureMessages":[],"fullName":"importLibreChatConvo should maintain correct message hierarchy (tree parent/children relationship)","invocations":1,"location":null,"numPassingAsserts":21,"retryReasons":[],"startAt":1789958892472,"status":"passed","title":"should maintain correct message hierarchy (tree parent/children relationship)"},{"ancestorTitles":["importLibreChatConvo"],"duration":1,"failing":false,"failureDetails":[],"failureMessages":[],"fullName":"importLibreChatConvo should maintain correct message hierarchy (non-recursive)","invocations":1,"location":null,"numPassingAsserts":4,"retryReasons":[],"startAt":1789958892473,"status":"passed","title":"should maintain correct message hierarchy (non-recursive)"},{"ancestorTitles":["importLibreChatConvo"],"duration":0,"failing":false,"failureDetails":[],"failureMessages":[],"fullName":"importLibreChatConvo should retain properties from the original conversation as well as new settings","invocations":1,"location":null,"numPassingAsserts":6,"retryReasons":[],"startAt":1789958892474,"status":"passed","title":"should retain properties from the original conversation as well as new settings"},{"ancestorTitles":["importLibreChatConvo","finishConversation"],"duration":1,"failing":false,"failureDetails":[],"failureMessages":[],"fullName":"importLibreChatConvo finishConversation should retain properties from the original conversation as well as update with new settings","invocations":1,"location":null,"numPassingAsserts":2,"retryReasons":[],"startAt":1789958892474,"status":"passed","title":"should retain properties from the original conversation as well as update with new settings"},{"ancestorTitles":["importLibreChatConvo","finishConversation"],"duration":0,"failing":false,"failureDetails":[],"failureMessages":[],"fullName":"importLibreChatConvo finishConversation should use default values if not provided in the original conversation or as parameters","invocations":1,"location":null,"numPassingAsserts":2,"retryReasons":[],"startAt":1789958892475,"status":"passed","title":"should use default values if not provided in the original conversation or as parameters"},{"ancestorTitles":["importLibreChatConvo","finishConversation"],"duration":0,"failing":false,"failureDetails":[],"failureMessages":[],"fullName":"importLibreChatConvo finishConversation should default to the anthropic model for anthropic-endpoint conversations","invocations":1,"location":null,"numPassingAsserts":2,"retryReasons":[],"startAt":1789958892475,"status":"passed","title":"should default to the anthropic model for anthropic-endpoint conversations"},{"ancestorTitles":["importLibreChatConvo","finishConversation"],"duration":1,"failing":false,"failureDetails":[],"failureMessages":[],"fullName":"importLibreChatConvo finishConversation should default to the openAI model for openAI-endpoint conversations","invocations":1,"location":null,"numPassingAsserts":2,"retryReasons":[],"startAt":1789958892475,"status":"passed","title":"should default to the openAI model for openAI-endpoint conversations"},{"ancestorTitles":["importLibreChatConvo","finishConversation"],"duration":0,"failing":false,"failureDetails":[],"failureMessages":[],"fullName":"importLibreChatConvo finishConversation applies all-data retention to imports with general retention undefined","invocations":1,"location":null,"numPassingAsserts":7,"retryReasons":[],"startAt":1789958892476,"status":"passed","title":"applies all-data retention to imports with general retention undefined"},{"ancestorTitles":["importLibreChatConvo","finishConversation"],"duration":0,"failing":false,"failureDetails":[],"failureMessages":[],"fullName":"importLibreChatConvo finishConversation applies all-data retention to imports with general retention 2160","invocations":1,"location":null,"numPassingAsserts":7,"retryReasons":[],"startAt":1789958892476,"status":"passed","title":"applies all-data retention to imports with general retention 2160"},{"ancestorTitles":["importChatBotUiConvo"],"duration":1,"failing":false,"failureDetails":[],"failureMessages":[],"fullName":"importChatBotUiConvo should import custom conversation correctly","invocations":1,"location":null,"numPassingAsserts":11,"retryReasons":[],"startAt":1789958892477,"status":"passed","title":"should import custom conversation correctly"},{"ancestorTitles":["getImporter"],"duration":1,"failing":false,"failureDetails":[],"failureMessages":[],"fullName":"getImporter should throw an error if the import type is not supported","invocations":1,"location":null,"numPassingAsserts":1,"retryReasons":[],"startAt":1789958892478,"status":"passed","title":"should throw an error if the import type is not supported"},{"ancestorTitles":["getImporter"],"duration":0,"failing":false,"failureDetails":[],"failureMessages":[],"fullName":"getImporter should throw for array-based files that are not ChatGPT or Claude exports","invocations":1,"location":null,"numPassingAsserts":1,"retryReasons":[],"startAt":1789958892479,"status":"passed","title":"should throw for array-based files that are not ChatGPT or Claude exports"},{"ancestorTitles":["getImporter"],"duration":0,"failing":false,"failureDetails":[],"failureMessages":[],"fullName":"getImporter should route empty arrays to the ChatGPT importer without throwing","invocations":1,"location":null,"numPassingAsserts":1,"retryReasons":[],"startAt":1789958892479,"status":"passed","title":"should route empty arrays to the ChatGPT importer without throwing"},{"ancestorTitles":["processAssistantMessage"],"duration":0,"failing":false,"failureDetails":[],"failureMessages":[],"fullName":"processAssistantMessage should correctly process citations and replace them with markdown links","invocations":1,"location":null,"numPassingAsserts":1,"retryReasons":[],"startAt":1789958892479,"status":"passed","title":"should correctly process citations and replace them with markdown links"},{"ancestorTitles":["processAssistantMessage"],"duration":2,"failing":false,"failureDetails":[],"failureMessages":[],"fullName":"processAssistantMessage should handle message with no citations","invocations":1,"location":null,"numPassingAsserts":1,"retryReasons":[],"startAt":1789958892479,"status":"passed","title":"should handle message with no citations"},{"ancestorTitles":["processAssistantMessage"],"duration":0,"failing":false,"failureDetails":[],"failureMessages":[],"fullName":"processAssistantMessage should handle citations with missing metadata","invocations":1,"location":null,"numPassingAsserts":1,"retryReasons":[],"startAt":1789958892481,"status":"passed","title":"should handle citations with missing metadata"},{"ancestorTitles":["processAssistantMessage"],"duration":0,"failing":false,"failureDetails":[],"failureMessages":[],"fullName":"processAssistantMessage should handle citations with non-webpage type","invocations":1,"location":null,"numPassingAsserts":1,"retryReasons":[],"startAt":1789958892481,"status":"passed","title":"should handle citations with non-webpage type"},{"ancestorTitles":["processAssistantMessage"],"duration":0,"failing":false,"failureDetails":[],"failureMessages":[],"fullName":"processAssistantMessage should handle empty message text","invocations":1,"location":null,"numPassingAsserts":1,"retryReasons":[],"startAt":1789958892481,"status":"passed","title":"should handle empty message text"},{"ancestorTitles":["processAssistantMessage"],"duration":0,"failing":false,"failureDetails":[],"failureMessages":[],"fullName":"processAssistantMessage should handle undefined message text","invocations":1,"location":null,"numPassingAsserts":1,"retryReasons":[],"startAt":1789958892481,"status":"passed","title":"should handle undefined message text"},{"ancestorTitles":["processAssistantMessage"],"duration":0,"failing":false,"failureDetails":[],"failureMessages":[],"fullName":"processAssistantMessage should handle invalid citation indices","invocations":1,"location":null,"numPassingAsserts":1,"retryReasons":[],"startAt":1789958892481,"status":"passed","title":"should handle invalid citation indices"},{"ancestorTitles":["processAssistantMessage"],"duration":1,"failing":false,"failureDetails":[],"failureMessages":[],"fullName":"processAssistantMessage should correctly process citations from real ChatGPT data","invocations":1,"location":null,"numPassingAsserts":9,"retryReasons":[],"startAt":1789958892481,"status":"passed","title":"should correctly process citations from real ChatGPT data"},{"ancestorTitles":["processAssistantMessage"],"duration":54,"failing":false,"failureDetails":[],"failureMessages":[],"fullName":"processAssistantMessage should link tens of thousands of citations in one message","invocations":1,"location":null,"numPassingAsserts":3,"retryReasons":[],"startAt":1789958892482,"status":"passed","title":"should link tens of thousands of citations in one message"},{"ancestorTitles":["processAssistantMessage"],"duration":0,"failing":false,"failureDetails":[],"failureMessages":[],"fullName":"processAssistantMessage should handle potential ReDoS attack payloads","invocations":1,"location":null,"numPassingAsserts":4,"retryReasons":[],"startAt":1789958892536,"status":"passed","title":"should handle potential ReDoS attack payloads"},{"ancestorTitles":["importClaudeConvo"],"duration":1,"failing":false,"failureDetails":[],"failureMessages":[],"fullName":"importClaudeConvo should import basic Claude conversation correctly","invocations":1,"location":null,"numPassingAsserts":11,"retryReasons":[],"startAt":1789958892536,"status":"passed","title":"should import basic Claude conversation correctly"},{"ancestorTitles":["importClaudeConvo"],"duration":0,"failing":false,"failureDetails":[],"failureMessages":[],"fullName":"importClaudeConvo should merge thinking content into assistant message","invocations":1,"location":null,"numPassingAsserts":6,"retryReasons":[],"startAt":1789958892537,"status":"passed","title":"should merge thinking content into assistant message"},{"ancestorTitles":["importClaudeConvo"],"duration":0,"failing":false,"failureDetails":[],"failureMessages":[],"fullName":"importClaudeConvo should not include model field (Claude exports do not contain model info)","invocations":1,"location":null,"numPassingAsserts":1,"retryReasons":[],"startAt":1789958892538,"status":"passed","title":"should not include model field (Claude exports do not contain model info)"},{"ancestorTitles":["importClaudeConvo"],"duration":0,"failing":false,"failureDetails":[],"failureMessages":[],"fullName":"importClaudeConvo should set the conversation endpoint and a Claude model so the chat UI loads correctly without a refresh","invocations":1,"location":null,"numPassingAsserts":4,"retryReasons":[],"startAt":1789958892538,"status":"passed","title":"should set the conversation endpoint and a Claude model so the chat UI loads correctly without a refresh"},{"ancestorTitles":["importClaudeConvo"],"duration":0,"failing":false,"failureDetails":[],"failureMessages":[],"fullName":"importClaudeConvo should prefer the first runtime-configured anthropic model over the hardcoded default","invocations":1,"location":null,"numPassingAsserts":2,"retryReasons":[],"startAt":1789958892538,"status":"passed","title":"should prefer the first runtime-configured anthropic model over the hardcoded default"},{"ancestorTitles":["importClaudeConvo"],"duration":0,"failing":false,"failureDetails":[],"failureMessages":[],"fullName":"importClaudeConvo should fall back to the anthropic hardcoded default when modelsConfig has no anthropic models","invocations":1,"location":null,"numPassingAsserts":2,"retryReasons":[],"startAt":1789958892539,"status":"passed","title":"should fall back to the anthropic hardcoded default when modelsConfig has no anthropic models"},{"ancestorTitles":["importClaudeConvo"],"duration":0,"failing":false,"failureDetails":[],"failureMessages":[],"fullName":"importClaudeConvo should fall back to the anthropic hardcoded default when getModelsConfig throws","invocations":1,"location":null,"numPassingAsserts":2,"retryReasons":[],"startAt":1789958892539,"status":"passed","title":"should fall back to the anthropic hardcoded default when getModelsConfig throws"},{"ancestorTitles":["importClaudeConvo"],"duration":0,"failing":false,"failureDetails":[],"failureMessages":[],"fullName":"importClaudeConvo should correct timestamp inversions (child before parent)","invocations":1,"location":null,"numPassingAsserts":1,"retryReasons":[],"startAt":1789958892539,"status":"passed","title":"should correct timestamp inversions (child before parent)"},{"ancestorTitles":["importClaudeConvo"],"duration":0,"failing":false,"failureDetails":[],"failureMessages":[],"fullName":"importClaudeConvo should use conversation create_time for null message timestamps","invocations":1,"location":null,"numPassingAsserts":1,"retryReasons":[],"startAt":1789958892539,"status":"passed","title":"should use conversation create_time for null message timestamps"},{"ancestorTitles":["importClaudeConvo"],"duration":1,"failing":false,"failureDetails":[],"failureMessages":[],"fullName":"importClaudeConvo should use text field as fallback when content array is empty","invocations":1,"location":null,"numPassingAsserts":1,"retryReasons":[],"startAt":1789958892539,"status":"passed","title":"should use text field as fallback when content array is empty"},{"ancestorTitles":["importClaudeConvo"],"duration":0,"failing":false,"failureDetails":[],"failureMessages":[],"fullName":"importClaudeConvo should skip empty messages","invocations":1,"location":null,"numPassingAsserts":1,"retryReasons":[],"startAt":1789958892540,"status":"passed","title":"should skip empty messages"},{"ancestorTitles":["importClaudeConvo"],"duration":0,"failing":false,"failureDetails":[],"failureMessages":[],"fullName":"importClaudeConvo should use default name for unnamed conversations","invocations":1,"location":null,"numPassingAsserts":1,"retryReasons":[],"startAt":1789958892540,"status":"passed","title":"should use default name for unnamed conversations"}],"endTime":1789958892541,"message":"","name":"/Users/oubiwann/lab/billosys/LibreChat/api/server/utils/import/importers.spec.js","startTime":1789958888486,"status":"passed","summary":""},{"assertionResults":[{"ancestorTitles":["Import Timestamp Ordering","LibreChat Import - Timestamp Issues"],"duration":1,"failing":false,"failureDetails":[],"failureMessages":[],"fullName":"Import Timestamp Ordering LibreChat Import - Timestamp Issues should maintain proper timestamp order between parent and child messages","invocations":1,"location":null,"numPassingAsserts":5,"retryReasons":[],"startAt":1789958893631,"status":"passed","title":"should maintain proper timestamp order between parent and child messages"},{"ancestorTitles":["Import Timestamp Ordering","LibreChat Import - Timestamp Issues"],"duration":1,"failing":false,"failureDetails":[],"failureMessages":[],"fullName":"Import Timestamp Ordering LibreChat Import - Timestamp Issues should handle complex multi-branch scenario with out-of-order timestamps","invocations":1,"location":null,"numPassingAsserts":4,"retryReasons":[],"startAt":1789958893632,"status":"passed","title":"should handle complex multi-branch scenario with out-of-order timestamps"},{"ancestorTitles":["Import Timestamp Ordering","LibreChat Import - Timestamp Issues"],"duration":0,"failing":false,"failureDetails":[],"failureMessages":[],"fullName":"Import Timestamp Ordering LibreChat Import - Timestamp Issues recursive format should NOW have timestamp protection","invocations":1,"location":null,"numPassingAsserts":9,"retryReasons":[],"startAt":1789958893633,"status":"passed","title":"recursive format should NOW have timestamp protection"},{"ancestorTitles":["Import Timestamp Ordering","ChatGPT Import - Timestamp Issues"],"duration":0,"failing":false,"failureDetails":[],"failureMessages":[],"fullName":"Import Timestamp Ordering ChatGPT Import - Timestamp Issues should correct timestamp inversions (child before parent)","invocations":1,"location":null,"numPassingAsserts":3,"retryReasons":[],"startAt":1789958893634,"status":"passed","title":"should correct timestamp inversions (child before parent)"},{"ancestorTitles":["Import Timestamp Ordering","ChatGPT Import - Timestamp Issues"],"duration":0,"failing":false,"failureDetails":[],"failureMessages":[],"fullName":"Import Timestamp Ordering ChatGPT Import - Timestamp Issues should use conv.create_time for null message timestamps","invocations":1,"location":null,"numPassingAsserts":4,"retryReasons":[],"startAt":1789958893634,"status":"passed","title":"should use conv.create_time for null message timestamps"},{"ancestorTitles":["Import Timestamp Ordering","ChatGPT Import - Timestamp Issues"],"duration":1,"failing":false,"failureDetails":[],"failureMessages":[],"fullName":"Import Timestamp Ordering ChatGPT Import - Timestamp Issues should terminate on cyclic parent relationships and break cycles before saving","invocations":1,"location":null,"numPassingAsserts":6,"retryReasons":[],"startAt":1789958893634,"status":"passed","title":"should terminate on cyclic parent relationships and break cycles before saving"},{"ancestorTitles":["Import Timestamp Ordering","ChatGPT Import - Timestamp Issues"],"duration":0,"failing":false,"failureDetails":[],"failureMessages":[],"fullName":"Import Timestamp Ordering ChatGPT Import - Timestamp Issues should not hang when findValidParent encounters a skippable-message cycle","invocations":1,"location":null,"numPassingAsserts":2,"retryReasons":[],"startAt":1789958893635,"status":"passed","title":"should not hang when findValidParent encounters a skippable-message cycle"},{"ancestorTitles":["Import Timestamp Ordering","Comparison with Fork Functionality"],"duration":0,"failing":false,"failureDetails":[],"failureMessages":[],"fullName":"Import Timestamp Ordering Comparison with Fork Functionality fork functionality correctly handles timestamp issues (for comparison)","invocations":1,"location":null,"numPassingAsserts":1,"retryReasons":[],"startAt":1789958893635,"status":"passed","title":"fork functionality correctly handles timestamp issues (for comparison)"},{"ancestorTitles":["Import Timestamp Ordering","Large exports"],"duration":458,"failing":false,"failureDetails":[],"failureMessages":[],"fullName":"Import Timestamp Ordering Large exports imports a flat LibreChat export whose messages all name an absent parent","invocations":1,"location":null,"numPassingAsserts":2,"retryReasons":[],"startAt":1789958893635,"status":"passed","title":"imports a flat LibreChat export whose messages all name an absent parent"},{"ancestorTitles":["Import Timestamp Ordering","Large exports"],"duration":491,"failing":false,"failureDetails":[],"failureMessages":[],"fullName":"Import Timestamp Ordering Large exports orders a long LibreChat chain whose timestamps all collide","invocations":1,"location":null,"numPassingAsserts":4,"retryReasons":[],"startAt":1789958894093,"status":"passed","title":"orders a long LibreChat chain whose timestamps all collide"},{"ancestorTitles":["Import Timestamp Ordering","Large exports"],"duration":105,"failing":false,"failureDetails":[],"failureMessages":[],"fullName":"Import Timestamp Ordering Large exports orders a long ChatGPT branch listed deepest-first","invocations":1,"location":null,"numPassingAsserts":5,"retryReasons":[],"startAt":1789958894584,"status":"passed","title":"orders a long ChatGPT branch listed deepest-first"},{"ancestorTitles":["Import Timestamp Ordering","Large exports"],"duration":118,"failing":false,"failureDetails":[],"failureMessages":[],"fullName":"Import Timestamp Ordering Large exports attaches many ChatGPT replies behind one long run of system messages","invocations":1,"location":null,"numPassingAsserts":3,"retryReasons":[],"startAt":1789958894689,"status":"passed","title":"attaches many ChatGPT replies behind one long run of system messages"}],"endTime":1789958894807,"message":"","name":"/Users/oubiwann/lab/billosys/LibreChat/api/server/utils/import/importers-timestamp.spec.js","startTime":1789958892558,"status":"passed","summary":""},{"assertionResults":[{"ancestorTitles":["importConversations database hardening"],"duration":2696,"failing":false,"failureDetails":[],"failureMessages":[],"fullName":"importConversations database hardening round-trips an existing browser export for its owner and tenant","invocations":1,"location":null,"numPassingAsserts":5,"retryReasons":[],"startAt":1789958896375,"status":"passed","title":"round-trips an existing browser export for its owner and tenant"},{"ancestorTitles":["importConversations database hardening"],"duration":341,"failing":false,"failureDetails":[],"failureMessages":[],"fullName":"importConversations database hardening rejects an oversized BSON record before persisting any part of a browser import","invocations":1,"location":null,"numPassingAsserts":4,"retryReasons":[],"startAt":1789958899071,"status":"passed","title":"rejects an oversized BSON record before persisting any part of a browser import"}],"endTime":1789958900217,"message":"","name":"/Users/oubiwann/lab/billosys/LibreChat/api/server/utils/import/importConversations.database.spec.js","startTime":1789958894815,"status":"passed","summary":""}],"wasInterrupted":false}
