{"numFailedTestSuites":0,"numFailedTests":0,"numPassedTestSuites":5,"numPassedTests":370,"numPendingTestSuites":0,"numPendingTests":0,"numRuntimeErrorTestSuites":0,"numTodoTests":0,"numTotalTestSuites":5,"numTotalTests":370,"openHandles":[],"snapshot":{"added":0,"didUpdate":false,"failure":false,"filesAdded":0,"filesRemoved":0,"filesRemovedList":[],"filesUnmatched":0,"filesUpdated":0,"matched":0,"total":0,"unchecked":0,"uncheckedKeysByFile":[],"unmatched":0,"updated":0},"startTime":1789958738216,"success":true,"testResults":[{"assertionResults":[{"ancestorTitles":["Conversation Operations","saveConvo"],"duration":1222,"failing":false,"failureDetails":[],"failureMessages":[],"fullName":"Conversation Operations saveConvo should save a conversation for an authenticated user","invocations":1,"location":null,"numPassingAsserts":6,"retryReasons":[],"startAt":1789958740823,"status":"passed","title":"should save a conversation for an authenticated user"},{"ancestorTitles":["Conversation Operations","saveConvo"],"duration":13,"failing":false,"failureDetails":[],"failureMessages":[],"fullName":"Conversation Operations saveConvo rejects actor checkpoint ownership evidence through ordinary saves and imports","invocations":1,"location":null,"numPassingAsserts":6,"retryReasons":[],"startAt":1789958742046,"status":"passed","title":"rejects actor checkpoint ownership evidence through ordinary saves and imports"},{"ancestorTitles":["Conversation Operations","saveConvo"],"duration":8,"failing":false,"failureDetails":[],"failureMessages":[],"fullName":"Conversation Operations saveConvo sets immutable agent attribution from server metadata only on insert","invocations":1,"location":null,"numPassingAsserts":2,"retryReasons":[],"startAt":1789958742059,"status":"passed","title":"sets immutable agent attribution from server metadata only on insert"},{"ancestorTitles":["Conversation Operations","saveConvo"],"duration":6,"failing":false,"failureDetails":[],"failureMessages":[],"fullName":"Conversation Operations saveConvo stores explicit null attribution for a new non-agent conversation","invocations":1,"location":null,"numPassingAsserts":1,"retryReasons":[],"startAt":1789958742067,"status":"passed","title":"stores explicit null attribution for a new non-agent conversation"},{"ancestorTitles":["Conversation Operations","saveConvo"],"duration":4,"failing":false,"failureDetails":[],"failureMessages":[],"fullName":"Conversation Operations saveConvo should query messages when saving a conversation","invocations":1,"location":null,"numPassingAsserts":1,"retryReasons":[],"startAt":1789958742073,"status":"passed","title":"should query messages when saving a conversation"},{"ancestorTitles":["Conversation Operations","saveConvo"],"duration":4,"failing":false,"failureDetails":[],"failureMessages":[],"fullName":"Conversation Operations saveConvo should handle newConversationId when provided","invocations":1,"location":null,"numPassingAsserts":1,"retryReasons":[],"startAt":1789958742077,"status":"passed","title":"should handle newConversationId when provided"},{"ancestorTitles":["Conversation Operations","saveConvo"],"duration":28,"failing":false,"failureDetails":[],"failureMessages":[],"fullName":"Conversation Operations saveConvo refreshes project stats when archiving a project conversation","invocations":1,"location":null,"numPassingAsserts":2,"retryReasons":[],"startAt":1789958742082,"status":"passed","title":"refreshes project stats when archiving a project conversation"},{"ancestorTitles":["Conversation Operations","saveConvo"],"duration":10,"failing":false,"failureDetails":[],"failureMessages":[],"fullName":"Conversation Operations saveConvo bulkSaveConvos keeps owned project ids and strips orphan ones","invocations":1,"location":null,"numPassingAsserts":3,"retryReasons":[],"startAt":1789958742110,"status":"passed","title":"bulkSaveConvos keeps owned project ids and strips orphan ones"},{"ancestorTitles":["Conversation Operations","saveConvo"],"duration":3,"failing":false,"failureDetails":[],"failureMessages":[],"fullName":"Conversation Operations saveConvo bulkSaveConvos strips supplied attribution and stores explicit null on insert","invocations":1,"location":null,"numPassingAsserts":1,"retryReasons":[],"startAt":1789958742120,"status":"passed","title":"bulkSaveConvos strips supplied attribution and stores explicit null on insert"},{"ancestorTitles":["Conversation Operations","saveConvo"],"duration":17,"failing":false,"failureDetails":[],"failureMessages":[],"fullName":"Conversation Operations saveConvo refreshes both projects when a save moves a conversation between them","invocations":1,"location":null,"numPassingAsserts":4,"retryReasons":[],"startAt":1789958742123,"status":"passed","title":"refreshes both projects when a save moves a conversation between them"},{"ancestorTitles":["Conversation Operations","saveConvo"],"duration":18,"failing":false,"failureDetails":[],"failureMessages":[],"fullName":"Conversation Operations saveConvo bulkSaveConvos refreshes the project a conversation leaves","invocations":1,"location":null,"numPassingAsserts":2,"retryReasons":[],"startAt":1789958742140,"status":"passed","title":"bulkSaveConvos refreshes the project a conversation leaves"},{"ancestorTitles":["Conversation Operations","saveConvo"],"duration":3,"failing":false,"failureDetails":[],"failureMessages":[],"fullName":"Conversation Operations saveConvo should not create a conversation when noUpsert is true and conversation does not exist","invocations":1,"location":null,"numPassingAsserts":2,"retryReasons":[],"startAt":1789958742158,"status":"passed","title":"should not create a conversation when noUpsert is true and conversation does not exist"},{"ancestorTitles":["Conversation Operations","saveConvo"],"duration":6,"failing":false,"failureDetails":[],"failureMessages":[],"fullName":"Conversation Operations saveConvo should update an existing conversation when noUpsert is true","invocations":1,"location":null,"numPassingAsserts":3,"retryReasons":[],"startAt":1789958742161,"status":"passed","title":"should update an existing conversation when noUpsert is true"},{"ancestorTitles":["Conversation Operations","saveConvo"],"duration":3,"failing":false,"failureDetails":[],"failureMessages":[],"fullName":"Conversation Operations saveConvo should still upsert by default when noUpsert is not provided","invocations":1,"location":null,"numPassingAsserts":3,"retryReasons":[],"startAt":1789958742167,"status":"passed","title":"should still upsert by default when noUpsert is not provided"},{"ancestorTitles":["Conversation Operations","saveConvo"],"duration":4,"failing":false,"failureDetails":[],"failureMessages":[],"fullName":"Conversation Operations saveConvo should handle unsetFields metadata","invocations":1,"location":null,"numPassingAsserts":1,"retryReasons":[],"startAt":1789958742170,"status":"passed","title":"should handle unsetFields metadata"},{"ancestorTitles":["Conversation Operations","saveConvo"],"duration":5,"failing":false,"failureDetails":[],"failureMessages":[],"fullName":"Conversation Operations saveConvo should set createdAt from metadata only on insert","invocations":1,"location":null,"numPassingAsserts":3,"retryReasons":[],"startAt":1789958742174,"status":"passed","title":"should set createdAt from metadata only on insert"},{"ancestorTitles":["Conversation Operations","saveConvo"],"duration":6,"failing":false,"failureDetails":[],"failureMessages":[],"fullName":"Conversation Operations saveConvo preserves insert defaults and suppressed timestamps for an archive pipeline upsert","invocations":1,"location":null,"numPassingAsserts":7,"retryReasons":[],"startAt":1789958742179,"status":"passed","title":"preserves insert defaults and suppressed timestamps for an archive pipeline upsert"},{"ancestorTitles":["Conversation Operations","saveConvo","preserveUpdatedAt"],"duration":86,"failing":false,"failureDetails":[],"failureMessages":[],"fullName":"Conversation Operations saveConvo preserveUpdatedAt leaves updatedAt untouched across an archive and unarchive round trip","invocations":1,"location":null,"numPassingAsserts":4,"retryReasons":[],"startAt":1789958742186,"status":"passed","title":"leaves updatedAt untouched across an archive and unarchive round trip"},{"ancestorTitles":["Conversation Operations","saveConvo","preserveUpdatedAt"],"duration":4,"failing":false,"failureDetails":[],"failureMessages":[],"fullName":"Conversation Operations saveConvo preserveUpdatedAt keeps the original archivedAt when the chat is already archived","invocations":1,"location":null,"numPassingAsserts":1,"retryReasons":[],"startAt":1789958742272,"status":"passed","title":"keeps the original archivedAt when the chat is already archived"},{"ancestorTitles":["Conversation Operations","saveConvo","preserveUpdatedAt"],"duration":5,"failing":false,"failureDetails":[],"failureMessages":[],"fullName":"Conversation Operations saveConvo preserveUpdatedAt archives with plain update operators rather than an aggregation pipeline","invocations":1,"location":null,"numPassingAsserts":5,"retryReasons":[],"startAt":1789958742276,"status":"passed","title":"archives with plain update operators rather than an aggregation pipeline"},{"ancestorTitles":["Conversation Operations","saveConvo","preserveUpdatedAt"],"duration":6,"failing":false,"failureDetails":[],"failureMessages":[],"fullName":"Conversation Operations saveConvo preserveUpdatedAt does not report a missing chat when an unarchive splits the archive writes","invocations":1,"location":null,"numPassingAsserts":3,"retryReasons":[],"startAt":1789958742281,"status":"passed","title":"does not report a missing chat when an unarchive splits the archive writes"},{"ancestorTitles":["Conversation Operations","saveConvo","preserveUpdatedAt"],"duration":15,"failing":false,"failureDetails":[],"failureMessages":[],"fullName":"Conversation Operations saveConvo preserveUpdatedAt does not report a missing chat when every archive retry is split","invocations":1,"location":null,"numPassingAsserts":2,"retryReasons":[],"startAt":1789958742287,"status":"passed","title":"does not report a missing chat when every archive retry is split"},{"ancestorTitles":["Conversation Operations","saveConvo","preserveUpdatedAt"],"duration":5,"failing":false,"failureDetails":[],"failureMessages":[],"fullName":"Conversation Operations saveConvo preserveUpdatedAt stamps again when unarchive lands before a pending repeated archive write","invocations":1,"location":null,"numPassingAsserts":4,"retryReasons":[],"startAt":1789958742302,"status":"passed","title":"stamps again when unarchive lands before a pending repeated archive write"},{"ancestorTitles":["Conversation Operations","saveConvo","preserveUpdatedAt"],"duration":4,"failing":false,"failureDetails":[],"failureMessages":[],"fullName":"Conversation Operations saveConvo preserveUpdatedAt stamps archivedAt on the first archive when the caller omits it","invocations":1,"location":null,"numPassingAsserts":2,"retryReasons":[],"startAt":1789958742307,"status":"passed","title":"stamps archivedAt on the first archive when the caller omits it"},{"ancestorTitles":["Conversation Operations","saveConvo","preserveUpdatedAt"],"duration":3,"failing":false,"failureDetails":[],"failureMessages":[],"fullName":"Conversation Operations saveConvo preserveUpdatedAt clears archivedAt on unarchive when the caller omits it","invocations":1,"location":null,"numPassingAsserts":1,"retryReasons":[],"startAt":1789958742311,"status":"passed","title":"clears archivedAt on unarchive when the caller omits it"},{"ancestorTitles":["Conversation Operations","saveConvo","preserveUpdatedAt"],"duration":8,"failing":false,"failureDetails":[],"failureMessages":[],"fullName":"Conversation Operations saveConvo preserveUpdatedAt does not drag a project pointer back when only metadata changes","invocations":1,"location":null,"numPassingAsserts":2,"retryReasons":[],"startAt":1789958742314,"status":"passed","title":"does not drag a project pointer back when only metadata changes"},{"ancestorTitles":["Conversation Operations","saveConvo","preserveUpdatedAt"],"duration":6,"failing":false,"failureDetails":[],"failureMessages":[],"fullName":"Conversation Operations saveConvo preserveUpdatedAt keeps updatedAt through the retention backfill","invocations":1,"location":null,"numPassingAsserts":2,"retryReasons":[],"startAt":1789958742322,"status":"passed","title":"keeps updatedAt through the retention backfill"},{"ancestorTitles":["Conversation Operations","saveConvo","preserveUpdatedAt"],"duration":4,"failing":false,"failureDetails":[],"failureMessages":[],"fullName":"Conversation Operations saveConvo preserveUpdatedAt still bumps updatedAt for an ordinary save","invocations":1,"location":null,"numPassingAsserts":1,"retryReasons":[],"startAt":1789958742328,"status":"passed","title":"still bumps updatedAt for an ordinary save"},{"ancestorTitles":["Conversation Operations","saveConvo","preserveUpdatedAt"],"duration":5,"failing":false,"failureDetails":[],"failureMessages":[],"fullName":"Conversation Operations saveConvo preserveUpdatedAt does not insert a timestampless conversation for an unknown id","invocations":1,"location":null,"numPassingAsserts":1,"retryReasons":[],"startAt":1789958742332,"status":"passed","title":"does not insert a timestampless conversation for an unknown id"},{"ancestorTitles":["Conversation Operations","saveConvo","setConvoPinned"],"duration":3,"failing":false,"failureDetails":[],"failureMessages":[],"fullName":"Conversation Operations saveConvo setConvoPinned pins a conversation without disturbing its timestamps","invocations":1,"location":null,"numPassingAsserts":4,"retryReasons":[],"startAt":1789958742337,"status":"passed","title":"pins a conversation without disturbing its timestamps"},{"ancestorTitles":["Conversation Operations","saveConvo","setConvoPinned"],"duration":4,"failing":false,"failureDetails":[],"failureMessages":[],"fullName":"Conversation Operations saveConvo setConvoPinned unpins a conversation without disturbing its timestamps","invocations":1,"location":null,"numPassingAsserts":2,"retryReasons":[],"startAt":1789958742340,"status":"passed","title":"unpins a conversation without disturbing its timestamps"},{"ancestorTitles":["Conversation Operations","saveConvo","setConvoPinned"],"duration":3,"failing":false,"failureDetails":[],"failureMessages":[],"fullName":"Conversation Operations saveConvo setConvoPinned does not read the conversation messages","invocations":1,"location":null,"numPassingAsserts":1,"retryReasons":[],"startAt":1789958742344,"status":"passed","title":"does not read the conversation messages"},{"ancestorTitles":["Conversation Operations","saveConvo","setConvoPinned"],"duration":4,"failing":false,"failureDetails":[],"failureMessages":[],"fullName":"Conversation Operations saveConvo setConvoPinned leaves the stored message list alone","invocations":1,"location":null,"numPassingAsserts":1,"retryReasons":[],"startAt":1789958742347,"status":"passed","title":"leaves the stored message list alone"},{"ancestorTitles":["Conversation Operations","saveConvo","setConvoPinned"],"duration":3,"failing":false,"failureDetails":[],"failureMessages":[],"fullName":"Conversation Operations saveConvo setConvoPinned returns null for an unknown id rather than inserting one","invocations":1,"location":null,"numPassingAsserts":2,"retryReasons":[],"startAt":1789958742351,"status":"passed","title":"returns null for an unknown id rather than inserting one"},{"ancestorTitles":["Conversation Operations","saveConvo","setConvoPinned"],"duration":3,"failing":false,"failureDetails":[],"failureMessages":[],"fullName":"Conversation Operations saveConvo setConvoPinned cannot pin another user’s conversation","invocations":1,"location":null,"numPassingAsserts":2,"retryReasons":[],"startAt":1789958742355,"status":"passed","title":"cannot pin another user’s conversation"},{"ancestorTitles":["Conversation Operations","code environment persistence during ordinary saves"],"duration":13,"failing":false,"failureDetails":[],"failureMessages":[],"fullName":"Conversation Operations code environment persistence during ordinary saves preserves attached through an approval pause and later saves","invocations":1,"location":null,"numPassingAsserts":9,"retryReasons":[],"startAt":1789958742358,"status":"passed","title":"preserves attached through an approval pause and later saves"},{"ancestorTitles":["Conversation Operations","code environment persistence during ordinary saves"],"duration":9,"failing":false,"failureDetails":[],"failureMessages":[],"fullName":"Conversation Operations code environment persistence during ordinary saves preserves without_attached through an approval pause and later saves","invocations":1,"location":null,"numPassingAsserts":9,"retryReasons":[],"startAt":1789958742371,"status":"passed","title":"preserves without_attached through an approval pause and later saves"},{"ancestorTitles":["Conversation Operations","code environment persistence during ordinary saves"],"duration":9,"failing":false,"failureDetails":[],"failureMessages":[],"fullName":"Conversation Operations code environment persistence during ordinary saves cannot overwrite an explicit move with a stale turn-start snapshot","invocations":1,"location":null,"numPassingAsserts":3,"retryReasons":[],"startAt":1789958742381,"status":"passed","title":"cannot overwrite an explicit move with a stale turn-start snapshot"},{"ancestorTitles":["Conversation Operations","code environment persistence during ordinary saves"],"duration":8,"failing":false,"failureDetails":[],"failureMessages":[],"fullName":"Conversation Operations code environment persistence during ordinary saves seeds imported decisions without letting repeated imports undo a move","invocations":1,"location":null,"numPassingAsserts":3,"retryReasons":[],"startAt":1789958742390,"status":"passed","title":"seeds imported decisions without letting repeated imports undo a move"},{"ancestorTitles":["Conversation Operations","code environment persistence during ordinary saves"],"duration":63,"failing":false,"failureDetails":[],"failureMessages":[],"fullName":"Conversation Operations code environment persistence during ordinary saves preserves a legacy decision","invocations":1,"location":null,"numPassingAsserts":2,"retryReasons":[],"startAt":1789958742398,"status":"passed","title":"preserves a legacy decision"},{"ancestorTitles":["Conversation Operations","code environment persistence during ordinary saves"],"duration":7,"failing":false,"failureDetails":[],"failureMessages":[],"fullName":"Conversation Operations code environment persistence during ordinary saves records the first decision of a saved chat that holds none","invocations":1,"location":null,"numPassingAsserts":4,"retryReasons":[],"startAt":1789958742461,"status":"passed","title":"records the first decision of a saved chat that holds none"},{"ancestorTitles":["Conversation Operations","code environment persistence during ordinary saves"],"duration":6,"failing":false,"failureDetails":[],"failureMessages":[],"fullName":"Conversation Operations code environment persistence during ordinary saves keeps the decision it recorded when a later turn resolves another","invocations":1,"location":null,"numPassingAsserts":2,"retryReasons":[],"startAt":1789958742468,"status":"passed","title":"keeps the decision it recorded when a later turn resolves another"},{"ancestorTitles":["Conversation Operations","code environment persistence during ordinary saves"],"duration":3,"failing":false,"failureDetails":[],"failureMessages":[],"fullName":"Conversation Operations code environment persistence during ordinary saves leaves a chat undecided when a save carries selections without a mode","invocations":1,"location":null,"numPassingAsserts":2,"retryReasons":[],"startAt":1789958742474,"status":"passed","title":"leaves a chat undecided when a save carries selections without a mode"},{"ancestorTitles":["Conversation Operations","replaceConvoCodeEnvironmentDecision"],"duration":4,"failing":false,"failureDetails":[],"failureMessages":[],"fullName":"Conversation Operations replaceConvoCodeEnvironmentDecision replaces the decision it read without disturbing timestamps","invocations":1,"location":null,"numPassingAsserts":3,"retryReasons":[],"startAt":1789958742477,"status":"passed","title":"replaces the decision it read without disturbing timestamps"},{"ancestorTitles":["Conversation Operations","replaceConvoCodeEnvironmentDecision"],"duration":3,"failing":false,"failureDetails":[],"failureMessages":[],"fullName":"Conversation Operations replaceConvoCodeEnvironmentDecision replaces a legacy decision stored without a mode","invocations":1,"location":null,"numPassingAsserts":2,"retryReasons":[],"startAt":1789958742481,"status":"passed","title":"replaces a legacy decision stored without a mode"},{"ancestorTitles":["Conversation Operations","replaceConvoCodeEnvironmentDecision"],"duration":6,"failing":false,"failureDetails":[],"failureMessages":[],"fullName":"Conversation Operations replaceConvoCodeEnvironmentDecision replaces a decision that saveConvo persisted","invocations":1,"location":null,"numPassingAsserts":2,"retryReasons":[],"startAt":1789958742484,"status":"passed","title":"replaces a decision that saveConvo persisted"},{"ancestorTitles":["Conversation Operations","replaceConvoCodeEnvironmentDecision"],"duration":4,"failing":false,"failureDetails":[],"failureMessages":[],"fullName":"Conversation Operations replaceConvoCodeEnvironmentDecision leaves a decision that changed after it was read untouched","invocations":1,"location":null,"numPassingAsserts":2,"retryReasons":[],"startAt":1789958742490,"status":"passed","title":"leaves a decision that changed after it was read untouched"},{"ancestorTitles":["Conversation Operations","replaceConvoCodeEnvironmentDecision"],"duration":3,"failing":false,"failureDetails":[],"failureMessages":[],"fullName":"Conversation Operations replaceConvoCodeEnvironmentDecision does not treat a reordered selection list as the decision it read","invocations":1,"location":null,"numPassingAsserts":1,"retryReasons":[],"startAt":1789958742494,"status":"passed","title":"does not treat a reordered selection list as the decision it read"},{"ancestorTitles":["Conversation Operations","replaceConvoCodeEnvironmentDecision"],"duration":2,"failing":false,"failureDetails":[],"failureMessages":[],"fullName":"Conversation Operations replaceConvoCodeEnvironmentDecision cannot move another user’s conversation","invocations":1,"location":null,"numPassingAsserts":2,"retryReasons":[],"startAt":1789958742497,"status":"passed","title":"cannot move another user’s conversation"},{"ancestorTitles":["Conversation Operations","saveConvo appendMessageIds"],"duration":6,"failing":false,"failureDetails":[],"failureMessages":[],"fullName":"Conversation Operations saveConvo appendMessageIds appends the provided ids without reading the messages collection","invocations":1,"location":null,"numPassingAsserts":4,"retryReasons":[],"startAt":1789958742499,"status":"passed","title":"appends the provided ids without reading the messages collection"},{"ancestorTitles":["Conversation Operations","saveConvo appendMessageIds"],"duration":5,"failing":false,"failureDetails":[],"failureMessages":[],"fullName":"Conversation Operations saveConvo appendMessageIds does not duplicate an id that is already recorded","invocations":1,"location":null,"numPassingAsserts":2,"retryReasons":[],"startAt":1789958742505,"status":"passed","title":"does not duplicate an id that is already recorded"},{"ancestorTitles":["Conversation Operations","saveConvo appendMessageIds"],"duration":3,"failing":false,"failureDetails":[],"failureMessages":[],"fullName":"Conversation Operations saveConvo appendMessageIds creates the conversation with the appended id when it does not exist yet","invocations":1,"location":null,"numPassingAsserts":3,"retryReasons":[],"startAt":1789958742510,"status":"passed","title":"creates the conversation with the appended id when it does not exist yet"},{"ancestorTitles":["Conversation Operations","saveConvo appendMessageIds"],"duration":4,"failing":false,"failureDetails":[],"failureMessages":[],"fullName":"Conversation Operations saveConvo appendMessageIds ignores a caller-supplied messages field so $set cannot conflict with the append","invocations":1,"location":null,"numPassingAsserts":1,"retryReasons":[],"startAt":1789958742514,"status":"passed","title":"ignores a caller-supplied messages field so $set cannot conflict with the append"},{"ancestorTitles":["Conversation Operations","saveConvo appendMessageIds"],"duration":4,"failing":false,"failureDetails":[],"failureMessages":[],"fullName":"Conversation Operations saveConvo appendMessageIds still rebuilds the array from the database when the option is absent","invocations":1,"location":null,"numPassingAsserts":2,"retryReasons":[],"startAt":1789958742519,"status":"passed","title":"still rebuilds the array from the database when the option is absent"},{"ancestorTitles":["Conversation Operations","isTemporary conversation handling"],"duration":3,"failing":false,"failureDetails":[],"failureMessages":[],"fullName":"Conversation Operations isTemporary conversation handling should save a conversation with expiredAt when isTemporary is true","invocations":1,"location":null,"numPassingAsserts":5,"retryReasons":[],"startAt":1789958742523,"status":"passed","title":"should save a conversation with expiredAt when isTemporary is true"},{"ancestorTitles":["Conversation Operations","isTemporary conversation handling"],"duration":2,"failing":false,"failureDetails":[],"failureMessages":[],"fullName":"Conversation Operations isTemporary conversation handling preserves an exact inherited expiration instead of recomputing retention","invocations":1,"location":null,"numPassingAsserts":2,"retryReasons":[],"startAt":1789958742526,"status":"passed","title":"preserves an exact inherited expiration instead of recomputing retention"},{"ancestorTitles":["Conversation Operations","isTemporary conversation handling"],"duration":3,"failing":false,"failureDetails":[],"failureMessages":[],"fullName":"Conversation Operations isTemporary conversation handling should save a conversation without expiredAt when isTemporary is false","invocations":1,"location":null,"numPassingAsserts":2,"retryReasons":[],"startAt":1789958742528,"status":"passed","title":"should save a conversation without expiredAt when isTemporary is false"},{"ancestorTitles":["Conversation Operations","isTemporary conversation handling"],"duration":2,"failing":false,"failureDetails":[],"failureMessages":[],"fullName":"Conversation Operations isTemporary conversation handling should save a conversation without expiredAt when isTemporary is not provided","invocations":1,"location":null,"numPassingAsserts":2,"retryReasons":[],"startAt":1789958742531,"status":"passed","title":"should save a conversation without expiredAt when isTemporary is not provided"},{"ancestorTitles":["Conversation Operations","isTemporary conversation handling"],"duration":2,"failing":false,"failureDetails":[],"failureMessages":[],"fullName":"Conversation Operations isTemporary conversation handling should use custom retention period from config","invocations":1,"location":null,"numPassingAsserts":3,"retryReasons":[],"startAt":1789958742533,"status":"passed","title":"should use custom retention period from config"},{"ancestorTitles":["Conversation Operations","isTemporary conversation handling"],"duration":2,"failing":false,"failureDetails":[],"failureMessages":[],"fullName":"Conversation Operations isTemporary conversation handling should handle minimum retention period (1 hour)","invocations":1,"location":null,"numPassingAsserts":3,"retryReasons":[],"startAt":1789958742536,"status":"passed","title":"should handle minimum retention period (1 hour)"},{"ancestorTitles":["Conversation Operations","isTemporary conversation handling"],"duration":4,"failing":false,"failureDetails":[],"failureMessages":[],"fullName":"Conversation Operations isTemporary conversation handling should handle maximum retention period (8760 hours)","invocations":1,"location":null,"numPassingAsserts":3,"retryReasons":[],"startAt":1789958742538,"status":"passed","title":"should handle maximum retention period (8760 hours)"},{"ancestorTitles":["Conversation Operations","isTemporary conversation handling"],"duration":2,"failing":false,"failureDetails":[],"failureMessages":[],"fullName":"Conversation Operations isTemporary conversation handling should handle missing config gracefully","invocations":1,"location":null,"numPassingAsserts":5,"retryReasons":[],"startAt":1789958742542,"status":"passed","title":"should handle missing config gracefully"},{"ancestorTitles":["Conversation Operations","isTemporary conversation handling"],"duration":2,"failing":false,"failureDetails":[],"failureMessages":[],"fullName":"Conversation Operations isTemporary conversation handling should use default retention when config is not provided","invocations":1,"location":null,"numPassingAsserts":3,"retryReasons":[],"startAt":1789958742545,"status":"passed","title":"should use default retention when config is not provided"},{"ancestorTitles":["Conversation Operations","isTemporary conversation handling"],"duration":106,"failing":false,"failureDetails":[],"failureMessages":[],"fullName":"Conversation Operations isTemporary conversation handling should update expiredAt when saving existing temporary conversation","invocations":1,"location":null,"numPassingAsserts":3,"retryReasons":[],"startAt":1789958742547,"status":"passed","title":"should update expiredAt when saving existing temporary conversation"},{"ancestorTitles":["Conversation Operations","isTemporary conversation handling"],"duration":4,"failing":false,"failureDetails":[],"failureMessages":[],"fullName":"Conversation Operations isTemporary conversation handling should preserve temporary retention when saving without isTemporary","invocations":1,"location":null,"numPassingAsserts":3,"retryReasons":[],"startAt":1789958742653,"status":"passed","title":"should preserve temporary retention when saving without isTemporary"},{"ancestorTitles":["Conversation Operations","isTemporary conversation handling"],"duration":3,"failing":false,"failureDetails":[],"failureMessages":[],"fullName":"Conversation Operations isTemporary conversation handling should not set expiredAt when updating non-temporary conversation","invocations":1,"location":null,"numPassingAsserts":3,"retryReasons":[],"startAt":1789958742658,"status":"passed","title":"should not set expiredAt when updating non-temporary conversation"},{"ancestorTitles":["Conversation Operations","isTemporary conversation handling"],"duration":4,"failing":false,"failureDetails":[],"failureMessages":[],"fullName":"Conversation Operations isTemporary conversation handling uses the independent retention period for isTemporary=true","invocations":1,"location":null,"numPassingAsserts":3,"retryReasons":[],"startAt":1789958742661,"status":"passed","title":"uses the independent retention period for isTemporary=true"},{"ancestorTitles":["Conversation Operations","isTemporary conversation handling"],"duration":2,"failing":false,"failureDetails":[],"failureMessages":[],"fullName":"Conversation Operations isTemporary conversation handling uses the independent retention period for isTemporary=false","invocations":1,"location":null,"numPassingAsserts":3,"retryReasons":[],"startAt":1789958742665,"status":"passed","title":"uses the independent retention period for isTemporary=false"},{"ancestorTitles":["Conversation Operations","isTemporary conversation handling"],"duration":3,"failing":false,"failureDetails":[],"failureMessages":[],"fullName":"Conversation Operations isTemporary conversation handling uses the independent retention period for isTemporary=undefined","invocations":1,"location":null,"numPassingAsserts":3,"retryReasons":[],"startAt":1789958742667,"status":"passed","title":"uses the independent retention period for isTemporary=undefined"},{"ancestorTitles":["Conversation Operations","isTemporary conversation handling"],"duration":3,"failing":false,"failureDetails":[],"failureMessages":[],"fullName":"Conversation Operations isTemporary conversation handling ignores caller-supplied retention fields","invocations":1,"location":null,"numPassingAsserts":2,"retryReasons":[],"startAt":1789958742670,"status":"passed","title":"ignores caller-supplied retention fields"},{"ancestorTitles":["Conversation Operations","isTemporary conversation handling"],"duration":3,"failing":false,"failureDetails":[],"failureMessages":[],"fullName":"Conversation Operations isTemporary conversation handling preserves the stored deadline when chat type true is omitted","invocations":1,"location":null,"numPassingAsserts":2,"retryReasons":[],"startAt":1789958742673,"status":"passed","title":"preserves the stored deadline when chat type true is omitted"},{"ancestorTitles":["Conversation Operations","isTemporary conversation handling"],"duration":3,"failing":false,"failureDetails":[],"failureMessages":[],"fullName":"Conversation Operations isTemporary conversation handling preserves the stored deadline when chat type false is omitted","invocations":1,"location":null,"numPassingAsserts":2,"retryReasons":[],"startAt":1789958742677,"status":"passed","title":"preserves the stored deadline when chat type false is omitted"},{"ancestorTitles":["Conversation Operations","isTemporary conversation handling"],"duration":2,"failing":false,"failureDetails":[],"failureMessages":[],"fullName":"Conversation Operations isTemporary conversation handling preserves an explicitly inherited deadline with separate retention periods","invocations":1,"location":null,"numPassingAsserts":1,"retryReasons":[],"startAt":1789958742680,"status":"passed","title":"preserves an explicitly inherited deadline with separate retention periods"},{"ancestorTitles":["Conversation Operations","isTemporary conversation handling"],"duration":3,"failing":false,"failureDetails":[],"failureMessages":[],"fullName":"Conversation Operations isTemporary conversation handling should set expiredAt for non-temporary conversation when retentionMode is ALL","invocations":1,"location":null,"numPassingAsserts":2,"retryReasons":[],"startAt":1789958742682,"status":"passed","title":"should set expiredAt for non-temporary conversation when retentionMode is ALL"},{"ancestorTitles":["Conversation Operations","isTemporary conversation handling"],"duration":2,"failing":false,"failureDetails":[],"failureMessages":[],"fullName":"Conversation Operations isTemporary conversation handling should mark retained conversation non-temporary when retentionMode is ALL and isTemporary is omitted","invocations":1,"location":null,"numPassingAsserts":2,"retryReasons":[],"startAt":1789958742685,"status":"passed","title":"should mark retained conversation non-temporary when retentionMode is ALL and isTemporary is omitted"},{"ancestorTitles":["Conversation Operations","isTemporary conversation handling"],"duration":4,"failing":false,"failureDetails":[],"failureMessages":[],"fullName":"Conversation Operations isTemporary conversation handling should preserve existing temporary flag when retentionMode is ALL and isTemporary is omitted","invocations":1,"location":null,"numPassingAsserts":4,"retryReasons":[],"startAt":1789958742688,"status":"passed","title":"should preserve existing temporary flag when retentionMode is ALL and isTemporary is omitted"},{"ancestorTitles":["Conversation Operations","isTemporary conversation handling"],"duration":3,"failing":false,"failureDetails":[],"failureMessages":[],"fullName":"Conversation Operations isTemporary conversation handling should not set expiredAt when retentionMode is temporary and not isTemporary","invocations":1,"location":null,"numPassingAsserts":2,"retryReasons":[],"startAt":1789958742692,"status":"passed","title":"should not set expiredAt when retentionMode is temporary and not isTemporary"},{"ancestorTitles":["Conversation Operations","isTemporary conversation handling"],"duration":9,"failing":false,"failureDetails":[],"failureMessages":[],"fullName":"Conversation Operations isTemporary conversation handling should filter out temporary conversations in getConvosByCursor","invocations":1,"location":null,"numPassingAsserts":6,"retryReasons":[],"startAt":1789958742695,"status":"passed","title":"should filter out temporary conversations in getConvosByCursor"},{"ancestorTitles":["Conversation Operations","isTemporary conversation handling"],"duration":6,"failing":false,"failureDetails":[],"failureMessages":[],"fullName":"Conversation Operations isTemporary conversation handling should filter out temporary conversations in getConvosQueried","invocations":1,"location":null,"numPassingAsserts":10,"retryReasons":[],"startAt":1789958742704,"status":"passed","title":"should filter out temporary conversations in getConvosQueried"},{"ancestorTitles":["Conversation Operations","isTemporary conversation handling"],"duration":7,"failing":false,"failureDetails":[],"failureMessages":[],"fullName":"Conversation Operations isTemporary conversation handling hides durable subagent threads from conversation lists and search results","invocations":1,"location":null,"numPassingAsserts":3,"retryReasons":[],"startAt":1789958742710,"status":"passed","title":"hides durable subagent threads from conversation lists and search results"},{"ancestorTitles":["Conversation Operations","searchConversation"],"duration":3,"failing":false,"failureDetails":[],"failureMessages":[],"fullName":"Conversation Operations searchConversation should find a conversation by conversationId","invocations":1,"location":null,"numPassingAsserts":4,"retryReasons":[],"startAt":1789958742717,"status":"passed","title":"should find a conversation by conversationId"},{"ancestorTitles":["Conversation Operations","searchConversation"],"duration":2,"failing":false,"failureDetails":[],"failureMessages":[],"fullName":"Conversation Operations searchConversation should return null if conversation not found","invocations":1,"location":null,"numPassingAsserts":1,"retryReasons":[],"startAt":1789958742720,"status":"passed","title":"should return null if conversation not found"},{"ancestorTitles":["Conversation Operations","getConvo"],"duration":3,"failing":false,"failureDetails":[],"failureMessages":[],"fullName":"Conversation Operations getConvo should retrieve a conversation for a user","invocations":1,"location":null,"numPassingAsserts":3,"retryReasons":[],"startAt":1789958742722,"status":"passed","title":"should retrieve a conversation for a user"},{"ancestorTitles":["Conversation Operations","getConvo"],"duration":2,"failing":false,"failureDetails":[],"failureMessages":[],"fullName":"Conversation Operations getConvo should return null if conversation not found","invocations":1,"location":null,"numPassingAsserts":1,"retryReasons":[],"startAt":1789958742725,"status":"passed","title":"should return null if conversation not found"},{"ancestorTitles":["Conversation Operations","getConvoOwnership"],"duration":3,"failing":false,"failureDetails":[],"failureMessages":[],"fullName":"Conversation Operations getConvoOwnership resolves only the owning user id, without the preset or message list","invocations":1,"location":null,"numPassingAsserts":5,"retryReasons":[],"startAt":1789958742727,"status":"passed","title":"resolves only the owning user id, without the preset or message list"},{"ancestorTitles":["Conversation Operations","getConvoOwnership"],"duration":3,"failing":false,"failureDetails":[],"failureMessages":[],"fullName":"Conversation Operations getConvoOwnership returns null for another user or a missing conversation","invocations":1,"location":null,"numPassingAsserts":2,"retryReasons":[],"startAt":1789958742730,"status":"passed","title":"returns null for another user or a missing conversation"},{"ancestorTitles":["Conversation Operations","getConvoOwnership"],"duration":3,"failing":false,"failureDetails":[],"failureMessages":[],"fullName":"Conversation Operations getConvoOwnership hides retention-expired conversations before TTL cleanup","invocations":1,"location":null,"numPassingAsserts":1,"retryReasons":[],"startAt":1789958742733,"status":"passed","title":"hides retention-expired conversations before TTL cleanup"},{"ancestorTitles":["Conversation Operations","getConvoOwnership"],"duration":4,"failing":false,"failureDetails":[],"failureMessages":[],"fullName":"Conversation Operations getConvoOwnership includes child-thread identity without materializing conversation content","invocations":1,"location":null,"numPassingAsserts":2,"retryReasons":[],"startAt":1789958742736,"status":"passed","title":"includes child-thread identity without materializing conversation content"},{"ancestorTitles":["Conversation Operations","getConvoOwnership"],"duration":5,"failing":false,"failureDetails":[],"failureMessages":[],"fullName":"Conversation Operations getConvoOwnership selects the exact tenant when conversation identifiers collide","invocations":1,"location":null,"numPassingAsserts":2,"retryReasons":[],"startAt":1789958742740,"status":"passed","title":"selects the exact tenant when conversation identifiers collide"},{"ancestorTitles":["Conversation Operations","getConvoRetention"],"duration":3,"failing":false,"failureDetails":[],"failureMessages":[],"fullName":"Conversation Operations getConvoRetention should retrieve only retention fields for a user conversation","invocations":1,"location":null,"numPassingAsserts":3,"retryReasons":[],"startAt":1789958742745,"status":"passed","title":"should retrieve only retention fields for a user conversation"},{"ancestorTitles":["Conversation Operations","getConvoTitle"],"duration":3,"failing":false,"failureDetails":[],"failureMessages":[],"fullName":"Conversation Operations getConvoTitle should return the conversation title","invocations":1,"location":null,"numPassingAsserts":1,"retryReasons":[],"startAt":1789958742748,"status":"passed","title":"should return the conversation title"},{"ancestorTitles":["Conversation Operations","getConvoTitle"],"duration":3,"failing":false,"failureDetails":[],"failureMessages":[],"fullName":"Conversation Operations getConvoTitle should return null if conversation has no title","invocations":1,"location":null,"numPassingAsserts":1,"retryReasons":[],"startAt":1789958742751,"status":"passed","title":"should return null if conversation has no title"},{"ancestorTitles":["Conversation Operations","getConvoTitle"],"duration":2,"failing":false,"failureDetails":[],"failureMessages":[],"fullName":"Conversation Operations getConvoTitle should return \"New Chat\" if conversation not found","invocations":1,"location":null,"numPassingAsserts":1,"retryReasons":[],"startAt":1789958742754,"status":"passed","title":"should return \"New Chat\" if conversation not found"},{"ancestorTitles":["Conversation Operations","getConvoFiles"],"duration":3,"failing":false,"failureDetails":[],"failureMessages":[],"fullName":"Conversation Operations getConvoFiles should return conversation files","invocations":1,"location":null,"numPassingAsserts":1,"retryReasons":[],"startAt":1789958742756,"status":"passed","title":"should return conversation files"},{"ancestorTitles":["Conversation Operations","getConvoFiles"],"duration":2,"failing":false,"failureDetails":[],"failureMessages":[],"fullName":"Conversation Operations getConvoFiles should return empty array if no files","invocations":1,"location":null,"numPassingAsserts":1,"retryReasons":[],"startAt":1789958742759,"status":"passed","title":"should return empty array if no files"},{"ancestorTitles":["Conversation Operations","getConvoFiles"],"duration":2,"failing":false,"failureDetails":[],"failureMessages":[],"fullName":"Conversation Operations getConvoFiles should return empty array if conversation not found","invocations":1,"location":null,"numPassingAsserts":1,"retryReasons":[],"startAt":1789958742761,"status":"passed","title":"should return empty array if conversation not found"},{"ancestorTitles":["Conversation Operations","deleteConvos"],"duration":5,"failing":false,"failureDetails":[],"failureMessages":[],"fullName":"Conversation Operations deleteConvos retires queued-turn work before each conversation deletion wave","invocations":1,"location":null,"numPassingAsserts":3,"retryReasons":[],"startAt":1789958742763,"status":"passed","title":"retires queued-turn work before each conversation deletion wave"},{"ancestorTitles":["Conversation Operations","deleteConvos"],"duration":65,"failing":false,"failureDetails":[],"failureMessages":[],"fullName":"Conversation Operations deleteConvos preserves background receipts when a pre-delete drain fails","invocations":1,"location":null,"numPassingAsserts":3,"retryReasons":[],"startAt":1789958742768,"status":"passed","title":"preserves background receipts when a pre-delete drain fails"},{"ancestorTitles":["Conversation Operations","deleteConvos"],"duration":31,"failing":false,"failureDetails":[],"failureMessages":[],"fullName":"Conversation Operations deleteConvos finishes descendant bookkeeping and message cleanup when receipt erasure fails","invocations":1,"location":null,"numPassingAsserts":8,"retryReasons":[],"startAt":1789958742833,"status":"passed","title":"finishes descendant bookkeeping and message cleanup when receipt erasure fails"},{"ancestorTitles":["Conversation Operations","deleteConvos"],"duration":5,"failing":false,"failureDetails":[],"failureMessages":[],"fullName":"Conversation Operations deleteConvos fails closed before deleting a conversation when queued-turn retirement fails","invocations":1,"location":null,"numPassingAsserts":2,"retryReasons":[],"startAt":1789958742864,"status":"passed","title":"fails closed before deleting a conversation when queued-turn retirement fails"},{"ancestorTitles":["Conversation Operations","deleteConvos"],"duration":9,"failing":false,"failureDetails":[],"failureMessages":[],"fullName":"Conversation Operations deleteConvos should delete conversations and associated messages","invocations":1,"location":null,"numPassingAsserts":4,"retryReasons":[],"startAt":1789958742870,"status":"passed","title":"should delete conversations and associated messages"},{"ancestorTitles":["Conversation Operations","deleteConvos"],"duration":16,"failing":false,"failureDetails":[],"failureMessages":[],"fullName":"Conversation Operations deleteConvos cascades parent deletion through owner-scoped child-thread lineage","invocations":1,"location":null,"numPassingAsserts":9,"retryReasons":[],"startAt":1789958742879,"status":"passed","title":"cascades parent deletion through owner-scoped child-thread lineage"},{"ancestorTitles":["Conversation Operations","deleteConvos"],"duration":145,"failing":false,"failureDetails":[],"failureMessages":[],"fullName":"Conversation Operations deleteConvos reports a partial cascade failure instead of silently succeeding","invocations":1,"location":null,"numPassingAsserts":11,"retryReasons":[],"startAt":1789958742895,"status":"passed","title":"reports a partial cascade failure instead of silently succeeding"},{"ancestorTitles":["Conversation Operations","deleteConvos"],"duration":8,"failing":false,"failureDetails":[],"failureMessages":[],"fullName":"Conversation Operations deleteConvos does not delete a parent when deleting one child thread","invocations":1,"location":null,"numPassingAsserts":2,"retryReasons":[],"startAt":1789958743040,"status":"passed","title":"does not delete a parent when deleting one child thread"},{"ancestorTitles":["Conversation Operations","deleteConvos"],"duration":3,"failing":false,"failureDetails":[],"failureMessages":[],"fullName":"Conversation Operations deleteConvos should throw error if no conversations found","invocations":1,"location":null,"numPassingAsserts":1,"retryReasons":[],"startAt":1789958743048,"status":"passed","title":"should throw error if no conversations found"},{"ancestorTitles":["Conversation Operations","deleteConvos"],"duration":5,"failing":false,"failureDetails":[],"failureMessages":[],"fullName":"Conversation Operations deleteConvos allows a single-conversation cleanup retry after topology and messages are gone","invocations":1,"location":null,"numPassingAsserts":3,"retryReasons":[],"startAt":1789958743051,"status":"passed","title":"allows a single-conversation cleanup retry after topology and messages are gone"},{"ancestorTitles":["Conversation Operations","deleteConvos"],"duration":3,"failing":false,"failureDetails":[],"failureMessages":[],"fullName":"Conversation Operations deleteConvos supports an idempotent empty recovery sweep without hiding storage failures","invocations":1,"location":null,"numPassingAsserts":2,"retryReasons":[],"startAt":1789958743056,"status":"passed","title":"supports an idempotent empty recovery sweep without hiding storage failures"},{"ancestorTitles":["Conversation Operations","deleteConvos"],"duration":6,"failing":false,"failureDetails":[],"failureMessages":[],"fullName":"Conversation Operations deleteConvos should decrement tag counts for a deleted bookmarked conversation","invocations":1,"location":null,"numPassingAsserts":1,"retryReasons":[],"startAt":1789958743059,"status":"passed","title":"should decrement tag counts for a deleted bookmarked conversation"},{"ancestorTitles":["Conversation Operations","deleteConvos"],"duration":8,"failing":false,"failureDetails":[],"failureMessages":[],"fullName":"Conversation Operations deleteConvos should decrement counts for every tag on the deleted conversation","invocations":1,"location":null,"numPassingAsserts":2,"retryReasons":[],"startAt":1789958743065,"status":"passed","title":"should decrement counts for every tag on the deleted conversation"},{"ancestorTitles":["Conversation Operations","deleteConvos"],"duration":6,"failing":false,"failureDetails":[],"failureMessages":[],"fullName":"Conversation Operations deleteConvos should decrement a shared tag once per deleted conversation when clearing all","invocations":1,"location":null,"numPassingAsserts":1,"retryReasons":[],"startAt":1789958743073,"status":"passed","title":"should decrement a shared tag once per deleted conversation when clearing all"},{"ancestorTitles":["Conversation Operations","deleteConvos"],"duration":7,"failing":false,"failureDetails":[],"failureMessages":[],"fullName":"Conversation Operations deleteConvos should not double-decrement duplicate tag entries within one conversation","invocations":1,"location":null,"numPassingAsserts":1,"retryReasons":[],"startAt":1789958743079,"status":"passed","title":"should not double-decrement duplicate tag entries within one conversation"},{"ancestorTitles":["Conversation Operations","deleteConvos"],"duration":7,"failing":false,"failureDetails":[],"failureMessages":[],"fullName":"Conversation Operations deleteConvos should clamp tag counts at zero and never go negative","invocations":1,"location":null,"numPassingAsserts":1,"retryReasons":[],"startAt":1789958743086,"status":"passed","title":"should clamp tag counts at zero and never go negative"},{"ancestorTitles":["Conversation Operations","deleteConvos"],"duration":6,"failing":false,"failureDetails":[],"failureMessages":[],"fullName":"Conversation Operations deleteConvos should not touch tags belonging to another user","invocations":1,"location":null,"numPassingAsserts":1,"retryReasons":[],"startAt":1789958743093,"status":"passed","title":"should not touch tags belonging to another user"},{"ancestorTitles":["Conversation Operations","deleteConvos"],"duration":4,"failing":false,"failureDetails":[],"failureMessages":[],"fullName":"Conversation Operations deleteConvos should not decrement tag counts when the delete removed nothing (lost race)","invocations":1,"location":null,"numPassingAsserts":1,"retryReasons":[],"startAt":1789958743099,"status":"passed","title":"should not decrement tag counts when the delete removed nothing (lost race)"},{"ancestorTitles":["Conversation Operations","deleteConvos"],"duration":6,"failing":false,"failureDetails":[],"failureMessages":[],"fullName":"Conversation Operations deleteConvos still decrements tag counts AND returns the deleted ids when message deletion fails","invocations":1,"location":null,"numPassingAsserts":5,"retryReasons":[],"startAt":1789958743103,"status":"passed","title":"still decrements tag counts AND returns the deleted ids when message deletion fails"},{"ancestorTitles":["Conversation Operations","archiveAllConvos"],"duration":3,"failing":false,"failureDetails":[],"failureMessages":[],"fullName":"Conversation Operations archiveAllConvos defines an index for the user-scoped ObjectId batch scan","invocations":1,"location":null,"numPassingAsserts":1,"retryReasons":[],"startAt":1789958743109,"status":"passed","title":"defines an index for the user-scoped ObjectId batch scan"},{"ancestorTitles":["Conversation Operations","archiveAllConvos"],"duration":11,"failing":false,"failureDetails":[],"failureMessages":[],"fullName":"Conversation Operations archiveAllConvos archives every unarchived conversation for the user only","invocations":1,"location":null,"numPassingAsserts":4,"retryReasons":[],"startAt":1789958743112,"status":"passed","title":"archives every unarchived conversation for the user only"},{"ancestorTitles":["Conversation Operations","archiveAllConvos"],"duration":156,"failing":false,"failureDetails":[],"failureMessages":[],"fullName":"Conversation Operations archiveAllConvos archives large snapshots in bounded batches","invocations":1,"location":null,"numPassingAsserts":3,"retryReasons":[],"startAt":1789958743123,"status":"passed","title":"archives large snapshots in bounded batches"},{"ancestorTitles":["Conversation Operations","archiveAllConvos"],"duration":171,"failing":false,"failureDetails":[],"failureMessages":[],"fullName":"Conversation Operations archiveAllConvos recovers destination projects from the sweep marker, not a per-conversation id list","invocations":1,"location":null,"numPassingAsserts":6,"retryReasons":[],"startAt":1789958743279,"status":"passed","title":"recovers destination projects from the sweep marker, not a per-conversation id list"},{"ancestorTitles":["Conversation Operations","archiveAllConvos"],"duration":205,"failing":false,"failureDetails":[],"failureMessages":[],"fullName":"Conversation Operations archiveAllConvos recovers a batch-sized destination move from the marker alone","invocations":1,"location":null,"numPassingAsserts":3,"retryReasons":[],"startAt":1789958743450,"status":"passed","title":"recovers a batch-sized destination move from the marker alone"},{"ancestorTitles":["Conversation Operations","archiveAllConvos"],"duration":43,"failing":false,"failureDetails":[],"failureMessages":[],"fullName":"Conversation Operations archiveAllConvos replays a failed project refresh without abandoning the rest of the run","invocations":1,"location":null,"numPassingAsserts":25,"retryReasons":[],"startAt":1789958743655,"status":"passed","title":"replays a failed project refresh without abandoning the rest of the run"},{"ancestorTitles":["Conversation Operations","archiveAllConvos"],"duration":4,"failing":false,"failureDetails":[],"failureMessages":[],"fullName":"Conversation Operations archiveAllConvos leaves already-archived conversations untouched","invocations":1,"location":null,"numPassingAsserts":1,"retryReasons":[],"startAt":1789958743698,"status":"passed","title":"leaves already-archived conversations untouched"},{"ancestorTitles":["Conversation Operations","archiveAllConvos"],"duration":8,"failing":false,"failureDetails":[],"failureMessages":[],"fullName":"Conversation Operations archiveAllConvos skips temporary and retention-expired conversations","invocations":1,"location":null,"numPassingAsserts":3,"retryReasons":[],"startAt":1789958743702,"status":"passed","title":"skips temporary and retention-expired conversations"},{"ancestorTitles":["Conversation Operations","archiveAllConvos"],"duration":9,"failing":false,"failureDetails":[],"failureMessages":[],"fullName":"Conversation Operations archiveAllConvos preserves each conversation updatedAt so the archived view keeps its order","invocations":1,"location":null,"numPassingAsserts":1,"retryReasons":[],"startAt":1789958743710,"status":"passed","title":"preserves each conversation updatedAt so the archived view keeps its order"},{"ancestorTitles":["Conversation Operations","archiveAllConvos"],"duration":11,"failing":false,"failureDetails":[],"failureMessages":[],"fullName":"Conversation Operations archiveAllConvos stamps archivedAt so the sweep is dated and sorted as archived now","invocations":1,"location":null,"numPassingAsserts":6,"retryReasons":[],"startAt":1789958743719,"status":"passed","title":"stamps archivedAt so the sweep is dated and sorted as archived now"},{"ancestorTitles":["Conversation Operations","archiveAllConvos"],"duration":5,"failing":false,"failureDetails":[],"failureMessages":[],"fullName":"Conversation Operations archiveAllConvos leaves the archivedAt of an already-archived chat alone","invocations":1,"location":null,"numPassingAsserts":1,"retryReasons":[],"startAt":1789958743730,"status":"passed","title":"leaves the archivedAt of an already-archived chat alone"},{"ancestorTitles":["Conversation Operations","archiveAllConvos"],"duration":11,"failing":false,"failureDetails":[],"failureMessages":[],"fullName":"Conversation Operations archiveAllConvos refreshes stats for every project the archived conversations belonged to","invocations":1,"location":null,"numPassingAsserts":2,"retryReasons":[],"startAt":1789958743735,"status":"passed","title":"refreshes stats for every project the archived conversations belonged to"},{"ancestorTitles":["Conversation Operations","archiveAllConvos"],"duration":11,"failing":false,"failureDetails":[],"failureMessages":[],"fullName":"Conversation Operations archiveAllConvos does not archive a project conversation created after the initial snapshot","invocations":1,"location":null,"numPassingAsserts":4,"retryReasons":[],"startAt":1789958743746,"status":"passed","title":"does not archive a project conversation created after the initial snapshot"},{"ancestorTitles":["Conversation Operations","archiveAllConvos"],"duration":14,"failing":false,"failureDetails":[],"failureMessages":[],"fullName":"Conversation Operations archiveAllConvos retries destination-project discovery after a transient distinct failure","invocations":1,"location":null,"numPassingAsserts":3,"retryReasons":[],"startAt":1789958743757,"status":"passed","title":"retries destination-project discovery after a transient distinct failure"},{"ancestorTitles":["Conversation Operations","archiveAllConvos"],"duration":15,"failing":false,"failureDetails":[],"failureMessages":[],"fullName":"Conversation Operations archiveAllConvos reconciles the destination project when discovery retries exhaust after a move","invocations":1,"location":null,"numPassingAsserts":4,"retryReasons":[],"startAt":1789958743771,"status":"passed","title":"reconciles the destination project when discovery retries exhaust after a move"},{"ancestorTitles":["Conversation Operations","archiveAllConvos"],"duration":16,"failing":false,"failureDetails":[],"failureMessages":[],"fullName":"Conversation Operations archiveAllConvos refreshes the destination project when a captured conversation moves before archiving","invocations":1,"location":null,"numPassingAsserts":3,"retryReasons":[],"startAt":1789958743786,"status":"passed","title":"refreshes the destination project when a captured conversation moves before archiving"},{"ancestorTitles":["Conversation Operations","archiveAllConvos"],"duration":218,"failing":false,"failureDetails":[],"failureMessages":[],"fullName":"Conversation Operations archiveAllConvos refreshes project stats for committed batches when a later batch fails","invocations":1,"location":null,"numPassingAsserts":4,"retryReasons":[],"startAt":1789958743802,"status":"passed","title":"refreshes project stats for committed batches when a later batch fails"},{"ancestorTitles":["Conversation Operations","archiveAllConvos"],"duration":16,"failing":false,"failureDetails":[],"failureMessages":[],"fullName":"Conversation Operations archiveAllConvos reconciles projects when an archive write commits but its result is lost","invocations":1,"location":null,"numPassingAsserts":4,"retryReasons":[],"startAt":1789958744020,"status":"passed","title":"reconciles projects when an archive write commits but its result is lost"},{"ancestorTitles":["Conversation Operations","archiveAllConvos"],"duration":20,"failing":false,"failureDetails":[],"failureMessages":[],"fullName":"Conversation Operations archiveAllConvos does not let a save in flight restore the project pointer it just cleared","invocations":1,"location":null,"numPassingAsserts":4,"retryReasons":[],"startAt":1789958744036,"status":"passed","title":"does not let a save in flight restore the project pointer it just cleared"},{"ancestorTitles":["Conversation Operations","archiveAllConvos"],"duration":18,"failing":false,"failureDetails":[],"failureMessages":[],"fullName":"Conversation Operations archiveAllConvos repairs the project when the sweep lands while the pointer write is in flight","invocations":1,"location":null,"numPassingAsserts":4,"retryReasons":[],"startAt":1789958744056,"status":"passed","title":"repairs the project when the sweep lands while the pointer write is in flight"},{"ancestorTitles":["Conversation Operations","archiveAllConvos"],"duration":2,"failing":false,"failureDetails":[],"failureMessages":[],"fullName":"Conversation Operations archiveAllConvos returns zero when the user has no conversations","invocations":1,"location":null,"numPassingAsserts":1,"retryReasons":[],"startAt":1789958744074,"status":"passed","title":"returns zero when the user has no conversations"},{"ancestorTitles":["Conversation Operations","deleteNullOrEmptyConversations"],"duration":13,"failing":false,"failureDetails":[],"failureMessages":[],"fullName":"Conversation Operations deleteNullOrEmptyConversations should delete conversations with null, empty, or missing conversationIds","invocations":1,"location":null,"numPassingAsserts":4,"retryReasons":[],"startAt":1789958744076,"status":"passed","title":"should delete conversations with null, empty, or missing conversationIds"},{"ancestorTitles":["Conversation Operations","Error Handling"],"duration":34,"failing":false,"failureDetails":[],"failureMessages":[],"fullName":"Conversation Operations Error Handling should handle database errors in saveConvo","invocations":1,"location":null,"numPassingAsserts":1,"retryReasons":[],"startAt":1789958744090,"status":"passed","title":"should handle database errors in saveConvo"},{"ancestorTitles":["Conversation Operations","getConvosByCursor pagination"],"duration":43,"failing":false,"failureDetails":[],"failureMessages":[],"fullName":"Conversation Operations getConvosByCursor pagination should flag conversations that have an active shared link","invocations":1,"location":null,"numPassingAsserts":3,"retryReasons":[],"startAt":1789958744124,"status":"passed","title":"should flag conversations that have an active shared link"},{"ancestorTitles":["Conversation Operations","getConvosByCursor pagination"],"duration":25,"failing":false,"failureDetails":[],"failureMessages":[],"fullName":"Conversation Operations getConvosByCursor pagination should skip the shared lookup when shared links are disabled","invocations":1,"location":null,"numPassingAsserts":1,"retryReasons":[],"startAt":1789958744167,"status":"passed","title":"should skip the shared lookup when shared links are disabled"},{"ancestorTitles":["Conversation Operations","getConvosByCursor pagination"],"duration":8,"failing":false,"failureDetails":[],"failureMessages":[],"fullName":"Conversation Operations getConvosByCursor pagination should page through titles that share a timestamp","invocations":1,"location":null,"numPassingAsserts":1,"retryReasons":[],"startAt":1789958744193,"status":"passed","title":"should page through titles that share a timestamp"},{"ancestorTitles":["Conversation Operations","getConvosByCursor pagination"],"duration":14,"failing":false,"failureDetails":[],"failureMessages":[],"fullName":"Conversation Operations getConvosByCursor pagination should page past conversations that have no title","invocations":1,"location":null,"numPassingAsserts":2,"retryReasons":[],"startAt":1789958744201,"status":"passed","title":"should page past conversations that have no title"},{"ancestorTitles":["Conversation Operations","getConvosByCursor pagination"],"duration":29,"failing":false,"failureDetails":[],"failureMessages":[],"fullName":"Conversation Operations getConvosByCursor pagination should not skip conversations at page boundaries","invocations":1,"location":null,"numPassingAsserts":6,"retryReasons":[],"startAt":1789958744215,"status":"passed","title":"should not skip conversations at page boundaries"},{"ancestorTitles":["Conversation Operations","getConvosByCursor pagination"],"duration":117,"failing":false,"failureDetails":[],"failureMessages":[],"fullName":"Conversation Operations getConvosByCursor pagination should include conversation at exact page boundary (item 26 bug fix)","invocations":1,"location":null,"numPassingAsserts":5,"retryReasons":[],"startAt":1789958744244,"status":"passed","title":"should include conversation at exact page boundary (item 26 bug fix)"},{"ancestorTitles":["Conversation Operations","getConvosByCursor pagination"],"duration":7,"failing":false,"failureDetails":[],"failureMessages":[],"fullName":"Conversation Operations getConvosByCursor pagination should sort by updatedAt DESC by default","invocations":1,"location":null,"numPassingAsserts":4,"retryReasons":[],"startAt":1789958744361,"status":"passed","title":"should sort by updatedAt DESC by default"},{"ancestorTitles":["Conversation Operations","getConvosByCursor pagination"],"duration":7,"failing":false,"failureDetails":[],"failureMessages":[],"fullName":"Conversation Operations getConvosByCursor pagination should handle conversations with same updatedAt (tie-breaker)","invocations":1,"location":null,"numPassingAsserts":4,"retryReasons":[],"startAt":1789958744368,"status":"passed","title":"should handle conversations with same updatedAt (tie-breaker)"},{"ancestorTitles":["Conversation Operations","getConvosByCursor pagination"],"duration":32,"failing":false,"failureDetails":[],"failureMessages":[],"fullName":"Conversation Operations getConvosByCursor pagination should handle cursor pagination with conversations updated during pagination","invocations":1,"location":null,"numPassingAsserts":2,"retryReasons":[],"startAt":1789958744375,"status":"passed","title":"should handle cursor pagination with conversations updated during pagination"},{"ancestorTitles":["Conversation Operations","getConvosByCursor pagination"],"duration":31,"failing":false,"failureDetails":[],"failureMessages":[],"fullName":"Conversation Operations getConvosByCursor pagination should correctly decode and use cursor for pagination","invocations":1,"location":null,"numPassingAsserts":1,"retryReasons":[],"startAt":1789958744407,"status":"passed","title":"should correctly decode and use cursor for pagination"},{"ancestorTitles":["Conversation Operations","getConvosByCursor pagination"],"duration":6,"failing":false,"failureDetails":[],"failureMessages":[],"fullName":"Conversation Operations getConvosByCursor pagination should support sortBy createdAt when explicitly requested","invocations":1,"location":null,"numPassingAsserts":5,"retryReasons":[],"startAt":1789958744438,"status":"passed","title":"should support sortBy createdAt when explicitly requested"},{"ancestorTitles":["Conversation Operations","getConvosByCursor pagination"],"duration":3,"failing":false,"failureDetails":[],"failureMessages":[],"fullName":"Conversation Operations getConvosByCursor pagination should handle empty result set gracefully","invocations":1,"location":null,"numPassingAsserts":2,"retryReasons":[],"startAt":1789958744444,"status":"passed","title":"should handle empty result set gracefully"},{"ancestorTitles":["Conversation Operations","getConvosByCursor pagination"],"duration":24,"failing":false,"failureDetails":[],"failureMessages":[],"fullName":"Conversation Operations getConvosByCursor pagination should handle exactly limit number of conversations (no next page)","invocations":1,"location":null,"numPassingAsserts":2,"retryReasons":[],"startAt":1789958744447,"status":"passed","title":"should handle exactly limit number of conversations (no next page)"},{"ancestorTitles":["Conversation Operations","getConvosByCursor archivedAt sorting"],"duration":5,"failing":false,"failureDetails":[],"failureMessages":[],"fullName":"Conversation Operations getConvosByCursor archivedAt sorting accepts archivedAt as a sort field","invocations":1,"location":null,"numPassingAsserts":1,"retryReasons":[],"startAt":1789958744471,"status":"passed","title":"accepts archivedAt as a sort field"},{"ancestorTitles":["Conversation Operations","getConvosByCursor archivedAt sorting"],"duration":8,"failing":false,"failureDetails":[],"failureMessages":[],"fullName":"Conversation Operations getConvosByCursor archivedAt sorting pages across stamped and unstamped chats without repeating or dropping any","invocations":1,"location":null,"numPassingAsserts":2,"retryReasons":[],"startAt":1789958744476,"status":"passed","title":"pages across stamped and unstamped chats without repeating or dropping any"},{"ancestorTitles":["Conversation Operations","getConvosByCursor archivedAt sorting"],"duration":4,"failing":false,"failureDetails":[],"failureMessages":[],"fullName":"Conversation Operations getConvosByCursor archivedAt sorting orders unstamped chats last when sorting newest first","invocations":1,"location":null,"numPassingAsserts":1,"retryReasons":[],"startAt":1789958744484,"status":"passed","title":"orders unstamped chats last when sorting newest first"},{"ancestorTitles":["Conversation Operations","getConvosByCursor archivedAt sorting"],"duration":8,"failing":false,"failureDetails":[],"failureMessages":[],"fullName":"Conversation Operations getConvosByCursor archivedAt sorting pages across stamped and unstamped chats when sorting oldest first","invocations":1,"location":null,"numPassingAsserts":2,"retryReasons":[],"startAt":1789958744488,"status":"passed","title":"pages across stamped and unstamped chats when sorting oldest first"},{"ancestorTitles":["Conversation Operations","getConvosByCursor archivedAt sorting"],"duration":4,"failing":false,"failureDetails":[],"failureMessages":[],"fullName":"Conversation Operations getConvosByCursor archivedAt sorting orders the legacy group by the createdAt it displays, not last activity","invocations":1,"location":null,"numPassingAsserts":1,"retryReasons":[],"startAt":1789958744496,"status":"passed","title":"orders the legacy group by the createdAt it displays, not last activity"},{"ancestorTitles":["Conversation Operations","getConvosByCursor archivedAt sorting"],"duration":2,"failing":false,"failureDetails":[],"failureMessages":[],"fullName":"Conversation Operations getConvosByCursor archivedAt sorting still rejects a sort field that is not allowed","invocations":1,"location":null,"numPassingAsserts":1,"retryReasons":[],"startAt":1789958744500,"status":"passed","title":"still rejects a sort field that is not allowed"},{"ancestorTitles":["Conversation Operations","getConvosByCursor pinned filter"],"duration":4,"failing":false,"failureDetails":[],"failureMessages":[],"fullName":"Conversation Operations getConvosByCursor pinned filter returns only pinned conversations when pinned is requested","invocations":1,"location":null,"numPassingAsserts":1,"retryReasons":[],"startAt":1789958744502,"status":"passed","title":"returns only pinned conversations when pinned is requested"},{"ancestorTitles":["Conversation Operations","getConvosByCursor pinned filter"],"duration":11,"failing":false,"failureDetails":[],"failureMessages":[],"fullName":"Conversation Operations getConvosByCursor pinned filter returns a pin that falls outside the first page of the unfiltered list","invocations":1,"location":null,"numPassingAsserts":2,"retryReasons":[],"startAt":1789958744506,"status":"passed","title":"returns a pin that falls outside the first page of the unfiltered list"},{"ancestorTitles":["Conversation Operations","getConvosByCursor pinned filter"],"duration":3,"failing":false,"failureDetails":[],"failureMessages":[],"fullName":"Conversation Operations getConvosByCursor pinned filter excludes archived pins and other users’ pins","invocations":1,"location":null,"numPassingAsserts":1,"retryReasons":[],"startAt":1789958744517,"status":"passed","title":"excludes archived pins and other users’ pins"},{"ancestorTitles":["Conversation Operations","getConvosByCursor pinned filter"],"duration":4,"failing":false,"failureDetails":[],"failureMessages":[],"fullName":"Conversation Operations getConvosByCursor pinned filter leaves the list unfiltered when pinned is not requested","invocations":1,"location":null,"numPassingAsserts":1,"retryReasons":[],"startAt":1789958744520,"status":"passed","title":"leaves the list unfiltered when pinned is not requested"},{"ancestorTitles":["Conversation Operations","getConvosByCursor page size bounds"],"duration":8,"failing":false,"failureDetails":[],"failureMessages":[],"fullName":"Conversation Operations getConvosByCursor page size bounds bounds a negative page size","invocations":1,"location":null,"numPassingAsserts":3,"retryReasons":[],"startAt":1789958744524,"status":"passed","title":"bounds a negative page size"},{"ancestorTitles":["Conversation Operations","getConvosByCursor page size bounds"],"duration":8,"failing":false,"failureDetails":[],"failureMessages":[],"fullName":"Conversation Operations getConvosByCursor page size bounds bounds a zero page size","invocations":1,"location":null,"numPassingAsserts":3,"retryReasons":[],"startAt":1789958744532,"status":"passed","title":"bounds a zero page size"},{"ancestorTitles":["Conversation Operations","getConvosByCursor page size bounds"],"duration":9,"failing":false,"failureDetails":[],"failureMessages":[],"fullName":"Conversation Operations getConvosByCursor page size bounds bounds a oversized page size","invocations":1,"location":null,"numPassingAsserts":3,"retryReasons":[],"startAt":1789958744540,"status":"passed","title":"bounds a oversized page size"},{"ancestorTitles":["Conversation Operations","getConvosByCursor page size bounds"],"duration":106,"failing":false,"failureDetails":[],"failureMessages":[],"fullName":"Conversation Operations getConvosByCursor page size bounds caps an oversized page size at the ceiling and still pages the remainder","invocations":1,"location":null,"numPassingAsserts":5,"retryReasons":[],"startAt":1789958744549,"status":"passed","title":"caps an oversized page size at the ceiling and still pages the remainder"},{"ancestorTitles":["Conversation Operations","getConvosByCursor page size bounds"],"duration":8,"failing":false,"failureDetails":[],"failureMessages":[],"fullName":"Conversation Operations getConvosByCursor page size bounds serves a page size inside the range unchanged","invocations":1,"location":null,"numPassingAsserts":2,"retryReasons":[],"startAt":1789958744655,"status":"passed","title":"serves a page size inside the range unchanged"},{"ancestorTitles":["Conversation Operations","subagent thread leases"],"duration":1515,"failing":false,"failureDetails":[],"failureMessages":[],"fullName":"Conversation Operations subagent thread leases reserves child lineage once without overwriting a concurrent winner","invocations":1,"location":null,"numPassingAsserts":3,"retryReasons":[],"startAt":1789958744663,"status":"passed","title":"reserves child lineage once without overwriting a concurrent winner"},{"ancestorTitles":["Conversation Operations","subagent thread leases"],"duration":9,"failing":false,"failureDetails":[],"failureMessages":[],"fullName":"Conversation Operations subagent thread leases reads a child only through its exact parent and tenant with the private lease","invocations":1,"location":null,"numPassingAsserts":4,"retryReasons":[],"startAt":1789958746178,"status":"passed","title":"reads a child only through its exact parent and tenant with the private lease"},{"ancestorTitles":["Conversation Operations","subagent thread leases"],"duration":7,"failing":false,"failureDetails":[],"failureMessages":[],"fullName":"Conversation Operations subagent thread leases lists bounded child metadata while collapsing private event bindings to actor identity","invocations":1,"location":null,"numPassingAsserts":5,"retryReasons":[],"startAt":1789958746187,"status":"passed","title":"lists bounded child metadata while collapsing private event bindings to actor identity"},{"ancestorTitles":["Conversation Operations","subagent thread leases"],"duration":6,"failing":false,"failureDetails":[],"failureMessages":[],"fullName":"Conversation Operations subagent thread leases hides retention-expired children before TTL cleanup","invocations":1,"location":null,"numPassingAsserts":2,"retryReasons":[],"startAt":1789958746194,"status":"passed","title":"hides retention-expired children before TTL cleanup"},{"ancestorTitles":["Conversation Operations","subagent thread leases"],"duration":8,"failing":false,"failureDetails":[],"failureMessages":[],"fullName":"Conversation Operations subagent thread leases keeps an older child with a live lease inside the bounded parent index","invocations":1,"location":null,"numPassingAsserts":1,"retryReasons":[],"startAt":1789958746200,"status":"passed","title":"keeps an older child with a live lease inside the bounded parent index"},{"ancestorTitles":["Conversation Operations","subagent thread leases"],"duration":9,"failing":false,"failureDetails":[],"failureMessages":[],"fullName":"Conversation Operations subagent thread leases resolves an event binding only through its owner, tenant, and API key","invocations":1,"location":null,"numPassingAsserts":5,"retryReasons":[],"startAt":1789958746208,"status":"passed","title":"resolves an event binding only through its owner, tenant, and API key"},{"ancestorTitles":["Conversation Operations","subagent thread leases"],"duration":40,"failing":false,"failureDetails":[],"failureMessages":[],"fullName":"Conversation Operations subagent thread leases serializes owned suspension ownership through claim, re-pause, and resumed commit","invocations":1,"location":null,"numPassingAsserts":23,"retryReasons":[],"startAt":1789958746217,"status":"passed","title":"serializes owned suspension ownership through claim, re-pause, and resumed commit"},{"ancestorTitles":["Conversation Operations","subagent thread leases"],"duration":32,"failing":false,"failureDetails":[],"failureMessages":[],"fullName":"Conversation Operations subagent thread leases serializes legacy suspension ownership through claim, re-pause, and resumed commit","invocations":1,"location":null,"numPassingAsserts":23,"retryReasons":[],"startAt":1789958746257,"status":"passed","title":"serializes legacy suspension ownership through claim, re-pause, and resumed commit"},{"ancestorTitles":["Conversation Operations","subagent thread leases"],"duration":20,"failing":false,"failureDetails":[],"failureMessages":[],"fullName":"Conversation Operations subagent thread leases closes a resumed suspension when the actor-head commit is stale","invocations":1,"location":null,"numPassingAsserts":5,"retryReasons":[],"startAt":1789958746289,"status":"passed","title":"closes a resumed suspension when the actor-head commit is stale"},{"ancestorTitles":["Conversation Operations","subagent thread leases"],"duration":80,"failing":false,"failureDetails":[],"failureMessages":[],"fullName":"Conversation Operations subagent thread leases commits event actor heads with full checkpoint C
[...]
nantId to the document"},{"ancestorTitles":["Message Operations","tenantId stripping"],"duration":5,"failing":false,"failureDetails":[],"failureMessages":[],"fullName":"Message Operations tenantId stripping updateMessage should not write caller-supplied tenantId to the document","invocations":1,"location":null,"numPassingAsserts":3,"retryReasons":[],"startAt":1789958754259,"status":"passed","title":"updateMessage should not write caller-supplied tenantId to the document"},{"ancestorTitles":["Message Operations","recordSubagentTaskControlReceipt"],"duration":12,"failing":false,"failureDetails":[],"failureMessages":[],"fullName":"Message Operations recordSubagentTaskControlReceipt advances one invocation monotonically and enforces ownership","invocations":1,"location":null,"numPassingAsserts":9,"retryReasons":[],"startAt":1789958754264,"status":"passed","title":"advances one invocation monotonically and enforces ownership"},{"ancestorTitles":["Message Operations","recordSubagentTaskControlReceipt"],"duration":6,"failing":false,"failureDetails":[],"failureMessages":[],"fullName":"Message Operations recordSubagentTaskControlReceipt updates only the authorized tenant when message identities collide","invocations":1,"location":null,"numPassingAsserts":3,"retryReasons":[],"startAt":1789958754276,"status":"passed","title":"updates only the authorized tenant when message identities collide"},{"ancestorTitles":["Message Operations","recordSubagentTaskControlReceipt"],"duration":17,"failing":false,"failureDetails":[],"failureMessages":[],"fullName":"Message Operations recordSubagentTaskControlReceipt reads an exact authorized receipt and persists a new terminal rejection","invocations":1,"location":null,"numPassingAsserts":6,"retryReasons":[],"startAt":1789958754282,"status":"passed","title":"reads an exact authorized receipt and persists a new terminal rejection"},{"ancestorTitles":["Message Operations","recordSubagentTaskControlReceipt"],"duration":8,"failing":false,"failureDetails":[],"failureMessages":[],"fullName":"Message Operations recordSubagentTaskControlReceipt replays an applied cancellation as cancelled before its terminal row exists","invocations":1,"location":null,"numPassingAsserts":2,"retryReasons":[],"startAt":1789958754299,"status":"passed","title":"replays an applied cancellation as cancelled before its terminal row exists"},{"ancestorTitles":["Message Operations","recordSubagentTaskControlReceipt"],"duration":10,"failing":false,"failureDetails":[],"failureMessages":[],"fullName":"Message Operations recordSubagentTaskControlReceipt reports every accepted control when replaying one durable invocation","invocations":1,"location":null,"numPassingAsserts":3,"retryReasons":[],"startAt":1789958754307,"status":"passed","title":"reports every accepted control when replaying one durable invocation"},{"ancestorTitles":["Message Operations","recordSubagentTaskControlReceipt"],"duration":6,"failing":false,"failureDetails":[],"failureMessages":[],"fullName":"Message Operations recordSubagentTaskControlReceipt rejects an invocation fingerprint conflict without reporting persistence","invocations":1,"location":null,"numPassingAsserts":2,"retryReasons":[],"startAt":1789958754317,"status":"passed","title":"rejects an invocation fingerprint conflict without reporting persistence"},{"ancestorTitles":["Message Operations","recordSubagentTaskControlReceipt"],"duration":810,"failing":false,"failureDetails":[],"failureMessages":[],"fullName":"Message Operations recordSubagentTaskControlReceipt retains concurrent receipts without requiring an aggregation-pipeline update","invocations":1,"location":null,"numPassingAsserts":1,"retryReasons":[],"startAt":1789958754323,"status":"passed","title":"retains concurrent receipts without requiring an aggregation-pipeline update"},{"ancestorTitles":["Message Operations","recordSubagentTaskControlReceipt"],"duration":357,"failing":false,"failureDetails":[],"failureMessages":[],"fullName":"Message Operations recordSubagentTaskControlReceipt retains accepted commands while bounding terminal receipt history","invocations":1,"location":null,"numPassingAsserts":7,"retryReasons":[],"startAt":1789958755133,"status":"passed","title":"retains accepted commands while bounding terminal receipt history"},{"ancestorTitles":["Message Operations","recordSubagentTaskControlReceipt"],"duration":278,"failing":false,"failureDetails":[],"failureMessages":[],"fullName":"Message Operations recordSubagentTaskControlReceipt refuses to evict active receipt fences at durable capacity","invocations":1,"location":null,"numPassingAsserts":11,"retryReasons":[],"startAt":1789958755490,"status":"passed","title":"refuses to evict active receipt fences at durable capacity"},{"ancestorTitles":["Message Operations","claimSubagentTaskResult"],"duration":7,"failing":false,"failureDetails":[],"failureMessages":[],"fullName":"Message Operations claimSubagentTaskResult hands one terminal result to a single polling invocation","invocations":1,"location":null,"numPassingAsserts":4,"retryReasons":[],"startAt":1789958755768,"status":"passed","title":"hands one terminal result to a single polling invocation"},{"ancestorTitles":["Message Operations","claimSubagentTaskResult"],"duration":12,"failing":false,"failureDetails":[],"failureMessages":[],"fullName":"Message Operations claimSubagentTaskResult elects either a manual poll or one idempotent automatic wakeup","invocations":1,"location":null,"numPassingAsserts":6,"retryReasons":[],"startAt":1789958755775,"status":"passed","title":"elects either a manual poll or one idempotent automatic wakeup"},{"ancestorTitles":["Message Operations","claimSubagentTaskResult"],"duration":6,"failing":false,"failureDetails":[],"failureMessages":[],"fullName":"Message Operations claimSubagentTaskResult preserves and upgrades retries of legacy manual claims without a kind","invocations":1,"location":null,"numPassingAsserts":2,"retryReasons":[],"startAt":1789958755787,"status":"passed","title":"preserves and upgrades retries of legacy manual claims without a kind"},{"ancestorTitles":["Message Operations","claimSubagentTaskResult"],"duration":6,"failing":false,"failureDetails":[],"failureMessages":[],"fullName":"Message Operations claimSubagentTaskResult releases only the exact rejected wakeup so manual collection can take over","invocations":1,"location":null,"numPassingAsserts":4,"retryReasons":[],"startAt":1789958755793,"status":"passed","title":"releases only the exact rejected wakeup so manual collection can take over"},{"ancestorTitles":["Message Operations","claimSubagentTaskResult"],"duration":6,"failing":false,"failureDetails":[],"failureMessages":[],"fullName":"Message Operations claimSubagentTaskResult reports a result that is missing or still running as not found","invocations":1,"location":null,"numPassingAsserts":2,"retryReasons":[],"startAt":1789958755799,"status":"passed","title":"reports a result that is missing or still running as not found"},{"ancestorTitles":["Message Operations","claimSubagentTaskResult"],"duration":4,"failing":false,"failureDetails":[],"failureMessages":[],"fullName":"Message Operations claimSubagentTaskResult never hands one owner’s result to another user","invocations":1,"location":null,"numPassingAsserts":1,"retryReasons":[],"startAt":1789958755805,"status":"passed","title":"never hands one owner’s result to another user"}],"endTime":1789958756198,"message":"","name":"/Users/oubiwann/lab/billosys/LibreChat/packages/data-schemas/src/methods/message.spec.ts","startTime":1789958747433,"status":"passed","summary":""},{"assertionResults":[{"ancestorTitles":["getConversationTraceRefs"],"duration":728,"failing":false,"failureDetails":[],"failureMessages":[],"fullName":"getConversationTraceRefs returns the first message time and sampled responses oldest first","invocations":1,"location":null,"numPassingAsserts":1,"retryReasons":[],"startAt":1789958756806,"status":"passed","title":"returns the first message time and sampled responses oldest first"},{"ancestorTitles":["getConversationTraceRefs"],"duration":274,"failing":false,"failureDetails":[],"failureMessages":[],"fullName":"getConversationTraceRefs orders responses saved in the same millisecond by id, so every read rebuilds one order","invocations":1,"location":null,"numPassingAsserts":1,"retryReasons":[],"startAt":1789958757534,"status":"passed","title":"orders responses saved in the same millisecond by id, so every read rebuilds one order"},{"ancestorTitles":["getConversationTraceRefs"],"duration":121,"failing":false,"failureDetails":[],"failureMessages":[],"fullName":"getConversationTraceRefs reads a bounded page of sampled responses ending at a position a previous read returned","invocations":1,"location":null,"numPassingAsserts":9,"retryReasons":[],"startAt":1789958757808,"status":"passed","title":"reads a bounded page of sampled responses ending at a position a previous read returned"},{"ancestorTitles":["getConversationTraceRefs"],"duration":240,"failing":false,"failureDetails":[],"failureMessages":[],"fullName":"getConversationTraceRefs never treats a client-authored row as a sampled response","invocations":1,"location":null,"numPassingAsserts":1,"retryReasons":[],"startAt":1789958757929,"status":"passed","title":"never treats a client-authored row as a sampled response"},{"ancestorTitles":["getConversationTraceRefs"],"duration":4,"failing":false,"failureDetails":[],"failureMessages":[],"fullName":"getConversationTraceRefs never returns another user's messages from a conversation with the same id","invocations":1,"location":null,"numPassingAsserts":1,"retryReasons":[],"startAt":1789958758169,"status":"passed","title":"never returns another user's messages from a conversation with the same id"},{"ancestorTitles":["getConversationTraceRefs"],"duration":7,"failing":false,"failureDetails":[],"failureMessages":[],"fullName":"getConversationTraceRefs reads only the active tenant","invocations":1,"location":null,"numPassingAsserts":1,"retryReasons":[],"startAt":1789958758173,"status":"passed","title":"reads only the active tenant"},{"ancestorTitles":["getConversationTraceRefs"],"duration":6,"failing":false,"failureDetails":[],"failureMessages":[],"fullName":"getConversationTraceRefs scopes to the given tenant even without request tenant context","invocations":1,"location":null,"numPassingAsserts":4,"retryReasons":[],"startAt":1789958758180,"status":"passed","title":"scopes to the given tenant even without request tenant context"},{"ancestorTitles":["hasSampledTraceMessage"],"duration":3,"failing":false,"failureDetails":[],"failureMessages":[],"fullName":"hasSampledTraceMessage finds a newer response held by a readable destination after older ones went elsewhere","invocations":1,"location":null,"numPassingAsserts":2,"retryReasons":[],"startAt":1789958758187,"status":"passed","title":"finds a newer response held by a readable destination after older ones went elsewhere"},{"ancestorTitles":["hasSampledTraceMessage"],"duration":2,"failing":false,"failureDetails":[],"failureMessages":[],"fullName":"hasSampledTraceMessage counts a response with no recorded destinations for any destination","invocations":1,"location":null,"numPassingAsserts":1,"retryReasons":[],"startAt":1789958758190,"status":"passed","title":"counts a response with no recorded destinations for any destination"},{"ancestorTitles":["hasSampledTraceMessage"],"duration":2,"failing":false,"failureDetails":[],"failureMessages":[],"fullName":"hasSampledTraceMessage ignores unsampled responses, an empty destination record, other users and client-authored rows","invocations":1,"location":null,"numPassingAsserts":1,"retryReasons":[],"startAt":1789958758192,"status":"passed","title":"ignores unsampled responses, an empty destination record, other users and client-authored rows"}],"endTime":1789958758458,"message":"","name":"/Users/oubiwann/lab/billosys/LibreChat/packages/data-schemas/src/methods/message.traces.spec.ts","startTime":1789958756201,"status":"passed","summary":""},{"assertionResults":[{"ancestorTitles":["Conversation Structure Tests"],"duration":1188,"failing":false,"failureDetails":[],"failureMessages":[],"fullName":"Conversation Structure Tests Tree stays intact when inconsistent timestamps scramble retrieval order","invocations":1,"location":null,"numPassingAsserts":5,"retryReasons":[],"startAt":1789958758984,"status":"passed","title":"Tree stays intact when inconsistent timestamps scramble retrieval order"},{"ancestorTitles":["Conversation Structure Tests"],"duration":8,"failing":false,"failureDetails":[],"failureMessages":[],"fullName":"Conversation Structure Tests Fix: Conversation structure maintained with more than 16 messages","invocations":1,"location":null,"numPassingAsserts":40,"retryReasons":[],"startAt":1789958760172,"status":"passed","title":"Fix: Conversation structure maintained with more than 16 messages"},{"ancestorTitles":["Conversation Structure Tests"],"duration":6,"failing":false,"failureDetails":[],"failureMessages":[],"fullName":"Conversation Structure Tests Tree stays intact under MongoDB ordering churn with close timestamps","invocations":1,"location":null,"numPassingAsserts":40,"retryReasons":[],"startAt":1789958760180,"status":"passed","title":"Tree stays intact under MongoDB ordering churn with close timestamps"},{"ancestorTitles":["Conversation Structure Tests"],"duration":6,"failing":false,"failureDetails":[],"failureMessages":[],"fullName":"Conversation Structure Tests Fix: Preserve order with more than 16 messages by maintaining original timestamps","invocations":1,"location":null,"numPassingAsserts":40,"retryReasons":[],"startAt":1789958760186,"status":"passed","title":"Fix: Preserve order with more than 16 messages by maintaining original timestamps"},{"ancestorTitles":["Conversation Structure Tests"],"duration":6,"failing":false,"failureDetails":[],"failureMessages":[],"fullName":"Conversation Structure Tests Random order dates between parent and children messages","invocations":1,"location":null,"numPassingAsserts":6,"retryReasons":[],"startAt":1789958760192,"status":"passed","title":"Random order dates between parent and children messages"}],"endTime":1789958760511,"message":"","name":"/Users/oubiwann/lab/billosys/LibreChat/packages/data-schemas/src/methods/convoStructure.spec.ts","startTime":1789958758464,"status":"passed","summary":""},{"assertionResults":[{"ancestorTitles":["tenant isolation conformance: mongoose","reads"],"duration":118,"failing":false,"failureDetails":[],"failureMessages":[],"fullName":"tenant isolation conformance: mongoose reads sees only the active tenant","invocations":1,"location":null,"numPassingAsserts":1,"retryReasons":[],"startAt":1789958761009,"status":"passed","title":"sees only the active tenant"},{"ancestorTitles":["tenant isolation conformance: mongoose","reads"],"duration":5,"failing":false,"failureDetails":[],"failureMessages":[],"fullName":"tenant isolation conformance: mongoose reads counts only the active tenant","invocations":1,"location":null,"numPassingAsserts":1,"retryReasons":[],"startAt":1789958761127,"status":"passed","title":"counts only the active tenant"},{"ancestorTitles":["tenant isolation conformance: mongoose","reads"],"duration":3,"failing":false,"failureDetails":[],"failureMessages":[],"fullName":"tenant isolation conformance: mongoose reads sees every tenant under the system sentinel","invocations":1,"location":null,"numPassingAsserts":1,"retryReasons":[],"startAt":1789958761132,"status":"passed","title":"sees every tenant under the system sentinel"},{"ancestorTitles":["tenant isolation conformance: mongoose","reads"],"duration":4,"failing":false,"failureDetails":[],"failureMessages":[],"fullName":"tenant isolation conformance: mongoose reads sees every tenant with no context, for pre-tenancy deployments","invocations":1,"location":null,"numPassingAsserts":1,"retryReasons":[],"startAt":1789958761135,"status":"passed","title":"sees every tenant with no context, for pre-tenancy deployments"},{"ancestorTitles":["tenant isolation conformance: mongoose","writes"],"duration":3,"failing":false,"failureDetails":[],"failureMessages":[],"fullName":"tenant isolation conformance: mongoose writes stamps the active tenant onto an insert","invocations":1,"location":null,"numPassingAsserts":1,"retryReasons":[],"startAt":1789958761139,"status":"passed","title":"stamps the active tenant onto an insert"},{"ancestorTitles":["tenant isolation conformance: mongoose","writes"],"duration":9,"failing":false,"failureDetails":[],"failureMessages":[],"fullName":"tenant isolation conformance: mongoose writes refuses a caller-chosen tenant on insert in strict mode","invocations":1,"location":null,"numPassingAsserts":2,"retryReasons":[],"startAt":1789958761142,"status":"passed","title":"refuses a caller-chosen tenant on insert in strict mode"},{"ancestorTitles":["tenant isolation conformance: mongoose","writes"],"duration":1,"failing":false,"failureDetails":[],"failureMessages":[],"fullName":"tenant isolation conformance: mongoose writes tolerates a caller-chosen tenant on insert outside strict mode","invocations":1,"location":null,"numPassingAsserts":1,"retryReasons":[],"startAt":1789958761152,"status":"passed","title":"tolerates a caller-chosen tenant on insert outside strict mode"},{"ancestorTitles":["tenant isolation conformance: mongoose","writes"],"duration":3,"failing":false,"failureDetails":[],"failureMessages":[],"fullName":"tenant isolation conformance: mongoose writes cannot rename another tenant row","invocations":1,"location":null,"numPassingAsserts":1,"retryReasons":[],"startAt":1789958761153,"status":"passed","title":"cannot rename another tenant row"},{"ancestorTitles":["tenant isolation conformance: mongoose","writes"],"duration":2,"failing":false,"failureDetails":[],"failureMessages":[],"fullName":"tenant isolation conformance: mongoose writes cannot delete another tenant row","invocations":1,"location":null,"numPassingAsserts":1,"retryReasons":[],"startAt":1789958761156,"status":"passed","title":"cannot delete another tenant row"},{"ancestorTitles":["tenant isolation conformance: mongoose","writes"],"duration":7,"failing":false,"failureDetails":[],"failureMessages":[],"fullName":"tenant isolation conformance: mongoose writes refuses an update that reassigns the tenant","invocations":1,"location":null,"numPassingAsserts":2,"retryReasons":[],"startAt":1789958761158,"status":"passed","title":"refuses an update that reassigns the tenant"},{"ancestorTitles":["tenant isolation conformance: mongoose","strict mode"],"duration":1,"failing":false,"failureDetails":[],"failureMessages":[],"fullName":"tenant isolation conformance: mongoose strict mode refuses a read with no tenant context","invocations":1,"location":null,"numPassingAsserts":1,"retryReasons":[],"startAt":1789958761165,"status":"passed","title":"refuses a read with no tenant context"},{"ancestorTitles":["tenant isolation conformance: mongoose","strict mode"],"duration":1,"failing":false,"failureDetails":[],"failureMessages":[],"fullName":"tenant isolation conformance: mongoose strict mode refuses a write with no tenant context","invocations":1,"location":null,"numPassingAsserts":1,"retryReasons":[],"startAt":1789958761166,"status":"passed","title":"refuses a write with no tenant context"},{"ancestorTitles":["tenant isolation conformance: mongoose","strict mode"],"duration":1,"failing":false,"failureDetails":[],"failureMessages":[],"fullName":"tenant isolation conformance: mongoose strict mode still allows the system sentinel through","invocations":1,"location":null,"numPassingAsserts":1,"retryReasons":[],"startAt":1789958761167,"status":"passed","title":"still allows the system sentinel through"}],"endTime":1789958761342,"message":"","name":"/Users/oubiwann/lab/billosys/LibreChat/packages/data-schemas/src/tenant/conformance.mongoose.spec.ts","startTime":1789958760522,"status":"passed","summary":""}],"wasInterrupted":false}
