{"numFailedTestSuites":0,"numFailedTests":0,"numPassedTestSuites":1,"numPassedTests":9,"numPendingTestSuites":0,"numPendingTests":0,"numRuntimeErrorTestSuites":0,"numTodoTests":0,"numTotalTestSuites":1,"numTotalTests":9,"openHandles":[],"snapshot":{"added":0,"didUpdate":false,"failure":false,"filesAdded":0,"filesRemoved":0,"filesRemovedList":[],"filesUnmatched":0,"filesUpdated":0,"matched":0,"total":0,"unchecked":0,"uncheckedKeysByFile":[],"unmatched":0,"updated":0},"startTime":1789958788335,"success":true,"testResults":[{"assertionResults":[{"ancestorTitles":["seedTurnConversation"],"duration":963,"failing":false,"failureDetails":[],"failureMessages":[],"fullName":"seedTurnConversation creates the row a deferred first message has not written yet","invocations":1,"location":null,"numPassingAsserts":4,"retryReasons":[],"startAt":1789958789930,"status":"passed","title":"creates the row a deferred first message has not written yet"},{"ancestorTitles":["seedTurnConversation"],"duration":215,"failing":false,"failureDetails":[],"failureMessages":[],"fullName":"seedTurnConversation lets the deferred message save reuse the seeded row and append its message","invocations":1,"location":null,"numPassingAsserts":4,"retryReasons":[],"startAt":1789958790893,"status":"passed","title":"lets the deferred message save reuse the seeded row and append its message"},{"ancestorTitles":["seedTurnConversation"],"duration":8,"failing":false,"failureDetails":[],"failureMessages":[],"fullName":"seedTurnConversation leaves an existing conversation to the message save","invocations":1,"location":null,"numPassingAsserts":3,"retryReasons":[],"startAt":1789958791109,"status":"passed","title":"leaves an existing conversation to the message save"},{"ancestorTitles":["seedTurnConversation"],"duration":4,"failing":false,"failureDetails":[],"failureMessages":[],"fullName":"seedTurnConversation never creates a subagent thread row, which only its parent run may create","invocations":1,"location":null,"numPassingAsserts":1,"retryReasons":[],"startAt":1789958791117,"status":"passed","title":"never creates a subagent thread row, which only its parent run may create"},{"ancestorTitles":["seedTurnConversation"],"duration":5,"failing":false,"failureDetails":[],"failureMessages":[],"fullName":"seedTurnConversation stamps a temporary chat with its retention","invocations":1,"location":null,"numPassingAsserts":2,"retryReasons":[],"startAt":1789958791122,"status":"passed","title":"stamps a temporary chat with its retention"},{"ancestorTitles":["seedTurnConversation"],"duration":7,"failing":false,"failureDetails":[],"failureMessages":[],"fullName":"seedTurnConversation settles instead of rejecting when the lookup fails, so the message still saves","invocations":1,"location":null,"numPassingAsserts":1,"retryReasons":[],"startAt":1789958791127,"status":"passed","title":"settles instead of rejecting when the lookup fails, so the message still saves"},{"ancestorTitles":["seedTurnConversation"],"duration":1,"failing":false,"failureDetails":[],"failureMessages":[],"fullName":"seedTurnConversation does nothing for a request without a user","invocations":1,"location":null,"numPassingAsserts":1,"retryReasons":[],"startAt":1789958791134,"status":"passed","title":"does nothing for a request without a user"},{"ancestorTitles":["runAfterSeed"],"duration":1,"failing":false,"failureDetails":[],"failureMessages":[],"fullName":"runAfterSeed holds the write while the seed is in flight","invocations":1,"location":null,"numPassingAsserts":3,"retryReasons":[],"startAt":1789958791136,"status":"passed","title":"holds the write while the seed is in flight"},{"ancestorTitles":["runAfterSeed"],"duration":1,"failing":false,"failureDetails":[],"failureMessages":[],"fullName":"runAfterSeed starts the write synchronously once the seed has landed","invocations":1,"location":null,"numPassingAsserts":1,"retryReasons":[],"startAt":1789958791137,"status":"passed","title":"starts the write synchronously once the seed has landed"}],"endTime":1789958791436,"message":"","name":"/Users/oubiwann/lab/billosys/LibreChat/packages/api/src/conversations/save.spec.ts","startTime":1789958788364,"status":"passed","summary":""}],"wasInterrupted":false}
